2025-11-06 18:22:56,134 Namespace(out_dir='out', frequent=10, eval_interval=1, gpu=False, num_workers=4)
2025-11-06 18:22:56,495 => load 200 samples
2025-11-06 18:22:56,496 => load 200 samples
2025-11-06 18:22:57,402 Epoch: [0][0/200]	Time 0.906s (0.906s)	Speed 35.3 samples/s	Data 0.632s (0.632s)	Loss 2.53727 (2.53727)
2025-11-06 18:22:59,671 Epoch: [0][10/200]	Time 0.229s (0.289s)	Speed 139.7 samples/s	Data 0.000s (0.058s)	Loss 2.07707 (2.27435)
2025-11-06 18:23:02,011 Epoch: [0][20/200]	Time 0.228s (0.263s)	Speed 140.3 samples/s	Data 0.000s (0.030s)	Loss 1.78968 (2.10309)
2025-11-06 18:23:04,398 Epoch: [0][30/200]	Time 0.229s (0.255s)	Speed 139.6 samples/s	Data 0.000s (0.021s)	Loss 1.54592 (1.95674)
2025-11-06 18:23:06,748 Epoch: [0][40/200]	Time 0.234s (0.250s)	Speed 136.6 samples/s	Data 0.000s (0.016s)	Loss 1.32440 (1.82612)
2025-11-06 18:23:09,148 Epoch: [0][50/200]	Time 0.234s (0.248s)	Speed 136.9 samples/s	Data 0.000s (0.013s)	Loss 1.13710 (1.70786)
2025-11-06 18:23:11,463 Epoch: [0][60/200]	Time 0.227s (0.245s)	Speed 140.9 samples/s	Data 0.000s (0.011s)	Loss 0.96527 (1.59827)
2025-11-06 18:23:13,816 Epoch: [0][70/200]	Time 0.251s (0.244s)	Speed 127.7 samples/s	Data 0.000s (0.009s)	Loss 0.82052 (1.49796)
2025-11-06 18:23:16,149 Epoch: [0][80/200]	Time 0.230s (0.243s)	Speed 138.9 samples/s	Data 0.000s (0.008s)	Loss 0.69670 (1.40555)
2025-11-06 18:23:18,498 Epoch: [0][90/200]	Time 0.231s (0.242s)	Speed 138.6 samples/s	Data 0.000s (0.007s)	Loss 0.61417 (1.32201)
2025-11-06 18:23:20,858 Epoch: [0][100/200]	Time 0.228s (0.241s)	Speed 140.6 samples/s	Data 0.000s (0.007s)	Loss 0.51924 (1.24642)
2025-11-06 18:23:23,196 Epoch: [0][110/200]	Time 0.232s (0.241s)	Speed 138.0 samples/s	Data 0.000s (0.006s)	Loss 0.44948 (1.17808)
2025-11-06 18:23:25,581 Epoch: [0][120/200]	Time 0.233s (0.240s)	Speed 137.0 samples/s	Data 0.000s (0.006s)	Loss 0.39546 (1.11646)
2025-11-06 18:23:27,929 Epoch: [0][130/200]	Time 0.235s (0.240s)	Speed 136.0 samples/s	Data 0.000s (0.005s)	Loss 0.37655 (1.06028)
2025-11-06 18:23:30,314 Epoch: [0][140/200]	Time 0.246s (0.240s)	Speed 130.0 samples/s	Data 0.000s (0.005s)	Loss 0.33370 (1.00999)
2025-11-06 18:23:32,716 Epoch: [0][150/200]	Time 0.238s (0.240s)	Speed 134.2 samples/s	Data 0.000s (0.005s)	Loss 0.30871 (0.96374)
2025-11-06 18:23:35,061 Epoch: [0][160/200]	Time 0.235s (0.240s)	Speed 136.3 samples/s	Data 0.000s (0.004s)	Loss 0.28840 (0.92192)
2025-11-06 18:23:37,442 Epoch: [0][170/200]	Time 0.238s (0.239s)	Speed 134.6 samples/s	Data 0.000s (0.004s)	Loss 0.27492 (0.88377)
2025-11-06 18:23:39,836 Epoch: [0][180/200]	Time 0.237s (0.239s)	Speed 135.2 samples/s	Data 0.000s (0.004s)	Loss 0.24527 (0.84904)
2025-11-06 18:23:42,183 Epoch: [0][190/200]	Time 0.233s (0.239s)	Speed 137.1 samples/s	Data 0.000s (0.004s)	Loss 0.21957 (0.81666)
2025-11-06 18:24:05,013 Test: [0/200]	Time 0.732 (0.732)	Loss 0.4630 (0.4630)
2025-11-06 18:24:05,197 Test: [10/200]	Time 0.014 (0.083)	Loss 0.1625 (0.3789)
2025-11-06 18:24:05,358 Test: [20/200]	Time 0.015 (0.051)	Loss 0.2855 (0.3907)
2025-11-06 18:24:05,520 Test: [30/200]	Time 0.015 (0.040)	Loss 0.5583 (0.3969)
2025-11-06 18:24:05,675 Test: [40/200]	Time 0.013 (0.034)	Loss 0.4100 (0.4122)
2025-11-06 18:24:05,839 Test: [50/200]	Time 0.018 (0.031)	Loss 0.4950 (0.4164)
2025-11-06 18:24:06,001 Test: [60/200]	Time 0.015 (0.028)	Loss 0.4872 (0.4173)
2025-11-06 18:24:06,161 Test: [70/200]	Time 0.018 (0.026)	Loss 0.4042 (0.4164)
2025-11-06 18:24:06,318 Test: [80/200]	Time 0.016 (0.025)	Loss 0.5013 (0.4111)
2025-11-06 18:24:06,476 Test: [90/200]	Time 0.015 (0.024)	Loss 0.4991 (0.4148)
2025-11-06 18:24:06,635 Test: [100/200]	Time 0.015 (0.023)	Loss 0.5204 (0.4135)
2025-11-06 18:24:06,795 Test: [110/200]	Time 0.014 (0.023)	Loss 0.4951 (0.4150)
2025-11-06 18:24:06,951 Test: [120/200]	Time 0.015 (0.022)	Loss 0.4784 (0.4123)
2025-11-06 18:24:07,114 Test: [130/200]	Time 0.015 (0.022)	Loss 0.3971 (0.4166)
2025-11-06 18:24:07,273 Test: [140/200]	Time 0.016 (0.021)	Loss 0.3743 (0.4154)
2025-11-06 18:24:07,428 Test: [150/200]	Time 0.015 (0.021)	Loss 0.4563 (0.4141)
2025-11-06 18:24:07,585 Test: [160/200]	Time 0.015 (0.021)	Loss 0.4313 (0.4138)
2025-11-06 18:24:07,742 Test: [170/200]	Time 0.015 (0.020)	Loss 0.3118 (0.4114)
2025-11-06 18:24:07,905 Test: [180/200]	Time 0.015 (0.020)	Loss 0.3341 (0.4091)
2025-11-06 18:24:08,059 Test: [190/200]	Time 0.015 (0.020)	Loss 0.3634 (0.4103)
2025-11-06 18:24:13,478 Mean IoU score: 0.169
2025-11-06 18:24:13,479 => saving checkpoint to out
2025-11-06 18:24:14,496 Epoch: [1][0/200]	Time 0.998s (0.998s)	Speed 32.1 samples/s	Data 0.748s (0.748s)	Loss 0.21215 (0.21215)
2025-11-06 18:24:16,812 Epoch: [1][10/200]	Time 0.235s (0.301s)	Speed 136.4 samples/s	Data 0.000s (0.068s)	Loss 0.21130 (0.21980)
2025-11-06 18:24:19,165 Epoch: [1][20/200]	Time 0.255s (0.270s)	Speed 125.6 samples/s	Data 0.000s (0.036s)	Loss 0.26516 (0.21590)
2025-11-06 18:24:21,585 Epoch: [1][30/200]	Time 0.239s (0.261s)	Speed 133.8 samples/s	Data 0.000s (0.024s)	Loss 0.17795 (0.21234)
2025-11-06 18:24:23,921 Epoch: [1][40/200]	Time 0.235s (0.254s)	Speed 136.1 samples/s	Data 0.000s (0.019s)	Loss 0.19048 (0.20692)
2025-11-06 18:24:26,372 Epoch: [1][50/200]	Time 0.249s (0.252s)	Speed 128.3 samples/s	Data 0.000s (0.015s)	Loss 0.16478 (0.20278)
2025-11-06 18:24:28,760 Epoch: [1][60/200]	Time 0.251s (0.250s)	Speed 127.7 samples/s	Data 0.000s (0.013s)	Loss 0.17713 (0.19892)
2025-11-06 18:24:31,138 Epoch: [1][70/200]	Time 0.237s (0.248s)	Speed 134.8 samples/s	Data 0.000s (0.011s)	Loss 0.16929 (0.19473)
2025-11-06 18:24:33,512 Epoch: [1][80/200]	Time 0.233s (0.247s)	Speed 137.3 samples/s	Data 0.000s (0.010s)	Loss 0.13458 (0.19015)
2025-11-06 18:24:35,847 Epoch: [1][90/200]	Time 0.233s (0.246s)	Speed 137.3 samples/s	Data 0.000s (0.009s)	Loss 0.15124 (0.18567)
2025-11-06 18:24:38,186 Epoch: [1][100/200]	Time 0.234s (0.244s)	Speed 136.5 samples/s	Data 0.000s (0.008s)	Loss 0.14299 (0.18299)
2025-11-06 18:24:40,521 Epoch: [1][110/200]	Time 0.231s (0.243s)	Speed 138.7 samples/s	Data 0.000s (0.007s)	Loss 0.13542 (0.17990)
2025-11-06 18:24:42,862 Epoch: [1][120/200]	Time 0.232s (0.243s)	Speed 138.1 samples/s	Data 0.000s (0.007s)	Loss 0.12051 (0.17600)
2025-11-06 18:24:45,201 Epoch: [1][130/200]	Time 0.235s (0.242s)	Speed 136.3 samples/s	Data 0.000s (0.006s)	Loss 0.11841 (0.17237)
2025-11-06 18:24:47,556 Epoch: [1][140/200]	Time 0.234s (0.242s)	Speed 137.0 samples/s	Data 0.000s (0.006s)	Loss 0.14964 (0.16919)
2025-11-06 18:24:49,896 Epoch: [1][150/200]	Time 0.231s (0.241s)	Speed 138.8 samples/s	Data 0.000s (0.005s)	Loss 0.10641 (0.16582)
2025-11-06 18:24:52,255 Epoch: [1][160/200]	Time 0.233s (0.241s)	Speed 137.5 samples/s	Data 0.000s (0.005s)	Loss 0.12108 (0.16284)
2025-11-06 18:24:54,600 Epoch: [1][170/200]	Time 0.234s (0.240s)	Speed 136.6 samples/s	Data 0.000s (0.005s)	Loss 0.10444 (0.15993)
2025-11-06 18:24:57,011 Epoch: [1][180/200]	Time 0.238s (0.240s)	Speed 134.6 samples/s	Data 0.000s (0.004s)	Loss 0.11949 (0.15729)
2025-11-06 18:24:59,404 Epoch: [1][190/200]	Time 0.244s (0.240s)	Speed 131.3 samples/s	Data 0.000s (0.004s)	Loss 0.10936 (0.15476)
2025-11-06 18:25:22,402 Test: [0/200]	Time 0.785 (0.785)	Loss 0.2752 (0.2752)
2025-11-06 18:25:22,557 Test: [10/200]	Time 0.013 (0.085)	Loss 0.0744 (0.2057)
2025-11-06 18:25:22,724 Test: [20/200]	Time 0.017 (0.053)	Loss 0.1578 (0.2127)
2025-11-06 18:25:22,894 Test: [30/200]	Time 0.016 (0.041)	Loss 0.2941 (0.2199)
2025-11-06 18:25:23,062 Test: [40/200]	Time 0.015 (0.035)	Loss 0.2199 (0.2298)
2025-11-06 18:25:23,231 Test: [50/200]	Time 0.018 (0.032)	Loss 0.2893 (0.2300)
2025-11-06 18:25:23,395 Test: [60/200]	Time 0.017 (0.029)	Loss 0.2719 (0.2320)
2025-11-06 18:25:23,550 Test: [70/200]	Time 0.015 (0.027)	Loss 0.2075 (0.2310)
2025-11-06 18:25:23,713 Test: [80/200]	Time 0.017 (0.026)	Loss 0.3066 (0.2280)
2025-11-06 18:25:23,873 Test: [90/200]	Time 0.016 (0.025)	Loss 0.2918 (0.2304)
2025-11-06 18:25:24,044 Test: [100/200]	Time 0.019 (0.024)	Loss 0.2964 (0.2298)
2025-11-06 18:25:24,211 Test: [110/200]	Time 0.016 (0.023)	Loss 0.3029 (0.2309)
2025-11-06 18:25:24,387 Test: [120/200]	Time 0.014 (0.023)	Loss 0.2818 (0.2287)
2025-11-06 18:25:24,548 Test: [130/200]	Time 0.019 (0.022)	Loss 0.1983 (0.2314)
2025-11-06 18:25:24,717 Test: [140/200]	Time 0.016 (0.022)	Loss 0.2207 (0.2309)
2025-11-06 18:25:24,884 Test: [150/200]	Time 0.016 (0.022)	Loss 0.2308 (0.2293)
2025-11-06 18:25:25,044 Test: [160/200]	Time 0.016 (0.021)	Loss 0.2676 (0.2292)
2025-11-06 18:25:25,208 Test: [170/200]	Time 0.016 (0.021)	Loss 0.1795 (0.2273)
2025-11-06 18:25:25,366 Test: [180/200]	Time 0.016 (0.021)	Loss 0.2007 (0.2258)
2025-11-06 18:25:25,529 Test: [190/200]	Time 0.015 (0.020)	Loss 0.1636 (0.2265)
2025-11-06 18:25:30,956 Mean IoU score: 0.507
2025-11-06 18:25:30,957 => saving checkpoint to out
2025-11-06 18:25:31,987 Epoch: [2][0/200]	Time 1.016s (1.016s)	Speed 31.5 samples/s	Data 0.769s (0.769s)	Loss 0.08891 (0.08891)
2025-11-06 18:25:34,298 Epoch: [2][10/200]	Time 0.228s (0.302s)	Speed 140.4 samples/s	Data 0.001s (0.070s)	Loss 0.10029 (0.09865)
2025-11-06 18:25:36,588 Epoch: [2][20/200]	Time 0.232s (0.267s)	Speed 137.9 samples/s	Data 0.000s (0.037s)	Loss 0.09467 (0.09417)
2025-11-06 18:25:38,900 Epoch: [2][30/200]	Time 0.231s (0.256s)	Speed 138.2 samples/s	Data 0.000s (0.025s)	Loss 0.07966 (0.08994)
2025-11-06 18:25:41,208 Epoch: [2][40/200]	Time 0.228s (0.250s)	Speed 140.1 samples/s	Data 0.000s (0.019s)	Loss 0.07892 (0.08861)
2025-11-06 18:25:43,528 Epoch: [2][50/200]	Time 0.238s (0.246s)	Speed 134.6 samples/s	Data 0.000s (0.015s)	Loss 0.06843 (0.08648)
2025-11-06 18:25:45,836 Epoch: [2][60/200]	Time 0.228s (0.244s)	Speed 140.6 samples/s	Data 0.000s (0.013s)	Loss 0.06900 (0.08469)
2025-11-06 18:25:48,143 Epoch: [2][70/200]	Time 0.232s (0.242s)	Speed 137.7 samples/s	Data 0.000s (0.011s)	Loss 0.07611 (0.08259)
2025-11-06 18:25:50,469 Epoch: [2][80/200]	Time 0.237s (0.241s)	Speed 134.7 samples/s	Data 0.000s (0.010s)	Loss 0.06818 (0.08092)
2025-11-06 18:25:52,844 Epoch: [2][90/200]	Time 0.236s (0.240s)	Speed 135.9 samples/s	Data 0.000s (0.009s)	Loss 0.05832 (0.07934)
2025-11-06 18:25:55,172 Epoch: [2][100/200]	Time 0.232s (0.240s)	Speed 138.0 samples/s	Data 0.000s (0.008s)	Loss 0.07307 (0.07768)
2025-11-06 18:25:57,493 Epoch: [2][110/200]	Time 0.228s (0.239s)	Speed 140.1 samples/s	Data 0.000s (0.007s)	Loss 0.05926 (0.07698)
2025-11-06 18:25:59,830 Epoch: [2][120/200]	Time 0.232s (0.239s)	Speed 138.0 samples/s	Data 0.000s (0.007s)	Loss 0.06932 (0.07563)
2025-11-06 18:26:02,165 Epoch: [2][130/200]	Time 0.232s (0.238s)	Speed 138.2 samples/s	Data 0.000s (0.006s)	Loss 0.06304 (0.07437)
2025-11-06 18:26:04,490 Epoch: [2][140/200]	Time 0.231s (0.238s)	Speed 138.5 samples/s	Data 0.000s (0.006s)	Loss 0.06038 (0.07328)
2025-11-06 18:26:06,834 Epoch: [2][150/200]	Time 0.232s (0.238s)	Speed 137.7 samples/s	Data 0.000s (0.005s)	Loss 0.05046 (0.07239)
2025-11-06 18:26:09,185 Epoch: [2][160/200]	Time 0.236s (0.237s)	Speed 135.8 samples/s	Data 0.000s (0.005s)	Loss 0.04470 (0.07112)
2025-11-06 18:26:11,524 Epoch: [2][170/200]	Time 0.233s (0.237s)	Speed 137.4 samples/s	Data 0.000s (0.005s)	Loss 0.05444 (0.06992)
2025-11-06 18:26:13,865 Epoch: [2][180/200]	Time 0.236s (0.237s)	Speed 135.9 samples/s	Data 0.000s (0.005s)	Loss 0.04757 (0.06866)
2025-11-06 18:26:16,206 Epoch: [2][190/200]	Time 0.234s (0.237s)	Speed 136.9 samples/s	Data 0.000s (0.004s)	Loss 0.05298 (0.06750)
2025-11-06 18:26:39,095 Test: [0/200]	Time 0.757 (0.757)	Loss 0.1369 (0.1369)
2025-11-06 18:26:39,255 Test: [10/200]	Time 0.014 (0.083)	Loss 0.0394 (0.1124)
2025-11-06 18:26:39,410 Test: [20/200]	Time 0.015 (0.051)	Loss 0.0767 (0.1138)
2025-11-06 18:26:39,573 Test: [30/200]	Time 0.018 (0.040)	Loss 0.1694 (0.1197)
2025-11-06 18:26:39,743 Test: [40/200]	Time 0.019 (0.034)	Loss 0.1303 (0.1238)
2025-11-06 18:26:39,913 Test: [50/200]	Time 0.018 (0.031)	Loss 0.1740 (0.1242)
2025-11-06 18:26:40,076 Test: [60/200]	Time 0.015 (0.028)	Loss 0.1412 (0.1273)
2025-11-06 18:26:40,231 Test: [70/200]	Time 0.015 (0.027)	Loss 0.1110 (0.1266)
2025-11-06 18:26:40,400 Test: [80/200]	Time 0.014 (0.025)	Loss 0.1396 (0.1250)
2025-11-06 18:26:40,557 Test: [90/200]	Time 0.016 (0.024)	Loss 0.1653 (0.1265)
2025-11-06 18:26:40,718 Test: [100/200]	Time 0.016 (0.024)	Loss 0.1678 (0.1255)
2025-11-06 18:26:40,875 Test: [110/200]	Time 0.016 (0.023)	Loss 0.1960 (0.1269)
2025-11-06 18:26:41,033 Test: [120/200]	Time 0.015 (0.022)	Loss 0.1435 (0.1252)
2025-11-06 18:26:41,189 Test: [130/200]	Time 0.016 (0.022)	Loss 0.1263 (0.1266)
2025-11-06 18:26:41,356 Test: [140/200]	Time 0.016 (0.021)	Loss 0.1134 (0.1258)
2025-11-06 18:26:41,523 Test: [150/200]	Time 0.017 (0.021)	Loss 0.1369 (0.1248)
2025-11-06 18:26:41,681 Test: [160/200]	Time 0.015 (0.021)	Loss 0.1509 (0.1246)
2025-11-06 18:26:41,838 Test: [170/200]	Time 0.017 (0.020)	Loss 0.1123 (0.1233)
2025-11-06 18:26:41,997 Test: [180/200]	Time 0.014 (0.020)	Loss 0.1187 (0.1223)
2025-11-06 18:26:42,159 Test: [190/200]	Time 0.016 (0.020)	Loss 0.0755 (0.1226)
2025-11-06 18:26:47,578 Mean IoU score: 0.727
2025-11-06 18:26:47,579 => saving checkpoint to out
2025-11-06 18:26:48,554 Epoch: [3][0/200]	Time 0.964s (0.964s)	Speed 33.2 samples/s	Data 0.714s (0.714s)	Loss 0.04111 (0.04111)
2025-11-06 18:26:50,878 Epoch: [3][10/200]	Time 0.233s (0.299s)	Speed 137.5 samples/s	Data 0.000s (0.065s)	Loss 0.04820 (0.04470)
2025-11-06 18:26:53,231 Epoch: [3][20/200]	Time 0.238s (0.269s)	Speed 134.5 samples/s	Data 0.000s (0.034s)	Loss 0.07000 (0.04402)
2025-11-06 18:26:55,566 Epoch: [3][30/200]	Time 0.234s (0.257s)	Speed 136.8 samples/s	Data 0.000s (0.023s)	Loss 0.02848 (0.04338)
2025-11-06 18:26:57,905 Epoch: [3][40/200]	Time 0.234s (0.252s)	Speed 136.6 samples/s	Data 0.000s (0.018s)	Loss 0.03595 (0.04300)
2025-11-06 18:27:00,262 Epoch: [3][50/200]	Time 0.236s (0.248s)	Speed 135.6 samples/s	Data 0.000s (0.014s)	Loss 0.03170 (0.04199)
2025-11-06 18:27:02,585 Epoch: [3][60/200]	Time 0.234s (0.246s)	Speed 136.7 samples/s	Data 0.000s (0.012s)	Loss 0.03580 (0.04096)
2025-11-06 18:27:04,918 Epoch: [3][70/200]	Time 0.237s (0.244s)	Speed 135.2 samples/s	Data 0.000s (0.010s)	Loss 0.04175 (0.04073)
2025-11-06 18:27:07,250 Epoch: [3][80/200]	Time 0.229s (0.243s)	Speed 139.8 samples/s	Data 0.000s (0.009s)	Loss 0.02848 (0.04034)
2025-11-06 18:27:09,583 Epoch: [3][90/200]	Time 0.234s (0.242s)	Speed 136.8 samples/s	Data 0.000s (0.008s)	Loss 0.03495 (0.03991)
2025-11-06 18:27:11,920 Epoch: [3][100/200]	Time 0.234s (0.241s)	Speed 136.7 samples/s	Data 0.000s (0.007s)	Loss 0.03691 (0.03976)
2025-11-06 18:27:14,261 Epoch: [3][110/200]	Time 0.231s (0.240s)	Speed 138.6 samples/s	Data 0.000s (0.007s)	Loss 0.03021 (0.03952)
2025-11-06 18:27:16,605 Epoch: [3][120/200]	Time 0.233s (0.240s)	Speed 137.6 samples/s	Data 0.000s (0.006s)	Loss 0.04429 (0.03940)
2025-11-06 18:27:18,940 Epoch: [3][130/200]	Time 0.233s (0.239s)	Speed 137.2 samples/s	Data 0.000s (0.006s)	Loss 0.03587 (0.03919)
2025-11-06 18:27:21,282 Epoch: [3][140/200]	Time 0.235s (0.239s)	Speed 136.0 samples/s	Data 0.000s (0.005s)	Loss 0.03580 (0.03884)
2025-11-06 18:27:23,620 Epoch: [3][150/200]	Time 0.231s (0.239s)	Speed 138.3 samples/s	Data 0.000s (0.005s)	Loss 0.02476 (0.03860)
2025-11-06 18:27:25,971 Epoch: [3][160/200]	Time 0.236s (0.238s)	Speed 135.4 samples/s	Data 0.000s (0.005s)	Loss 0.03844 (0.03861)
2025-11-06 18:27:28,307 Epoch: [3][170/200]	Time 0.231s (0.238s)	Speed 138.8 samples/s	Data 0.000s (0.005s)	Loss 0.04423 (0.03850)
2025-11-06 18:27:30,651 Epoch: [3][180/200]	Time 0.233s (0.238s)	Speed 137.5 samples/s	Data 0.000s (0.004s)	Loss 0.03821 (0.03824)
2025-11-06 18:27:32,999 Epoch: [3][190/200]	Time 0.235s (0.238s)	Speed 135.9 samples/s	Data 0.000s (0.004s)	Loss 0.02604 (0.03796)
2025-11-06 18:27:55,904 Test: [0/200]	Time 0.786 (0.786)	Loss 0.1326 (0.1326)
2025-11-06 18:27:56,057 Test: [10/200]	Time 0.014 (0.085)	Loss 0.0237 (0.0972)
2025-11-06 18:27:56,222 Test: [20/200]	Time 0.016 (0.053)	Loss 0.0640 (0.1017)
2025-11-06 18:27:56,388 Test: [30/200]	Time 0.017 (0.041)	Loss 0.1644 (0.1112)
2025-11-06 18:27:56,552 Test: [40/200]	Time 0.016 (0.035)	Loss 0.1179 (0.1169)
2025-11-06 18:27:56,716 Test: [50/200]	Time 0.014 (0.031)	Loss 0.2022 (0.1174)
2025-11-06 18:27:56,879 Test: [60/200]	Time 0.013 (0.029)	Loss 0.1298 (0.1199)
2025-11-06 18:27:57,045 Test: [70/200]	Time 0.015 (0.027)	Loss 0.1172 (0.1204)
2025-11-06 18:27:57,214 Test: [80/200]	Time 0.016 (0.026)	Loss 0.1238 (0.1184)
2025-11-06 18:27:57,378 Test: [90/200]	Time 0.015 (0.025)	Loss 0.1254 (0.1194)
2025-11-06 18:27:57,543 Test: [100/200]	Time 0.016 (0.024)	Loss 0.1729 (0.1192)
2025-11-06 18:27:57,704 Test: [110/200]	Time 0.016 (0.023)	Loss 0.1948 (0.1202)
2025-11-06 18:27:57,864 Test: [120/200]	Time 0.013 (0.023)	Loss 0.1172 (0.1195)
2025-11-06 18:27:58,031 Test: [130/200]	Time 0.019 (0.022)	Loss 0.1199 (0.1204)
2025-11-06 18:27:58,194 Test: [140/200]	Time 0.016 (0.022)	Loss 0.1012 (0.1201)
2025-11-06 18:27:58,355 Test: [150/200]	Time 0.014 (0.021)	Loss 0.1286 (0.1193)
2025-11-06 18:27:58,519 Test: [160/200]	Time 0.014 (0.021)	Loss 0.1283 (0.1194)
2025-11-06 18:27:58,677 Test: [170/200]	Time 0.017 (0.021)	Loss 0.0950 (0.1183)
2025-11-06 18:27:58,840 Test: [180/200]	Time 0.017 (0.021)	Loss 0.1087 (0.1176)
2025-11-06 18:27:58,996 Test: [190/200]	Time 0.013 (0.020)	Loss 0.0762 (0.1178)
2025-11-06 18:28:04,420 Mean IoU score: 0.720
2025-11-06 18:28:04,421 => saving checkpoint to out
2025-11-06 18:28:05,304 Epoch: [4][0/200]	Time 0.874s (0.874s)	Speed 36.6 samples/s	Data 0.625s (0.625s)	Loss 0.03706 (0.03706)
2025-11-06 18:28:07,617 Epoch: [4][10/200]	Time 0.229s (0.290s)	Speed 139.9 samples/s	Data 0.000s (0.057s)	Loss 0.02695 (0.03092)
2025-11-06 18:28:09,934 Epoch: [4][20/200]	Time 0.233s (0.262s)	Speed 137.6 samples/s	Data 0.000s (0.030s)	Loss 0.02594 (0.02931)
2025-11-06 18:28:12,257 Epoch: [4][30/200]	Time 0.234s (0.252s)	Speed 136.5 samples/s	Data 0.000s (0.020s)	Loss 0.02662 (0.02909)
2025-11-06 18:28:14,574 Epoch: [4][40/200]	Time 0.231s (0.247s)	Speed 138.4 samples/s	Data 0.000s (0.016s)	Loss 0.02614 (0.02914)
2025-11-06 18:28:16,946 Epoch: [4][50/200]	Time 0.230s (0.245s)	Speed 139.3 samples/s	Data 0.000s (0.013s)	Loss 0.02470 (0.02889)
2025-11-06 18:28:19,286 Epoch: [4][60/200]	Time 0.237s (0.244s)	Speed 135.0 samples/s	Data 0.000s (0.011s)	Loss 0.01933 (0.02822)
2025-11-06 18:28:21,613 Epoch: [4][70/200]	Time 0.229s (0.242s)	Speed 139.5 samples/s	Data 0.000s (0.009s)	Loss 0.02681 (0.02816)
2025-11-06 18:28:23,955 Epoch: [4][80/200]	Time 0.237s (0.241s)	Speed 134.9 samples/s	Data 0.000s (0.008s)	Loss 0.02581 (0.02782)
2025-11-06 18:28:26,299 Epoch: [4][90/200]	Time 0.231s (0.240s)	Speed 138.7 samples/s	Data 0.000s (0.007s)	Loss 0.02479 (0.02738)
2025-11-06 18:28:28,625 Epoch: [4][100/200]	Time 0.232s (0.240s)	Speed 138.0 samples/s	Data 0.000s (0.007s)	Loss 0.02648 (0.02729)
2025-11-06 18:28:30,961 Epoch: [4][110/200]	Time 0.231s (0.239s)	Speed 138.5 samples/s	Data 0.000s (0.006s)	Loss 0.03303 (0.02738)
2025-11-06 18:28:33,297 Epoch: [4][120/200]	Time 0.231s (0.239s)	Speed 138.5 samples/s	Data 0.000s (0.006s)	Loss 0.02725 (0.02723)
2025-11-06 18:28:35,627 Epoch: [4][130/200]	Time 0.232s (0.238s)	Speed 138.0 samples/s	Data 0.000s (0.005s)	Loss 0.02612 (0.02742)
2025-11-06 18:28:37,966 Epoch: [4][140/200]	Time 0.232s (0.238s)	Speed 137.7 samples/s	Data 0.000s (0.005s)	Loss 0.02919 (0.02751)
2025-11-06 18:28:40,326 Epoch: [4][150/200]	Time 0.235s (0.238s)	Speed 136.0 samples/s	Data 0.000s (0.004s)	Loss 0.02440 (0.02750)
2025-11-06 18:28:42,668 Epoch: [4][160/200]	Time 0.231s (0.238s)	Speed 138.2 samples/s	Data 0.000s (0.004s)	Loss 0.02244 (0.02725)
2025-11-06 18:28:45,045 Epoch: [4][170/200]	Time 0.232s (0.238s)	Speed 137.9 samples/s	Data 0.000s (0.004s)	Loss 0.02329 (0.02720)
2025-11-06 18:28:47,401 Epoch: [4][180/200]	Time 0.236s (0.237s)	Speed 135.8 samples/s	Data 0.000s (0.004s)	Loss 0.03522 (0.02715)
2025-11-06 18:28:49,759 Epoch: [4][190/200]	Time 0.235s (0.237s)	Speed 136.2 samples/s	Data 0.000s (0.004s)	Loss 0.02999 (0.02702)
2025-11-06 18:29:12,641 Test: [0/200]	Time 0.764 (0.764)	Loss 0.0871 (0.0871)
2025-11-06 18:29:12,772 Test: [10/200]	Time 0.014 (0.081)	Loss 0.0243 (0.0688)
2025-11-06 18:29:12,926 Test: [20/200]	Time 0.015 (0.050)	Loss 0.0574 (0.0676)
2025-11-06 18:29:13,087 Test: [30/200]	Time 0.016 (0.039)	Loss 0.1069 (0.0732)
2025-11-06 18:29:13,254 Test: [40/200]	Time 0.016 (0.034)	Loss 0.0583 (0.0762)
2025-11-06 18:29:13,421 Test: [50/200]	Time 0.014 (0.030)	Loss 0.1141 (0.0774)
2025-11-06 18:29:13,582 Test: [60/200]	Time 0.018 (0.028)	Loss 0.1001 (0.0791)
2025-11-06 18:29:13,746 Test: [70/200]	Time 0.017 (0.026)	Loss 0.0698 (0.0794)
2025-11-06 18:29:13,915 Test: [80/200]	Time 0.013 (0.025)	Loss 0.0817 (0.0784)
2025-11-06 18:29:14,078 Test: [90/200]	Time 0.016 (0.024)	Loss 0.0973 (0.0789)
2025-11-06 18:29:14,237 Test: [100/200]	Time 0.016 (0.023)	Loss 0.1314 (0.0784)
2025-11-06 18:29:14,394 Test: [110/200]	Time 0.016 (0.023)	Loss 0.1478 (0.0792)
2025-11-06 18:29:14,564 Test: [120/200]	Time 0.016 (0.022)	Loss 0.0973 (0.0780)
2025-11-06 18:29:14,728 Test: [130/200]	Time 0.016 (0.022)	Loss 0.0653 (0.0784)
2025-11-06 18:29:14,895 Test: [140/200]	Time 0.015 (0.021)	Loss 0.0755 (0.0779)
2025-11-06 18:29:15,058 Test: [150/200]	Time 0.015 (0.021)	Loss 0.0680 (0.0770)
2025-11-06 18:29:15,212 Test: [160/200]	Time 0.016 (0.021)	Loss 0.0744 (0.0768)
2025-11-06 18:29:15,375 Test: [170/200]	Time 0.018 (0.020)	Loss 0.0710 (0.0764)
2025-11-06 18:29:15,537 Test: [180/200]	Time 0.015 (0.020)	Loss 0.0630 (0.0757)
2025-11-06 18:29:15,704 Test: [190/200]	Time 0.015 (0.020)	Loss 0.0372 (0.0755)
2025-11-06 18:29:21,142 Mean IoU score: 0.820
2025-11-06 18:29:21,143 => saving checkpoint to out
2025-11-06 18:29:22,172 Epoch: [5][0/200]	Time 1.017s (1.017s)	Speed 31.5 samples/s	Data 0.771s (0.771s)	Loss 0.01822 (0.01822)
2025-11-06 18:29:24,490 Epoch: [5][10/200]	Time 0.232s (0.303s)	Speed 138.0 samples/s	Data 0.000s (0.070s)	Loss 0.01780 (0.02208)
2025-11-06 18:29:26,805 Epoch: [5][20/200]	Time 0.230s (0.269s)	Speed 138.9 samples/s	Data 0.000s (0.037s)	Loss 0.02188 (0.02272)
2025-11-06 18:29:29,107 Epoch: [5][30/200]	Time 0.232s (0.257s)	Speed 137.9 samples/s	Data 0.000s (0.025s)	Loss 0.03130 (0.02286)
2025-11-06 18:29:31,413 Epoch: [5][40/200]	Time 0.230s (0.250s)	Speed 139.2 samples/s	Data 0.000s (0.019s)	Loss 0.02019 (0.02295)
2025-11-06 18:29:33,748 Epoch: [5][50/200]	Time 0.237s (0.247s)	Speed 135.2 samples/s	Data 0.000s (0.015s)	Loss 0.02329 (0.02285)
2025-11-06 18:29:36,068 Epoch: [5][60/200]	Time 0.231s (0.244s)	Speed 138.7 samples/s	Data 0.000s (0.013s)	Loss 0.01695 (0.02242)
2025-11-06 18:29:38,380 Epoch: [5][70/200]	Time 0.232s (0.243s)	Speed 137.9 samples/s	Data 0.000s (0.011s)	Loss 0.01899 (0.02223)
2025-11-06 18:29:40,702 Epoch: [5][80/200]	Time 0.228s (0.241s)	Speed 140.3 samples/s	Data 0.000s (0.010s)	Loss 0.01974 (0.02197)
2025-11-06 18:29:43,040 Epoch: [5][90/200]	Time 0.236s (0.240s)	Speed 135.8 samples/s	Data 0.000s (0.009s)	Loss 0.01500 (0.02188)
2025-11-06 18:29:45,364 Epoch: [5][100/200]	Time 0.229s (0.240s)	Speed 139.5 samples/s	Data 0.000s (0.008s)	Loss 0.02158 (0.02169)
2025-11-06 18:29:47,816 Epoch: [5][110/200]	Time 0.243s (0.240s)	Speed 131.6 samples/s	Data 0.000s (0.007s)	Loss 0.02256 (0.02163)
2025-11-06 18:29:50,149 Epoch: [5][120/200]	Time 0.232s (0.240s)	Speed 137.9 samples/s	Data 0.000s (0.007s)	Loss 0.02017 (0.02147)
2025-11-06 18:29:52,483 Epoch: [5][130/200]	Time 0.235s (0.239s)	Speed 135.9 samples/s	Data 0.000s (0.006s)	Loss 0.02435 (0.02153)
2025-11-06 18:29:54,894 Epoch: [5][140/200]	Time 0.234s (0.239s)	Speed 136.8 samples/s	Data 0.000s (0.006s)	Loss 0.02273 (0.02152)
2025-11-06 18:29:57,232 Epoch: [5][150/200]	Time 0.231s (0.239s)	Speed 138.8 samples/s	Data 0.000s (0.005s)	Loss 0.02355 (0.02146)
2025-11-06 18:29:59,565 Epoch: [5][160/200]	Time 0.234s (0.239s)	Speed 136.5 samples/s	Data 0.000s (0.005s)	Loss 0.02121 (0.02126)
2025-11-06 18:30:01,907 Epoch: [5][170/200]	Time 0.234s (0.238s)	Speed 136.8 samples/s	Data 0.000s (0.005s)	Loss 0.02191 (0.02119)
2025-11-06 18:30:04,259 Epoch: [5][180/200]	Time 0.231s (0.238s)	Speed 138.3 samples/s	Data 0.000s (0.005s)	Loss 0.01945 (0.02120)
2025-11-06 18:30:06,614 Epoch: [5][190/200]	Time 0.234s (0.238s)	Speed 136.7 samples/s	Data 0.000s (0.004s)	Loss 0.01739 (0.02118)
2025-11-06 18:30:29,563 Test: [0/200]	Time 0.809 (0.809)	Loss 0.1125 (0.1125)
2025-11-06 18:30:29,720 Test: [10/200]	Time 0.014 (0.088)	Loss 0.0264 (0.0771)
2025-11-06 18:30:29,885 Test: [20/200]	Time 0.016 (0.054)	Loss 0.0526 (0.0748)
2025-11-06 18:30:30,052 Test: [30/200]	Time 0.016 (0.042)	Loss 0.1337 (0.0822)
2025-11-06 18:30:30,224 Test: [40/200]	Time 0.015 (0.036)	Loss 0.0619 (0.0855)
2025-11-06 18:30:30,393 Test: [50/200]	Time 0.020 (0.032)	Loss 0.1304 (0.0861)
2025-11-06 18:30:30,568 Test: [60/200]	Time 0.019 (0.030)	Loss 0.1034 (0.0878)
2025-11-06 18:30:30,739 Test: [70/200]	Time 0.014 (0.028)	Loss 0.0740 (0.0877)
2025-11-06 18:30:30,906 Test: [80/200]	Time 0.017 (0.027)	Loss 0.1150 (0.0862)
2025-11-06 18:30:31,063 Test: [90/200]	Time 0.014 (0.025)	Loss 0.0924 (0.0871)
2025-11-06 18:30:31,229 Test: [100/200]	Time 0.015 (0.025)	Loss 0.1391 (0.0868)
2025-11-06 18:30:31,389 Test: [110/200]	Time 0.015 (0.024)	Loss 0.1544 (0.0873)
2025-11-06 18:30:31,544 Test: [120/200]	Time 0.016 (0.023)	Loss 0.1015 (0.0864)
2025-11-06 18:30:31,694 Test: [130/200]	Time 0.015 (0.022)	Loss 0.0647 (0.0869)
2025-11-06 18:30:31,860 Test: [140/200]	Time 0.015 (0.022)	Loss 0.0848 (0.0866)
2025-11-06 18:30:32,017 Test: [150/200]	Time 0.016 (0.022)	Loss 0.0654 (0.0857)
2025-11-06 18:30:32,165 Test: [160/200]	Time 0.013 (0.021)	Loss 0.0929 (0.0854)
2025-11-06 18:30:32,314 Test: [170/200]	Time 0.014 (0.021)	Loss 0.0839 (0.0845)
2025-11-06 18:30:32,465 Test: [180/200]	Time 0.014 (0.021)	Loss 0.0837 (0.0838)
2025-11-06 18:30:32,609 Test: [190/200]	Time 0.016 (0.020)	Loss 0.0422 (0.0837)
2025-11-06 18:30:38,036 Mean IoU score: 0.800
2025-11-06 18:30:38,037 => saving checkpoint to out
2025-11-06 18:30:39,173 Epoch: [6][0/200]	Time 1.126s (1.126s)	Speed 28.4 samples/s	Data 0.871s (0.871s)	Loss 0.01662 (0.01662)
2025-11-06 18:30:41,545 Epoch: [6][10/200]	Time 0.238s (0.318s)	Speed 134.4 samples/s	Data 0.000s (0.080s)	Loss 0.02132 (0.01743)
2025-11-06 18:30:43,891 Epoch: [6][20/200]	Time 0.230s (0.278s)	Speed 139.4 samples/s	Data 0.000s (0.042s)	Loss 0.01584 (0.01807)
2025-11-06 18:30:46,233 Epoch: [6][30/200]	Time 0.229s (0.264s)	Speed 139.9 samples/s	Data 0.000s (0.028s)	Loss 0.01714 (0.01816)
2025-11-06 18:30:48,577 Epoch: [6][40/200]	Time 0.236s (0.257s)	Speed 135.4 samples/s	Data 0.000s (0.022s)	Loss 0.01753 (0.01795)
2025-11-06 18:30:50,935 Epoch: [6][50/200]	Time 0.232s (0.253s)	Speed 138.1 samples/s	Data 0.000s (0.017s)	Loss 0.01580 (0.01784)
2025-11-06 18:30:53,281 Epoch: [6][60/200]	Time 0.232s (0.250s)	Speed 137.9 samples/s	Data 0.000s (0.015s)	Loss 0.01495 (0.01757)
2025-11-06 18:30:55,636 Epoch: [6][70/200]	Time 0.235s (0.248s)	Speed 136.1 samples/s	Data 0.000s (0.013s)	Loss 0.01449 (0.01732)
2025-11-06 18:30:57,992 Epoch: [6][80/200]	Time 0.232s (0.246s)	Speed 137.7 samples/s	Data 0.000s (0.011s)	Loss 0.01513 (0.01723)
2025-11-06 18:31:00,349 Epoch: [6][90/200]	Time 0.235s (0.245s)	Speed 136.0 samples/s	Data 0.000s (0.010s)	Loss 0.01690 (0.01711)
2025-11-06 18:31:02,707 Epoch: [6][100/200]	Time 0.235s (0.244s)	Speed 136.0 samples/s	Data 0.001s (0.009s)	Loss 0.01749 (0.01708)
2025-11-06 18:31:05,089 Epoch: [6][110/200]	Time 0.240s (0.244s)	Speed 133.4 samples/s	Data 0.000s (0.008s)	Loss 0.01377 (0.01700)
2025-11-06 18:31:07,459 Epoch: [6][120/200]	Time 0.231s (0.243s)	Speed 138.6 samples/s	Data 0.000s (0.008s)	Loss 0.01766 (0.01693)
2025-11-06 18:31:09,805 Epoch: [6][130/200]	Time 0.234s (0.242s)	Speed 136.7 samples/s	Data 0.000s (0.007s)	Loss 0.01156 (0.01677)
2025-11-06 18:31:12,166 Epoch: [6][140/200]	Time 0.234s (0.242s)	Speed 136.6 samples/s	Data 0.000s (0.007s)	Loss 0.01366 (0.01668)
2025-11-06 18:31:14,537 Epoch: [6][150/200]	Time 0.238s (0.242s)	Speed 134.4 samples/s	Data 0.000s (0.006s)	Loss 0.01563 (0.01665)
2025-11-06 18:31:16,912 Epoch: [6][160/200]	Time 0.234s (0.241s)	Speed 136.6 samples/s	Data 0.000s (0.006s)	Loss 0.01982 (0.01668)
2025-11-06 18:31:19,283 Epoch: [6][170/200]	Time 0.235s (0.241s)	Speed 136.4 samples/s	Data 0.000s (0.005s)	Loss 0.01759 (0.01659)
2025-11-06 18:31:21,654 Epoch: [6][180/200]	Time 0.238s (0.241s)	Speed 134.3 samples/s	Data 0.000s (0.005s)	Loss 0.01143 (0.01663)
2025-11-06 18:31:24,031 Epoch: [6][190/200]	Time 0.238s (0.241s)	Speed 134.4 samples/s	Data 0.000s (0.005s)	Loss 0.01660 (0.01660)
2025-11-06 18:31:46,958 Test: [0/200]	Time 0.777 (0.777)	Loss 0.0841 (0.0841)
2025-11-06 18:31:47,103 Test: [10/200]	Time 0.015 (0.084)	Loss 0.0207 (0.0583)
2025-11-06 18:31:47,270 Test: [20/200]	Time 0.023 (0.052)	Loss 0.0456 (0.0608)
2025-11-06 18:31:47,434 Test: [30/200]	Time 0.018 (0.040)	Loss 0.0750 (0.0663)
2025-11-06 18:31:47,604 Test: [40/200]	Time 0.017 (0.035)	Loss 0.0533 (0.0682)
2025-11-06 18:31:47,762 Test: [50/200]	Time 0.015 (0.031)	Loss 0.1113 (0.0687)
2025-11-06 18:31:47,931 Test: [60/200]	Time 0.015 (0.029)	Loss 0.0782 (0.0691)
2025-11-06 18:31:48,097 Test: [70/200]	Time 0.016 (0.027)	Loss 0.0480 (0.0690)
2025-11-06 18:31:48,259 Test: [80/200]	Time 0.014 (0.026)	Loss 0.0671 (0.0676)
2025-11-06 18:31:48,424 Test: [90/200]	Time 0.016 (0.025)	Loss 0.0743 (0.0683)
2025-11-06 18:31:48,593 Test: [100/200]	Time 0.015 (0.024)	Loss 0.0926 (0.0674)
2025-11-06 18:31:48,764 Test: [110/200]	Time 0.016 (0.023)	Loss 0.1392 (0.0680)
2025-11-06 18:31:48,919 Test: [120/200]	Time 0.014 (0.023)	Loss 0.0728 (0.0672)
2025-11-06 18:31:49,084 Test: [130/200]	Time 0.018 (0.022)	Loss 0.0572 (0.0672)
2025-11-06 18:31:49,256 Test: [140/200]	Time 0.017 (0.022)	Loss 0.0612 (0.0668)
2025-11-06 18:31:49,420 Test: [150/200]	Time 0.016 (0.021)	Loss 0.0532 (0.0658)
2025-11-06 18:31:49,581 Test: [160/200]	Time 0.016 (0.021)	Loss 0.0856 (0.0658)
2025-11-06 18:31:49,742 Test: [170/200]	Time 0.017 (0.021)	Loss 0.0529 (0.0653)
2025-11-06 18:31:49,905 Test: [180/200]	Time 0.018 (0.021)	Loss 0.0514 (0.0650)
2025-11-06 18:31:50,069 Test: [190/200]	Time 0.014 (0.020)	Loss 0.0349 (0.0651)
2025-11-06 18:31:55,493 Mean IoU score: 0.843
2025-11-06 18:31:55,494 => saving checkpoint to out
2025-11-06 18:31:56,384 Epoch: [7][0/200]	Time 0.878s (0.878s)	Speed 36.5 samples/s	Data 0.625s (0.625s)	Loss 0.01436 (0.01436)
2025-11-06 18:31:58,751 Epoch: [7][10/200]	Time 0.240s (0.295s)	Speed 133.3 samples/s	Data 0.000s (0.057s)	Loss 0.01420 (0.01531)
2025-11-06 18:32:01,120 Epoch: [7][20/200]	Time 0.234s (0.267s)	Speed 137.0 samples/s	Data 0.000s (0.030s)	Loss 0.01722 (0.01531)
2025-11-06 18:32:03,485 Epoch: [7][30/200]	Time 0.235s (0.257s)	Speed 136.0 samples/s	Data 0.000s (0.021s)	Loss 0.01610 (0.01491)
2025-11-06 18:32:05,831 Epoch: [7][40/200]	Time 0.235s (0.252s)	Speed 136.3 samples/s	Data 0.000s (0.016s)	Loss 0.01155 (0.01489)
2025-11-06 18:32:08,187 Epoch: [7][50/200]	Time 0.244s (0.249s)	Speed 131.4 samples/s	Data 0.000s (0.013s)	Loss 0.01393 (0.01466)
2025-11-06 18:32:10,541 Epoch: [7][60/200]	Time 0.233s (0.246s)	Speed 137.6 samples/s	Data 0.000s (0.011s)	Loss 0.01305 (0.01455)
2025-11-06 18:32:12,899 Epoch: [7][70/200]	Time 0.237s (0.245s)	Speed 134.9 samples/s	Data 0.000s (0.009s)	Loss 0.01147 (0.01436)
2025-11-06 18:32:15,290 Epoch: [7][80/200]	Time 0.235s (0.244s)	Speed 136.3 samples/s	Data 0.000s (0.008s)	Loss 0.01181 (0.01432)
2025-11-06 18:32:17,648 Epoch: [7][90/200]	Time 0.238s (0.243s)	Speed 134.5 samples/s	Data 0.000s (0.007s)	Loss 0.01532 (0.01417)
2025-11-06 18:32:20,103 Epoch: [7][100/200]	Time 0.281s (0.244s)	Speed 114.0 samples/s	Data 0.000s (0.007s)	Loss 0.01601 (0.01423)
2025-11-06 18:32:22,623 Epoch: [7][110/200]	Time 0.234s (0.244s)	Speed 136.5 samples/s	Data 0.000s (0.006s)	Loss 0.01048 (0.01416)
2025-11-06 18:32:24,956 Epoch: [7][120/200]	Time 0.231s (0.243s)	Speed 138.5 samples/s	Data 0.000s (0.006s)	Loss 0.01289 (0.01422)
2025-11-06 18:32:27,293 Epoch: [7][130/200]	Time 0.234s (0.243s)	Speed 136.9 samples/s	Data 0.000s (0.005s)	Loss 0.01239 (0.01420)
2025-11-06 18:32:29,636 Epoch: [7][140/200]	Time 0.235s (0.242s)	Speed 136.1 samples/s	Data 0.000s (0.005s)	Loss 0.01640 (0.01416)
2025-11-06 18:32:31,987 Epoch: [7][150/200]	Time 0.239s (0.242s)	Speed 134.0 samples/s	Data 0.000s (0.004s)	Loss 0.01205 (0.01409)
2025-11-06 18:32:34,529 Epoch: [7][160/200]	Time 0.237s (0.242s)	Speed 135.2 samples/s	Data 0.000s (0.004s)	Loss 0.01557 (0.01404)
2025-11-06 18:32:36,902 Epoch: [7][170/200]	Time 0.237s (0.242s)	Speed 135.2 samples/s	Data 0.000s (0.004s)	Loss 0.01455 (0.01404)
2025-11-06 18:32:39,295 Epoch: [7][180/200]	Time 0.237s (0.242s)	Speed 134.8 samples/s	Data 0.000s (0.004s)	Loss 0.01229 (0.01402)
2025-11-06 18:32:41,677 Epoch: [7][190/200]	Time 0.241s (0.242s)	Speed 133.0 samples/s	Data 0.000s (0.004s)	Loss 0.01266 (0.01404)
2025-11-06 18:33:04,553 Test: [0/200]	Time 0.726 (0.726)	Loss 0.0848 (0.0848)
2025-11-06 18:33:04,702 Test: [10/200]	Time 0.017 (0.080)	Loss 0.0107 (0.0593)
2025-11-06 18:33:04,875 Test: [20/200]	Time 0.018 (0.050)	Loss 0.0419 (0.0589)
2025-11-06 18:33:05,059 Test: [30/200]	Time 0.016 (0.040)	Loss 0.0813 (0.0630)
2025-11-06 18:33:05,229 Test: [40/200]	Time 0.015 (0.034)	Loss 0.0450 (0.0653)
2025-11-06 18:33:05,387 Test: [50/200]	Time 0.016 (0.031)	Loss 0.1083 (0.0648)
2025-11-06 18:33:05,565 Test: [60/200]	Time 0.016 (0.028)	Loss 0.0823 (0.0662)
2025-11-06 18:33:05,741 Test: [70/200]	Time 0.017 (0.027)	Loss 0.0423 (0.0671)
2025-11-06 18:33:05,927 Test: [80/200]	Time 0.018 (0.026)	Loss 0.0685 (0.0652)
2025-11-06 18:33:06,099 Test: [90/200]	Time 0.019 (0.025)	Loss 0.0623 (0.0657)
2025-11-06 18:33:06,267 Test: [100/200]	Time 0.014 (0.024)	Loss 0.0905 (0.0649)
2025-11-06 18:33:06,443 Test: [110/200]	Time 0.017 (0.024)	Loss 0.1545 (0.0659)
2025-11-06 18:33:06,606 Test: [120/200]	Time 0.014 (0.023)	Loss 0.0711 (0.0648)
2025-11-06 18:33:06,772 Test: [130/200]	Time 0.019 (0.022)	Loss 0.0441 (0.0648)
2025-11-06 18:33:06,935 Test: [140/200]	Time 0.015 (0.022)	Loss 0.0676 (0.0640)
2025-11-06 18:33:07,108 Test: [150/200]	Time 0.015 (0.022)	Loss 0.0600 (0.0634)
2025-11-06 18:33:07,272 Test: [160/200]	Time 0.017 (0.021)	Loss 0.0746 (0.0633)
2025-11-06 18:33:07,427 Test: [170/200]	Time 0.016 (0.021)	Loss 0.0577 (0.0626)
2025-11-06 18:33:07,581 Test: [180/200]	Time 0.017 (0.021)	Loss 0.0446 (0.0622)
2025-11-06 18:33:07,744 Test: [190/200]	Time 0.016 (0.021)	Loss 0.0300 (0.0622)
2025-11-06 18:33:13,169 Mean IoU score: 0.849
2025-11-06 18:33:13,171 => saving checkpoint to out
2025-11-06 18:33:14,094 Epoch: [8][0/200]	Time 0.913s (0.913s)	Speed 35.0 samples/s	Data 0.662s (0.662s)	Loss 0.01233 (0.01233)
2025-11-06 18:33:16,469 Epoch: [8][10/200]	Time 0.236s (0.299s)	Speed 135.4 samples/s	Data 0.000s (0.061s)	Loss 0.01070 (0.01229)
2025-11-06 18:33:18,809 Epoch: [8][20/200]	Time 0.231s (0.268s)	Speed 138.7 samples/s	Data 0.000s (0.032s)	Loss 0.01214 (0.01268)
2025-11-06 18:33:21,177 Epoch: [8][30/200]	Time 0.235s (0.258s)	Speed 136.4 samples/s	Data 0.000s (0.022s)	Loss 0.01228 (0.01264)
2025-11-06 18:33:23,527 Epoch: [8][40/200]	Time 0.229s (0.252s)	Speed 139.8 samples/s	Data 0.000s (0.017s)	Loss 0.00958 (0.01248)
2025-11-06 18:33:25,863 Epoch: [8][50/200]	Time 0.236s (0.249s)	Speed 135.8 samples/s	Data 0.000s (0.013s)	Loss 0.01245 (0.01260)
2025-11-06 18:33:28,236 Epoch: [8][60/200]	Time 0.237s (0.247s)	Speed 135.1 samples/s	Data 0.000s (0.011s)	Loss 0.01364 (0.01252)
2025-11-06 18:33:30,593 Epoch: [8][70/200]	Time 0.235s (0.245s)	Speed 136.4 samples/s	Data 0.000s (0.010s)	Loss 0.01205 (0.01239)
2025-11-06 18:33:33,023 Epoch: [8][80/200]	Time 0.239s (0.245s)	Speed 134.0 samples/s	Data 0.000s (0.009s)	Loss 0.00911 (0.01233)
2025-11-06 18:33:35,383 Epoch: [8][90/200]	Time 0.235s (0.244s)	Speed 136.4 samples/s	Data 0.000s (0.008s)	Loss 0.00970 (0.01219)
2025-11-06 18:33:37,747 Epoch: [8][100/200]	Time 0.234s (0.243s)	Speed 136.6 samples/s	Data 0.000s (0.007s)	Loss 0.01209 (0.01223)
2025-11-06 18:33:40,117 Epoch: [8][110/200]	Time 0.238s (0.243s)	Speed 134.5 samples/s	Data 0.000s (0.006s)	Loss 0.01417 (0.01222)
2025-11-06 18:33:42,501 Epoch: [8][120/200]	Time 0.238s (0.242s)	Speed 134.7 samples/s	Data 0.000s (0.006s)	Loss 0.01189 (0.01229)
2025-11-06 18:33:44,881 Epoch: [8][130/200]	Time 0.238s (0.242s)	Speed 134.3 samples/s	Data 0.000s (0.005s)	Loss 0.00923 (0.01232)
2025-11-06 18:33:47,247 Epoch: [8][140/200]	Time 0.235s (0.242s)	Speed 136.4 samples/s	Data 0.000s (0.005s)	Loss 0.01491 (0.01237)
2025-11-06 18:33:49,627 Epoch: [8][150/200]	Time 0.237s (0.241s)	Speed 135.3 samples/s	Data 0.000s (0.005s)	Loss 0.01086 (0.01235)
2025-11-06 18:33:51,994 Epoch: [8][160/200]	Time 0.235s (0.241s)	Speed 136.0 samples/s	Data 0.000s (0.004s)	Loss 0.01297 (0.01237)
2025-11-06 18:33:54,373 Epoch: [8][170/200]	Time 0.239s (0.241s)	Speed 133.9 samples/s	Data 0.000s (0.004s)	Loss 0.01167 (0.01237)
2025-11-06 18:33:56,751 Epoch: [8][180/200]	Time 0.238s (0.241s)	Speed 134.6 samples/s	Data 0.000s (0.004s)	Loss 0.01352 (0.01236)
2025-11-06 18:33:59,134 Epoch: [8][190/200]	Time 0.237s (0.241s)	Speed 135.1 samples/s	Data 0.000s (0.004s)	Loss 0.01309 (0.01230)
2025-11-06 18:34:22,029 Test: [0/200]	Time 0.722 (0.722)	Loss 0.0708 (0.0708)
2025-11-06 18:34:22,205 Test: [10/200]	Time 0.016 (0.082)	Loss 0.0103 (0.0561)
2025-11-06 18:34:22,366 Test: [20/200]	Time 0.015 (0.050)	Loss 0.0320 (0.0548)
2025-11-06 18:34:22,531 Test: [30/200]	Time 0.014 (0.039)	Loss 0.0698 (0.0584)
2025-11-06 18:34:22,698 Test: [40/200]	Time 0.014 (0.034)	Loss 0.0490 (0.0599)
2025-11-06 18:34:22,864 Test: [50/200]	Time 0.017 (0.031)	Loss 0.1065 (0.0601)
2025-11-06 18:34:23,023 Test: [60/200]	Time 0.015 (0.028)	Loss 0.0735 (0.0612)
2025-11-06 18:34:23,185 Test: [70/200]	Time 0.015 (0.026)	Loss 0.0418 (0.0618)
2025-11-06 18:34:23,345 Test: [80/200]	Time 0.016 (0.025)	Loss 0.0554 (0.0601)
2025-11-06 18:34:23,503 Test: [90/200]	Time 0.016 (0.024)	Loss 0.0651 (0.0611)
2025-11-06 18:34:23,659 Test: [100/200]	Time 0.015 (0.023)	Loss 0.0858 (0.0608)
2025-11-06 18:34:23,828 Test: [110/200]	Time 0.018 (0.023)	Loss 0.1423 (0.0623)
2025-11-06 18:34:23,987 Test: [120/200]	Time 0.016 (0.022)	Loss 0.0760 (0.0611)
2025-11-06 18:34:24,150 Test: [130/200]	Time 0.015 (0.022)	Loss 0.0470 (0.0614)
2025-11-06 18:34:24,316 Test: [140/200]	Time 0.016 (0.021)	Loss 0.0651 (0.0607)
2025-11-06 18:34:24,479 Test: [150/200]	Time 0.015 (0.021)	Loss 0.0560 (0.0599)
2025-11-06 18:34:24,645 Test: [160/200]	Time 0.015 (0.021)	Loss 0.0716 (0.0600)
2025-11-06 18:34:24,807 Test: [170/200]	Time 0.016 (0.020)	Loss 0.0531 (0.0595)
2025-11-06 18:34:24,971 Test: [180/200]	Time 0.016 (0.020)	Loss 0.0437 (0.0591)
2025-11-06 18:34:25,135 Test: [190/200]	Time 0.016 (0.020)	Loss 0.0296 (0.0589)
2025-11-06 18:34:30,583 Mean IoU score: 0.857
2025-11-06 18:34:30,585 => saving checkpoint to out
2025-11-06 18:34:31,510 Epoch: [9][0/200]	Time 0.915s (0.915s)	Speed 35.0 samples/s	Data 0.663s (0.663s)	Loss 0.01135 (0.01135)
2025-11-06 18:34:33,876 Epoch: [9][10/200]	Time 0.234s (0.298s)	Speed 137.0 samples/s	Data 0.000s (0.061s)	Loss 0.01111 (0.01115)
2025-11-06 18:34:36,223 Epoch: [9][20/200]	Time 0.234s (0.268s)	Speed 136.7 samples/s	Data 0.000s (0.032s)	Loss 0.01602 (0.01155)
2025-11-06 18:34:38,569 Epoch: [9][30/200]	Time 0.236s (0.257s)	Speed 135.8 samples/s	Data 0.000s (0.022s)	Loss 0.01041 (0.01158)
2025-11-06 18:34:40,921 Epoch: [9][40/200]	Time 0.237s (0.252s)	Speed 135.0 samples/s	Data 0.000s (0.017s)	Loss 0.01167 (0.01163)
2025-11-06 18:34:43,273 Epoch: [9][50/200]	Time 0.237s (0.249s)	Speed 135.1 samples/s	Data 0.000s (0.013s)	Loss 0.00780 (0.01144)
2025-11-06 18:34:45,637 Epoch: [9][60/200]	Time 0.233s (0.247s)	Speed 137.3 samples/s	Data 0.000s (0.011s)	Loss 0.01171 (0.01129)
2025-11-06 18:34:47,997 Epoch: [9][70/200]	Time 0.232s (0.245s)	Speed 138.0 samples/s	Data 0.000s (0.010s)	Loss 0.01061 (0.01130)
2025-11-06 18:34:50,362 Epoch: [9][80/200]	Time 0.234s (0.244s)	Speed 136.5 samples/s	Data 0.000s (0.009s)	Loss 0.00866 (0.01134)
2025-11-06 18:34:52,717 Epoch: [9][90/200]	Time 0.239s (0.243s)	Speed 133.6 samples/s	Data 0.000s (0.008s)	Loss 0.01190 (0.01127)
2025-11-06 18:34:55,097 Epoch: [9][100/200]	Time 0.241s (0.243s)	Speed 132.7 samples/s	Data 0.000s (0.007s)	Loss 0.01580 (0.01130)
2025-11-06 18:34:57,438 Epoch: [9][110/200]	Time 0.233s (0.242s)	Speed 137.1 samples/s	Data 0.000s (0.006s)	Loss 0.01187 (0.01126)
2025-11-06 18:34:59,812 Epoch: [9][120/200]	Time 0.240s (0.241s)	Speed 133.3 samples/s	Data 0.000s (0.006s)	Loss 0.01046 (0.01119)
2025-11-06 18:35:02,195 Epoch: [9][130/200]	Time 0.238s (0.241s)	Speed 134.3 samples/s	Data 0.000s (0.005s)	Loss 0.00849 (0.01123)
2025-11-06 18:35:04,586 Epoch: [9][140/200]	Time 0.243s (0.241s)	Speed 131.8 samples/s	Data 0.000s (0.005s)	Loss 0.01124 (0.01122)
2025-11-06 18:35:06,951 Epoch: [9][150/200]	Time 0.233s (0.241s)	Speed 137.6 samples/s	Data 0.000s (0.005s)	Loss 0.00897 (0.01120)
2025-11-06 18:35:09,341 Epoch: [9][160/200]	Time 0.236s (0.241s)	Speed 135.4 samples/s	Data 0.000s (0.004s)	Loss 0.01149 (0.01119)
2025-11-06 18:35:11,731 Epoch: [9][170/200]	Time 0.243s (0.241s)	Speed 131.8 samples/s	Data 0.000s (0.004s)	Loss 0.01136 (0.01115)
2025-11-06 18:35:14,116 Epoch: [9][180/200]	Time 0.238s (0.240s)	Speed 134.7 samples/s	Data 0.000s (0.004s)	Loss 0.01046 (0.01115)
2025-11-06 18:35:16,459 Epoch: [9][190/200]	Time 0.232s (0.240s)	Speed 137.7 samples/s	Data 0.000s (0.004s)	Loss 0.00822 (0.01110)
2025-11-06 18:35:39,328 Test: [0/200]	Time 0.739 (0.739)	Loss 0.0865 (0.0865)
2025-11-06 18:35:39,466 Test: [10/200]	Time 0.013 (0.080)	Loss 0.0168 (0.0600)
2025-11-06 18:35:39,616 Test: [20/200]	Time 0.014 (0.049)	Loss 0.0276 (0.0584)
2025-11-06 18:35:39,768 Test: [30/200]	Time 0.015 (0.038)	Loss 0.0834 (0.0632)
2025-11-06 18:35:39,921 Test: [40/200]	Time 0.015 (0.032)	Loss 0.0641 (0.0663)
2025-11-06 18:35:40,071 Test: [50/200]	Time 0.014 (0.029)	Loss 0.1278 (0.0665)
2025-11-06 18:35:40,219 Test: [60/200]	Time 0.015 (0.027)	Loss 0.0698 (0.0673)
2025-11-06 18:35:40,371 Test: [70/200]	Time 0.014 (0.025)	Loss 0.0516 (0.0681)
2025-11-06 18:35:40,524 Test: [80/200]	Time 0.015 (0.024)	Loss 0.0695 (0.0662)
2025-11-06 18:35:40,679 Test: [90/200]	Time 0.017 (0.023)	Loss 0.0669 (0.0668)
2025-11-06 18:35:40,827 Test: [100/200]	Time 0.014 (0.022)	Loss 0.0877 (0.0661)
2025-11-06 18:35:40,974 Test: [110/200]	Time 0.014 (0.021)	Loss 0.1414 (0.0670)
2025-11-06 18:35:41,120 Test: [120/200]	Time 0.016 (0.021)	Loss 0.0633 (0.0663)
2025-11-06 18:35:41,267 Test: [130/200]	Time 0.014 (0.020)	Loss 0.0606 (0.0664)
2025-11-06 18:35:41,415 Test: [140/200]	Time 0.015 (0.020)	Loss 0.0557 (0.0655)
2025-11-06 18:35:41,565 Test: [150/200]	Time 0.014 (0.020)	Loss 0.0420 (0.0648)
2025-11-06 18:35:41,720 Test: [160/200]	Time 0.013 (0.019)	Loss 0.0849 (0.0652)
2025-11-06 18:35:41,868 Test: [170/200]	Time 0.014 (0.019)	Loss 0.0535 (0.0648)
2025-11-06 18:35:42,022 Test: [180/200]	Time 0.013 (0.019)	Loss 0.0400 (0.0643)
2025-11-06 18:35:42,172 Test: [190/200]	Time 0.014 (0.019)	Loss 0.0297 (0.0641)
2025-11-06 18:35:47,610 Mean IoU score: 0.846
2025-11-06 18:35:47,611 => saving checkpoint to out
2025-11-06 18:35:48,723 Epoch: [10][0/200]	Time 1.105s (1.105s)	Speed 29.0 samples/s	Data 0.835s (0.835s)	Loss 0.00815 (0.00815)
2025-11-06 18:35:51,128 Epoch: [10][10/200]	Time 0.239s (0.319s)	Speed 134.1 samples/s	Data 0.000s (0.076s)	Loss 0.00885 (0.00985)
2025-11-06 18:35:53,519 Epoch: [10][20/200]	Time 0.239s (0.281s)	Speed 133.8 samples/s	Data 0.000s (0.040s)	Loss 0.00958 (0.00945)
2025-11-06 18:35:55,932 Epoch: [10][30/200]	Time 0.244s (0.268s)	Speed 131.1 samples/s	Data 0.000s (0.027s)	Loss 0.01182 (0.00988)
2025-11-06 18:35:58,414 Epoch: [10][40/200]	Time 0.246s (0.263s)	Speed 130.2 samples/s	Data 0.000s (0.021s)	Loss 0.00851 (0.01010)
2025-11-06 18:36:00,893 Epoch: [10][50/200]	Time 0.242s (0.260s)	Speed 132.1 samples/s	Data 0.000s (0.017s)	Loss 0.01371 (0.01017)
2025-11-06 18:36:03,366 Epoch: [10][60/200]	Time 0.247s (0.258s)	Speed 129.8 samples/s	Data 0.000s (0.014s)	Loss 0.01386 (0.01022)
2025-11-06 18:36:05,832 Epoch: [10][70/200]	Time 0.240s (0.257s)	Speed 133.4 samples/s	Data 0.000s (0.012s)	Loss 0.00886 (0.01018)
2025-11-06 18:36:08,312 Epoch: [10][80/200]	Time 0.253s (0.255s)	Speed 126.3 samples/s	Data 0.000s (0.011s)	Loss 0.01099 (0.01013)
2025-11-06 18:36:10,796 Epoch: [10][90/200]	Time 0.248s (0.255s)	Speed 128.9 samples/s	Data 0.000s (0.010s)	Loss 0.00805 (0.01008)
2025-11-06 18:36:13,288 Epoch: [10][100/200]	Time 0.248s (0.254s)	Speed 128.8 samples/s	Data 0.000s (0.009s)	Loss 0.00884 (0.01011)
2025-11-06 18:36:15,767 Epoch: [10][110/200]	Time 0.246s (0.254s)	Speed 130.0 samples/s	Data 0.000s (0.008s)	Loss 0.00844 (0.01008)
2025-11-06 18:36:18,242 Epoch: [10][120/200]	Time 0.249s (0.253s)	Speed 128.7 samples/s	Data 0.000s (0.007s)	Loss 0.01146 (0.01016)
2025-11-06 18:36:20,720 Epoch: [10][130/200]	Time 0.250s (0.253s)	Speed 128.0 samples/s	Data 0.000s (0.007s)	Loss 0.01004 (0.01016)
2025-11-06 18:36:23,208 Epoch: [10][140/200]	Time 0.247s (0.252s)	Speed 129.5 samples/s	Data 0.000s (0.006s)	Loss 0.00997 (0.01016)
2025-11-06 18:36:25,692 Epoch: [10][150/200]	Time 0.250s (0.252s)	Speed 128.2 samples/s	Data 0.000s (0.006s)	Loss 0.00998 (0.01015)
2025-11-06 18:36:28,175 Epoch: [10][160/200]	Time 0.247s (0.252s)	Speed 129.3 samples/s	Data 0.000s (0.006s)	Loss 0.00900 (0.01014)
2025-11-06 18:36:30,651 Epoch: [10][170/200]	Time 0.250s (0.252s)	Speed 127.8 samples/s	Data 0.000s (0.005s)	Loss 0.01191 (0.01015)
2025-11-06 18:36:33,132 Epoch: [10][180/200]	Time 0.250s (0.251s)	Speed 128.0 samples/s	Data 0.000s (0.005s)	Loss 0.00944 (0.01011)
2025-11-06 18:36:35,594 Epoch: [10][190/200]	Time 0.257s (0.251s)	Speed 124.5 samples/s	Data 0.000s (0.005s)	Loss 0.01027 (0.01008)
2025-11-06 18:36:58,520 Test: [0/200]	Time 0.678 (0.678)	Loss 0.0799 (0.0799)
2025-11-06 18:36:58,697 Test: [10/200]	Time 0.019 (0.078)	Loss 0.0139 (0.0588)
2025-11-06 18:36:58,877 Test: [20/200]	Time 0.016 (0.049)	Loss 0.0367 (0.0564)
2025-11-06 18:36:59,049 Test: [30/200]	Time 0.016 (0.039)	Loss 0.0660 (0.0603)
2025-11-06 18:36:59,220 Test: [40/200]	Time 0.018 (0.034)	Loss 0.0471 (0.0619)
2025-11-06 18:36:59,400 Test: [50/200]	Time 0.015 (0.031)	Loss 0.1044 (0.0624)
2025-11-06 18:36:59,570 Test: [60/200]	Time 0.015 (0.028)	Loss 0.0814 (0.0642)
2025-11-06 18:36:59,740 Test: [70/200]	Time 0.015 (0.027)	Loss 0.0403 (0.0641)
2025-11-06 18:36:59,903 Test: [80/200]	Time 0.016 (0.025)	Loss 0.0583 (0.0624)
2025-11-06 18:37:00,069 Test: [90/200]	Time 0.018 (0.024)	Loss 0.0628 (0.0631)
2025-11-06 18:37:00,236 Test: [100/200]	Time 0.017 (0.024)	Loss 0.0935 (0.0624)
2025-11-06 18:37:00,405 Test: [110/200]	Time 0.019 (0.023)	Loss 0.1552 (0.0631)
2025-11-06 18:37:00,569 Test: [120/200]	Time 0.016 (0.023)	Loss 0.0720 (0.0620)
2025-11-06 18:37:00,732 Test: [130/200]	Time 0.015 (0.022)	Loss 0.0453 (0.0622)
2025-11-06 18:37:00,896 Test: [140/200]	Time 0.016 (0.022)	Loss 0.0610 (0.0613)
2025-11-06 18:37:01,059 Test: [150/200]	Time 0.016 (0.021)	Loss 0.0534 (0.0605)
2025-11-06 18:37:01,225 Test: [160/200]	Time 0.016 (0.021)	Loss 0.0711 (0.0607)
2025-11-06 18:37:01,393 Test: [170/200]	Time 0.019 (0.021)	Loss 0.0520 (0.0601)
2025-11-06 18:37:01,554 Test: [180/200]	Time 0.015 (0.021)	Loss 0.0432 (0.0597)
2025-11-06 18:37:01,711 Test: [190/200]	Time 0.017 (0.020)	Loss 0.0280 (0.0597)
2025-11-06 18:37:07,159 Mean IoU score: 0.856
2025-11-06 18:37:07,159 => saving checkpoint to out
2025-11-06 18:37:08,029 Epoch: [11][0/200]	Time 0.862s (0.862s)	Speed 37.1 samples/s	Data 0.601s (0.601s)	Loss 0.00799 (0.00799)
2025-11-06 18:37:10,487 Epoch: [11][10/200]	Time 0.248s (0.302s)	Speed 129.2 samples/s	Data 0.000s (0.055s)	Loss 0.00915 (0.00839)
2025-11-06 18:37:12,947 Epoch: [11][20/200]	Time 0.244s (0.275s)	Speed 131.0 samples/s	Data 0.000s (0.029s)	Loss 0.01175 (0.00862)
2025-11-06 18:37:15,426 Epoch: [11][30/200]	Time 0.248s (0.266s)	Speed 129.1 samples/s	Data 0.000s (0.020s)	Loss 0.00850 (0.00871)
2025-11-06 18:37:17,905 Epoch: [11][40/200]	Time 0.251s (0.262s)	Speed 127.3 samples/s	Data 0.000s (0.015s)	Loss 0.01215 (0.00888)
2025-11-06 18:37:20,372 Epoch: [11][50/200]	Time 0.249s (0.259s)	Speed 128.4 samples/s	Data 0.000s (0.012s)	Loss 0.00896 (0.00900)
2025-11-06 18:37:22,839 Epoch: [11][60/200]	Time 0.249s (0.257s)	Speed 128.5 samples/s	Data 0.000s (0.010s)	Loss 0.01013 (0.00909)
2025-11-06 18:37:25,320 Epoch: [11][70/200]	Time 0.243s (0.256s)	Speed 131.8 samples/s	Data 0.000s (0.009s)	Loss 0.00884 (0.00906)
2025-11-06 18:37:27,807 Epoch: [11][80/200]	Time 0.254s (0.255s)	Speed 126.2 samples/s	Data 0.000s (0.008s)	Loss 0.00900 (0.00906)
2025-11-06 18:37:30,287 Epoch: [11][90/200]	Time 0.246s (0.254s)	Speed 129.9 samples/s	Data 0.000s (0.007s)	Loss 0.00856 (0.00903)
2025-11-06 18:37:32,772 Epoch: [11][100/200]	Time 0.246s (0.254s)	Speed 130.3 samples/s	Data 0.000s (0.006s)	Loss 0.00977 (0.00907)
2025-11-06 18:37:35,241 Epoch: [11][110/200]	Time 0.249s (0.253s)	Speed 128.5 samples/s	Data 0.000s (0.006s)	Loss 0.01076 (0.00903)
2025-11-06 18:37:37,729 Epoch: [11][120/200]	Time 0.249s (0.253s)	Speed 128.7 samples/s	Data 0.000s (0.005s)	Loss 0.00824 (0.00904)
2025-11-06 18:37:40,214 Epoch: [11][130/200]	Time 0.251s (0.252s)	Speed 127.4 samples/s	Data 0.000s (0.005s)	Loss 0.00888 (0.00905)
2025-11-06 18:37:42,715 Epoch: [11][140/200]	Time 0.248s (0.252s)	Speed 129.0 samples/s	Data 0.000s (0.005s)	Loss 0.01310 (0.00916)
2025-11-06 18:37:45,206 Epoch: [11][150/200]	Time 0.249s (0.252s)	Speed 128.6 samples/s	Data 0.000s (0.004s)	Loss 0.01167 (0.00918)
2025-11-06 18:37:47,704 Epoch: [11][160/200]	Time 0.252s (0.252s)	Speed 127.2 samples/s	Data 0.000s (0.004s)	Loss 0.01017 (0.00922)
2025-11-06 18:37:50,183 Epoch: [11][170/200]	Time 0.248s (0.252s)	Speed 128.8 samples/s	Data 0.000s (0.004s)	Loss 0.01116 (0.00928)
2025-11-06 18:37:52,694 Epoch: [11][180/200]	Time 0.250s (0.252s)	Speed 128.1 samples/s	Data 0.000s (0.004s)	Loss 0.00823 (0.00931)
2025-11-06 18:37:55,188 Epoch: [11][190/200]	Time 0.250s (0.251s)	Speed 127.8 samples/s	Data 0.000s (0.003s)	Loss 0.00911 (0.00929)
2025-11-06 18:38:18,056 Test: [0/200]	Time 0.614 (0.614)	Loss 0.0830 (0.0830)
2025-11-06 18:38:18,207 Test: [10/200]	Time 0.015 (0.070)	Loss 0.0151 (0.0575)
2025-11-06 18:38:18,380 Test: [20/200]	Time 0.017 (0.045)	Loss 0.0261 (0.0559)
2025-11-06 18:38:18,559 Test: [30/200]	Time 0.019 (0.036)	Loss 0.0767 (0.0591)
2025-11-06 18:38:18,727 Test: [40/200]	Time 0.016 (0.031)	Loss 0.0474 (0.0617)
2025-11-06 18:38:18,896 Test: [50/200]	Time 0.015 (0.029)	Loss 0.1389 (0.0623)
2025-11-06 18:38:19,064 Test: [60/200]	Time 0.015 (0.027)	Loss 0.0655 (0.0643)
2025-11-06 18:38:19,229 Test: [70/200]	Time 0.016 (0.025)	Loss 0.0532 (0.0652)
2025-11-06 18:38:19,396 Test: [80/200]	Time 0.016 (0.024)	Loss 0.0558 (0.0632)
2025-11-06 18:38:19,554 Test: [90/200]	Time 0.015 (0.023)	Loss 0.0642 (0.0637)
2025-11-06 18:38:19,721 Test: [100/200]	Time 0.019 (0.023)	Loss 0.0922 (0.0637)
2025-11-06 18:38:19,879 Test: [110/200]	Time 0.015 (0.022)	Loss 0.1603 (0.0654)
2025-11-06 18:38:20,041 Test: [120/200]	Time 0.018 (0.021)	Loss 0.0701 (0.0642)
2025-11-06 18:38:20,203 Test: [130/200]	Time 0.017 (0.021)	Loss 0.0465 (0.0643)
2025-11-06 18:38:20,357 Test: [140/200]	Time 0.017 (0.021)	Loss 0.0681 (0.0635)
2025-11-06 18:38:20,525 Test: [150/200]	Time 0.016 (0.020)	Loss 0.0519 (0.0629)
2025-11-06 18:38:20,695 Test: [160/200]	Time 0.017 (0.020)	Loss 0.0899 (0.0628)
2025-11-06 18:38:20,852 Test: [170/200]	Time 0.015 (0.020)	Loss 0.0634 (0.0624)
2025-11-06 18:38:21,017 Test: [180/200]	Time 0.017 (0.020)	Loss 0.0366 (0.0617)
2025-11-06 18:38:21,170 Test: [190/200]	Time 0.017 (0.020)	Loss 0.0257 (0.0614)
2025-11-06 18:38:26,611 Mean IoU score: 0.853
2025-11-06 18:38:26,612 => saving checkpoint to out
2025-11-06 18:38:27,508 Epoch: [12][0/200]	Time 0.889s (0.889s)	Speed 36.0 samples/s	Data 0.620s (0.620s)	Loss 0.01063 (0.01063)
2025-11-06 18:38:29,948 Epoch: [12][10/200]	Time 0.248s (0.303s)	Speed 129.1 samples/s	Data 0.000s (0.057s)	Loss 0.01012 (0.00985)
2025-11-06 18:38:32,402 Epoch: [12][20/200]	Time 0.250s (0.275s)	Speed 128.1 samples/s	Data 0.000s (0.030s)	Loss 0.01023 (0.00924)
2025-11-06 18:38:34,881 Epoch: [12][30/200]	Time 0.249s (0.267s)	Speed 128.3 samples/s	Data 0.000s (0.020s)	Loss 0.00958 (0.00915)
2025-11-06 18:38:37,348 Epoch: [12][40/200]	Time 0.242s (0.262s)	Speed 132.5 samples/s	Data 0.000s (0.015s)	Loss 0.00921 (0.00912)
2025-11-06 18:38:39,822 Epoch: [12][50/200]	Time 0.248s (0.259s)	Speed 129.2 samples/s	Data 0.000s (0.012s)	Loss 0.00792 (0.00898)
2025-11-06 18:38:42,293 Epoch: [12][60/200]	Time 0.247s (0.257s)	Speed 129.5 samples/s	Data 0.000s (0.010s)	Loss 0.00656 (0.00890)
2025-11-06 18:38:44,772 Epoch: [12][70/200]	Time 0.252s (0.256s)	Speed 126.8 samples/s	Data 0.000s (0.009s)	Loss 0.00989 (0.00885)
2025-11-06 18:38:47,216 Epoch: [12][80/200]	Time 0.253s (0.254s)	Speed 126.3 samples/s	Data 0.000s (0.008s)	Loss 0.00874 (0.00893)
2025-11-06 18:38:49,684 Epoch: [12][90/200]	Time 0.249s (0.253s)	Speed 128.7 samples/s	Data 0.000s (0.007s)	Loss 0.00733 (0.00893)
2025-11-06 18:38:52,145 Epoch: [12][100/200]	Time 0.240s (0.253s)	Speed 133.1 samples/s	Data 0.000s (0.006s)	Loss 0.00879 (0.00892)
2025-11-06 18:38:54,632 Epoch: [12][110/200]	Time 0.249s (0.252s)	Speed 128.7 samples/s	Data 0.000s (0.006s)	Loss 0.00747 (0.00897)
2025-11-06 18:38:57,130 Epoch: [12][120/200]	Time 0.249s (0.252s)	Speed 128.3 samples/s	Data 0.000s (0.005s)	Loss 0.00822 (0.00897)
2025-11-06 18:38:59,607 Epoch: [12][130/200]	Time 0.249s (0.252s)	Speed 128.5 samples/s	Data 0.000s (0.005s)	Loss 0.00906 (0.00897)
2025-11-06 18:39:02,099 Epoch: [12][140/200]	Time 0.246s (0.252s)	Speed 130.3 samples/s	Data 0.000s (0.005s)	Loss 0.00899 (0.00898)
2025-11-06 18:39:04,595 Epoch: [12][150/200]	Time 0.251s (0.251s)	Speed 127.5 samples/s	Data 0.000s (0.004s)	Loss 0.00856 (0.00898)
2025-11-06 18:39:07,076 Epoch: [12][160/200]	Time 0.247s (0.251s)	Speed 129.5 samples/s	Data 0.000s (0.004s)	Loss 0.01045 (0.00895)
2025-11-06 18:39:09,564 Epoch: [12][170/200]	Time 0.245s (0.251s)	Speed 130.8 samples/s	Data 0.000s (0.004s)	Loss 0.00736 (0.00896)
2025-11-06 18:39:12,053 Epoch: [12][180/200]	Time 0.250s (0.251s)	Speed 128.2 samples/s	Data 0.000s (0.004s)	Loss 0.00787 (0.00893)
2025-11-06 18:39:14,536 Epoch: [12][190/200]	Time 0.248s (0.251s)	Speed 129.2 samples/s	Data 0.000s (0.004s)	Loss 0.00769 (0.00890)
2025-11-06 18:39:37,429 Test: [0/200]	Time 0.623 (0.623)	Loss 0.0996 (0.0996)
2025-11-06 18:39:37,593 Test: [10/200]	Time 0.016 (0.072)	Loss 0.0115 (0.0642)
2025-11-06 18:39:37,762 Test: [20/200]	Time 0.017 (0.046)	Loss 0.0339 (0.0611)
2025-11-06 18:39:37,925 Test: [30/200]	Time 0.016 (0.036)	Loss 0.0867 (0.0647)
2025-11-06 18:39:38,090 Test: [40/200]	Time 0.014 (0.031)	Loss 0.0469 (0.0679)
2025-11-06 18:39:38,254 Test: [50/200]	Time 0.015 (0.028)	Loss 0.1032 (0.0678)
2025-11-06 18:39:38,416 Test: [60/200]	Time 0.015 (0.026)	Loss 0.0787 (0.0697)
2025-11-06 18:39:38,583 Test: [70/200]	Time 0.016 (0.025)	Loss 0.0423 (0.0703)
2025-11-06 18:39:38,750 Test: [80/200]	Time 0.016 (0.024)	Loss 0.0930 (0.0687)
2025-11-06 18:39:38,921 Test: [90/200]	Time 0.016 (0.023)	Loss 0.0744 (0.0690)
2025-11-06 18:39:39,091 Test: [100/200]	Time 0.017 (0.023)	Loss 0.0994 (0.0689)
2025-11-06 18:39:39,258 Test: [110/200]	Time 0.016 (0.022)	Loss 0.1668 (0.0696)
2025-11-06 18:39:39,427 Test: [120/200]	Time 0.016 (0.022)	Loss 0.0782 (0.0684)
2025-11-06 18:39:39,597 Test: [130/200]	Time 0.016 (0.021)	Loss 0.0768 (0.0690)
2025-11-06 18:39:39,764 Test: [140/200]	Time 0.015 (0.021)	Loss 0.0632 (0.0680)
2025-11-06 18:39:39,925 Test: [150/200]	Time 0.015 (0.021)	Loss 0.0472 (0.0669)
2025-11-06 18:39:40,104 Test: [160/200]	Time 0.017 (0.020)	Loss 0.0737 (0.0673)
2025-11-06 18:39:40,265 Test: [170/200]	Time 0.017 (0.020)	Loss 0.0867 (0.0667)
2025-11-06 18:39:40,434 Test: [180/200]	Time 0.018 (0.020)	Loss 0.0552 (0.0662)
2025-11-06 18:39:40,599 Test: [190/200]	Time 0.018 (0.020)	Loss 0.0268 (0.0661)
2025-11-06 18:39:46,048 Mean IoU score: 0.842
2025-11-06 18:39:46,049 => saving checkpoint to out
2025-11-06 18:39:46,941 Epoch: [13][0/200]	Time 0.885s (0.885s)	Speed 36.2 samples/s	Data 0.623s (0.623s)	Loss 0.00611 (0.00611)
2025-11-06 18:39:49,395 Epoch: [13][10/200]	Time 0.250s (0.303s)	Speed 127.8 samples/s	Data 0.000s (0.057s)	Loss 0.00714 (0.00928)
2025-11-06 18:39:51,865 Epoch: [13][20/200]	Time 0.247s (0.277s)	Speed 129.5 samples/s	Data 0.000s (0.030s)	Loss 0.00773 (0.00874)
2025-11-06 18:39:54,344 Epoch: [13][30/200]	Time 0.246s (0.267s)	Speed 130.2 samples/s	Data 0.000s (0.020s)	Loss 0.00910 (0.00907)
2025-11-06 18:39:56,844 Epoch: [13][40/200]	Time 0.250s (0.263s)	Speed 128.1 samples/s	Data 0.000s (0.016s)	Loss 0.01071 (0.00928)
2025-11-06 18:39:59,332 Epoch: [13][50/200]	Time 0.248s (0.260s)	Speed 128.9 samples/s	Data 0.000s (0.013s)	Loss 0.01040 (0.00936)
2025-11-06 18:40:01,815 Epoch: [13][60/200]	Time 0.247s (0.258s)	Speed 129.3 samples/s	Data 0.000s (0.011s)	Loss 0.01289 (0.00954)
2025-11-06 18:40:04,310 Epoch: [13][70/200]	Time 0.250s (0.257s)	Speed 128.0 samples/s	Data 0.000s (0.009s)	Loss 0.01297 (0.00964)
2025-11-06 18:40:06,795 Epoch: [13][80/200]	Time 0.248s (0.256s)	Speed 128.9 samples/s	Data 0.000s (0.008s)	Loss 0.01365 (0.00991)
2025-11-06 18:40:09,270 Epoch: [13][90/200]	Time 0.251s (0.255s)	Speed 127.5 samples/s	Data 0.000s (0.007s)	Loss 0.02434 (0.01045)
2025-11-06 18:40:11,753 Epoch: [13][100/200]	Time 0.248s (0.254s)	Speed 129.1 samples/s	Data 0.000s (0.007s)	Loss 0.01789 (0.01148)
2025-11-06 18:40:14,238 Epoch: [13][110/200]	Time 0.248s (0.254s)	Speed 129.2 samples/s	Data 0.000s (0.006s)	Loss 0.02519 (0.01269)
2025-11-06 18:40:16,720 Epoch: [13][120/200]	Time 0.247s (0.253s)	Speed 129.7 samples/s	Data 0.000s (0.005s)	Loss 0.02424 (0.01363)
2025-11-06 18:40:19,214 Epoch: [13][130/200]	Time 0.249s (0.253s)	Speed 128.6 samples/s	Data 0.000s (0.005s)	Loss 0.03006 (0.01421)
2025-11-06 18:40:21,706 Epoch: [13][140/200]	Time 0.248s (0.253s)	Speed 129.2 samples/s	Data 0.000s (0.005s)	Loss 0.01864 (0.01481)
2025-11-06 18:40:24,188 Epoch: [13][150/200]	Time 0.247s (0.253s)	Speed 129.6 samples/s	Data 0.000s (0.004s)	Loss 0.02266 (0.01532)
2025-11-06 18:40:26,693 Epoch: [13][160/200]	Time 0.253s (0.252s)	Speed 126.6 samples/s	Data 0.000s (0.004s)	Loss 0.03188 (0.01575)
2025-11-06 18:40:29,186 Epoch: [13][170/200]	Time 0.251s (0.252s)	Speed 127.6 samples/s	Data 0.000s (0.004s)	Loss 0.02583 (0.01604)
2025-11-06 18:40:31,669 Epoch: [13][180/200]	Time 0.253s (0.252s)	Speed 126.6 samples/s	Data 0.000s (0.004s)	Loss 0.01690 (0.01610)
2025-11-06 18:40:34,167 Epoch: [13][190/200]	Time 0.248s (0.252s)	Speed 129.3 samples/s	Data 0.000s (0.004s)	Loss 0.01701 (0.01618)
2025-11-06 18:40:57,183 Test: [0/200]	Time 0.752 (0.752)	Loss 0.1081 (0.1081)
2025-11-06 18:40:57,355 Test: [10/200]	Time 0.015 (0.084)	Loss 0.0110 (0.0723)
2025-11-06 18:40:57,531 Test: [20/200]	Time 0.016 (0.052)	Loss 0.0608 (0.0767)
2025-11-06 18:40:57,705 Test: [30/200]	Time 0.016 (0.041)	Loss 0.1421 (0.0875)
2025-11-06 18:40:57,870 Test: [40/200]	Time 0.016 (0.035)	Loss 0.0533 (0.0895)
2025-11-06 18:40:58,038 Test: [50/200]	Time 0.017 (0.032)	Loss 0.1170 (0.0882)
2025-11-06 18:40:58,206 Test: [60/200]	Time 0.018 (0.029)	Loss 0.1400 (0.0913)
2025-11-06 18:40:58,378 Test: [70/200]	Time 0.016 (0.027)	Loss 0.0732 (0.0910)
2025-11-06 18:40:58,544 Test: [80/200]	Time 0.017 (0.026)	Loss 0.0846 (0.0894)
2025-11-06 18:40:58,707 Test: [90/200]	Time 0.018 (0.025)	Loss 0.0730 (0.0902)
2025-11-06 18:40:58,876 Test: [100/200]	Time 0.017 (0.024)	Loss 0.1218 (0.0898)
2025-11-06 18:40:59,051 Test: [110/200]	Time 0.016 (0.024)	Loss 0.1972 (0.0912)
2025-11-06 18:40:59,224 Test: [120/200]	Time 0.018 (0.023)	Loss 0.0935 (0.0899)
2025-11-06 18:40:59,396 Test: [130/200]	Time 0.017 (0.023)	Loss 0.0580 (0.0896)
2025-11-06 18:40:59,560 Test: [140/200]	Time 0.015 (0.022)	Loss 0.1038 (0.0894)
2025-11-06 18:40:59,721 Test: [150/200]	Time 0.017 (0.022)	Loss 0.0699 (0.0884)
2025-11-06 18:40:59,883 Test: [160/200]	Time 0.019 (0.021)	Loss 0.1379 (0.0886)
2025-11-06 18:41:00,047 Test: [170/200]	Time 0.016 (0.021)	Loss 0.0923 (0.0882)
2025-11-06 18:41:00,209 Test: [180/200]	Time 0.015 (0.021)	Loss 0.0943 (0.0874)
2025-11-06 18:41:00,375 Test: [190/200]	Time 0.016 (0.021)	Loss 0.0338 (0.0875)
2025-11-06 18:41:05,820 Mean IoU score: 0.790
2025-11-06 18:41:05,821 => saving checkpoint to out
2025-11-06 18:41:06,723 Epoch: [14][0/200]	Time 0.894s (0.894s)	Speed 35.8 samples/s	Data 0.631s (0.631s)	Loss 0.01209 (0.01209)
2025-11-06 18:41:09,171 Epoch: [14][10/200]	Time 0.249s (0.304s)	Speed 128.3 samples/s	Data 0.000s (0.058s)	Loss 0.01374 (0.01506)
2025-11-06 18:41:11,647 Epoch: [14][20/200]	Time 0.249s (0.277s)	Speed 128.3 samples/s	Data 0.000s (0.030s)	Loss 0.01409 (0.01542)
2025-11-06 18:41:14,129 Epoch: [14][30/200]	Time 0.251s (0.268s)	Speed 127.4 samples/s	Data 0.000s (0.021s)	Loss 0.01492 (0.01536)
2025-11-06 18:41:16,621 Epoch: [14][40/200]	Time 0.251s (0.263s)	Speed 127.3 samples/s	Data 0.000s (0.016s)	Loss 0.01670 (0.01556)
2025-11-06 18:41:19,099 Epoch: [14][50/200]	Time 0.255s (0.260s)	Speed 125.7 samples/s	Data 0.000s (0.013s)	Loss 0.02291 (0.01558)
2025-11-06 18:41:21,598 Epoch: [14][60/200]	Time 0.253s (0.259s)	Speed 126.6 samples/s	Data 0.000s (0.011s)	Loss 0.01312 (0.01539)
2025-11-06 18:41:24,093 Epoch: [14][70/200]	Time 0.246s (0.257s)	Speed 129.9 samples/s	Data 0.000s (0.009s)	Loss 0.01407 (0.01521)
2025-11-06 18:41:26,601 Epoch: [14][80/200]	Time 0.252s (0.256s)	Speed 127.1 samples/s	Data 0.000s (0.008s)	Loss 0.01499 (0.01497)
2025-11-06 18:41:29,075 Epoch: [14][90/200]	Time 0.244s (0.255s)	Speed 131.4 samples/s	Data 0.000s (0.007s)	Loss 0.01980 (0.01504)
2025-11-06 18:41:31,572 Epoch: [14][100/200]	Time 0.250s (0.255s)	Speed 128.2 samples/s	Data 0.000s (0.007s)	Loss 0.01728 (0.01510)
2025-11-06 18:41:34,047 Epoch: [14][110/200]	Time 0.248s (0.254s)	Speed 128.9 samples/s	Data 0.000s (0.006s)	Loss 0.00963 (0.01524)
2025-11-06 18:41:36,544 Epoch: [14][120/200]	Time 0.256s (0.254s)	Speed 125.0 samples/s	Data 0.000s (0.006s)	Loss 0.01429 (0.01517)
2025-11-06 18:41:39,019 Epoch: [14][130/200]	Time 0.244s (0.253s)	Speed 131.2 samples/s	Data 0.000s (0.005s)	Loss 0.01034 (0.01500)
2025-11-06 18:41:41,516 Epoch: [14][140/200]	Time 0.252s (0.253s)	Speed 127.1 samples/s	Data 0.000s (0.005s)	Loss 0.01066 (0.01495)
2025-11-06 18:41:44,021 Epoch: [14][150/200]	Time 0.254s (0.253s)	Speed 125.8 samples/s	Data 0.000s (0.005s)	Loss 0.01111 (0.01474)
2025-11-06 18:41:46,514 Epoch: [14][160/200]	Time 0.251s (0.253s)	Speed 127.7 samples/s	Data 0.000s (0.004s)	Loss 0.01040 (0.01460)
2025-11-06 18:41:49,005 Epoch: [14][170/200]	Time 0.251s (0.252s)	Speed 127.4 samples/s	Data 0.000s (0.004s)	Loss 0.01282 (0.01446)
2025-11-06 18:41:51,518 Epoch: [14][180/200]	Time 0.254s (0.252s)	Speed 126.1 samples/s	Data 0.000s (0.004s)	Loss 0.01192 (0.01426)
2025-11-06 18:41:54,021 Epoch: [14][190/200]	Time 0.249s (0.252s)	Speed 128.3 samples/s	Data 0.000s (0.004s)	Loss 0.01206 (0.01416)
2025-11-06 18:42:17,030 Test: [0/200]	Time 0.756 (0.756)	Loss 0.0623 (0.0623)
2025-11-06 18:42:17,202 Test: [10/200]	Time 0.015 (0.084)	Loss 0.0130 (0.0624)
2025-11-06 18:42:17,374 Test: [20/200]	Time 0.017 (0.052)	Loss 0.0525 (0.0649)
2025-11-06 18:42:17,536 Test: [30/200]	Time 0.014 (0.041)	Loss 0.0747 (0.0704)
2025-11-06 18:42:17,703 Test: [40/200]	Time 0.020 (0.035)	Loss 0.0635 (0.0738)
2025-11-06 18:42:17,863 Test: [50/200]	Time 0.015 (0.031)	Loss 0.1164 (0.0750)
2025-11-06 18:42:18,016 Test: [60/200]	Time 0.015 (0.029)	Loss 0.0783 (0.0753)
2025-11-06 18:42:18,181 Test: [70/200]	Time 0.015 (0.027)	Loss 0.0637 (0.0741)
2025-11-06 18:42:18,343 Test: [80/200]	Time 0.015 (0.026)	Loss 0.0903 (0.0724)
2025-11-06 18:42:18,504 Test: [90/200]	Time 0.015 (0.025)	Loss 0.1085 (0.0730)
2025-11-06 18:42:18,674 Test: [100/200]	Time 0.016 (0.024)	Loss 0.1072 (0.0721)
2025-11-06 18:42:18,835 Test: [110/200]	Time 0.014 (0.023)	Loss 0.1583 (0.0727)
2025-11-06 18:42:19,001 Test: [120/200]	Time 0.015 (0.023)	Loss 0.0650 (0.0710)
2025-11-06 18:42:19,168 Test: [130/200]	Time 0.019 (0.022)	Loss 0.0608 (0.0711)
2025-11-06 18:42:19,321 Test: [140/200]	Time 0.015 (0.022)	Loss 0.0800 (0.0706)
2025-11-06 18:42:19,490 Test: [150/200]	Time 0.018 (0.021)	Loss 0.0593 (0.0694)
2025-11-06 18:42:19,649 Test: [160/200]	Time 0.017 (0.021)	Loss 0.0677 (0.0689)
2025-11-06 18:42:19,812 Test: [170/200]	Time 0.015 (0.021)	Loss 0.0831 (0.0682)
2025-11-06 18:42:19,976 Test: [180/200]	Time 0.016 (0.020)	Loss 0.0576 (0.0675)
2025-11-06 18:42:20,137 Test: [190/200]	Time 0.015 (0.020)	Loss 0.0283 (0.0676)
2025-11-06 18:42:25,577 Mean IoU score: 0.833
2025-11-06 18:42:25,578 => saving checkpoint to out
2025-11-06 18:42:26,481 Epoch: [15][0/200]	Time 0.895s (0.895s)	Speed 35.7 samples/s	Data 0.626s (0.626s)	Loss 0.00864 (0.00864)
2025-11-06 18:42:28,928 Epoch: [15][10/200]	Time 0.246s (0.304s)	Speed 129.8 samples/s	Data 0.000s (0.057s)	Loss 0.01272 (0.01153)
2025-11-06 18:42:31,377 Epoch: [15][20/200]	Time 0.244s (0.276s)	Speed 131.3 samples/s	Data 0.000s (0.030s)	Loss 0.00970 (0.01102)
2025-11-06 18:42:33,856 Epoch: [15][30/200]	Time 0.247s (0.267s)	Speed 129.6 samples/s	Data 0.000s (0.021s)	Loss 0.01025 (0.01112)
2025-11-06 18:42:36,325 Epoch: [15][40/200]	Time 0.247s (0.262s)	Speed 129.7 samples/s	Data 0.000s (0.016s)	Loss 0.01117 (0.01094)
2025-11-06 18:42:38,800 Epoch: [15][50/200]	Time 0.245s (0.259s)	Speed 130.5 samples/s	Data 0.000s (0.013s)	Loss 0.01383 (0.01085)
2025-11-06 18:42:41,275 Epoch: [15][60/200]	Time 0.248s (0.257s)	Speed 129.1 samples/s	Data 0.000s (0.011s)	Loss 0.01019 (0.01091)
2025-11-06 18:42:43,767 Epoch: [15][70/200]	Time 0.252s (0.256s)	Speed 127.1 samples/s	Data 0.000s (0.009s)	Loss 0.00848 (0.01082)
2025-11-06 18:42:46,242 Epoch: [15][80/200]	Time 0.250s (0.255s)	Speed 128.0 samples/s	Data 0.000s (0.008s)	Loss 0.01024 (0.01066)
2025-11-06 18:42:48,700 Epoch: [15][90/200]	Time 0.246s (0.254s)	Speed 129.9 samples/s	Data 0.000s (0.007s)	Loss 0.00838 (0.01062)
2025-11-06 18:42:51,187 Epoch: [15][100/200]	Time 0.247s (0.253s)	Speed 129.4 samples/s	Data 0.000s (0.007s)	Loss 0.01205 (0.01059)
2025-11-06 18:42:53,678 Epoch: [15][110/200]	Time 0.246s (0.253s)	Speed 130.1 samples/s	Data 0.000s (0.006s)	Loss 0.00719 (0.01053)
2025-11-06 18:42:56,155 Epoch: [15][120/200]	Time 0.247s (0.253s)	Speed 129.7 samples/s	Data 0.000s (0.006s)	Loss 0.01129 (0.01048)
2025-11-06 18:42:58,639 Epoch: [15][130/200]	Time 0.245s (0.252s)	Speed 130.5 samples/s	Data 0.000s (0.005s)	Loss 0.00838 (0.01037)
2025-11-06 18:43:01,114 Epoch: [15][140/200]	Time 0.246s (0.252s)	Speed 130.2 samples/s	Data 0.000s (0.005s)	Loss 0.01358 (0.01034)
2025-11-06 18:43:03,612 Epoch: [15][150/200]	Time 0.249s (0.252s)	Speed 128.3 samples/s	Data 0.000s (0.004s)	Loss 0.01270 (0.01034)
2025-11-06 18:43:06,108 Epoch: [15][160/200]	Time 0.249s (0.252s)	Speed 128.5 samples/s	Data 0.000s (0.004s)	Loss 0.00924 (0.01031)
2025-11-06 18:43:08,593 Epoch: [15][170/200]	Time 0.251s (0.252s)	Speed 127.5 samples/s	Data 0.000s (0.004s)	Loss 0.00613 (0.01024)
2025-11-06 18:43:11,083 Epoch: [15][180/200]	Time 0.246s (0.251s)	Speed 130.0 samples/s	Data 0.000s (0.004s)	Loss 0.00780 (0.01017)
2025-11-06 18:43:13,563 Epoch: [15][190/200]	Time 0.250s (0.251s)	Speed 128.2 samples/s	Data 0.000s (0.004s)	Loss 0.00718 (0.01010)
2025-11-06 18:43:36,533 Test: [0/200]	Time 0.749 (0.749)	Loss 0.0514 (0.0514)
2025-11-06 18:43:36,683 Test: [10/200]	Time 0.015 (0.082)	Loss 0.0084 (0.0537)
2025-11-06 18:43:36,852 Test: [20/200]	Time 0.017 (0.051)	Loss 0.0597 (0.0556)
2025-11-06 18:43:37,025 Test: [30/200]	Time 0.018 (0.040)	Loss 0.0634 (0.0601)
2025-11-06 18:43:37,206 Test: [40/200]	Time 0.018 (0.035)	Loss 0.0404 (0.0619)
2025-11-06 18:43:37,370 Test: [50/200]	Time 0.014 (0.031)	Loss 0.1118 (0.0627)
2025-11-06 18:43:37,537 Test: [60/200]	Time 0.016 (0.029)	Loss 0.0596 (0.0645)
2025-11-06 18:43:37,711 Test: [70/200]	Time 0.020 (0.027)	Loss 0.0442 (0.0638)
2025-11-06 18:43:37,890 Test: [80/200]	Time 0.017 (0.026)	Loss 0.0591 (0.0621)
2025-11-06 18:43:38,056 Test: [90/200]	Time 0.015 (0.025)	Loss 0.0811 (0.0635)
2025-11-06 18:43:38,222 Test: [100/200]	Time 0.017 (0.024)	Loss 0.0890 (0.0627)
2025-11-06 18:43:38,397 Test: [110/200]	Time 0.017 (0.024)	Loss 0.1588 (0.0638)
2025-11-06 18:43:38,565 Test: [120/200]	Time 0.017 (0.023)	Loss 0.0781 (0.0624)
2025-11-06 18:43:38,731 Test: [130/200]	Time 0.016 (0.022)	Loss 0.0487 (0.0624)
2025-11-06 18:43:38,899 Test: [140/200]	Time 0.017 (0.022)	Loss 0.1094 (0.0617)
2025-11-06 18:43:39,069 Test: [150/200]	Time 0.018 (0.022)	Loss 0.0472 (0.0605)
2025-11-06 18:43:39,240 Test: [160/200]	Time 0.016 (0.021)	Loss 0.0648 (0.0603)
2025-11-06 18:43:39,415 Test: [170/200]	Time 0.015 (0.021)	Loss 0.0610 (0.0598)
2025-11-06 18:43:39,582 Test: [180/200]	Time 0.016 (0.021)	Loss 0.0461 (0.0592)
2025-11-06 18:43:39,747 Test: [190/200]	Time 0.018 (0.021)	Loss 0.0251 (0.0589)
2025-11-06 18:43:45,188 Mean IoU score: 0.858
2025-11-06 18:43:45,189 => saving checkpoint to out
2025-11-06 18:43:46,099 Epoch: [16][0/200]	Time 0.900s (0.900s)	Speed 35.6 samples/s	Data 0.636s (0.636s)	Loss 0.00814 (0.00814)
2025-11-06 18:43:48,588 Epoch: [16][10/200]	Time 0.243s (0.308s)	Speed 131.8 samples/s	Data 0.000s (0.058s)	Loss 0.00835 (0.00853)
2025-11-06 18:43:51,040 Epoch: [16][20/200]	Time 0.239s (0.278s)	Speed 133.7 samples/s	Data 0.000s (0.031s)	Loss 0.00944 (0.00892)
2025-11-06 18:43:53,526 Epoch: [16][30/200]	Time 0.253s (0.269s)	Speed 126.7 samples/s	Data 0.000s (0.021s)	Loss 0.00797 (0.00873)
2025-11-06 18:43:56,002 Epoch: [16][40/200]	Time 0.250s (0.263s)	Speed 127.8 samples/s	Data 0.000s (0.016s)	Loss 0.00833 (0.00859)
2025-11-06 18:43:58,477 Epoch: [16][50/200]	Time 0.245s (0.260s)	Speed 130.8 samples/s	Data 0.000s (0.013s)	Loss 0.00985 (0.00851)
2025-11-06 18:44:00,969 Epoch: [16][60/200]	Time 0.246s (0.259s)	Speed 129.9 samples/s	Data 0.000s (0.011s)	Loss 0.00928 (0.00851)
2025-11-06 18:44:03,462 Epoch: [16][70/200]	Time 0.250s (0.257s)	Speed 128.1 samples/s	Data 0.000s (0.009s)	Loss 0.00823 (0.00853)
2025-11-06 18:44:05,957 Epoch: [16][80/200]	Time 0.249s (0.256s)	Speed 128.5 samples/s	Data 0.000s (0.008s)	Loss 0.00610 (0.00845)
2025-11-06 18:44:08,432 Epoch: [16][90/200]	Time 0.251s (0.255s)	Speed 127.5 samples/s	Data 0.000s (0.007s)	Loss 0.00958 (0.00856)
2025-11-06 18:44:10,906 Epoch: [16][100/200]	Time 0.243s (0.255s)	Speed 131.9 samples/s	Data 0.000s (0.007s)	Loss 0.01044 (0.00860)
2025-11-06 18:44:13,391 Epoch: [16][110/200]	Time 0.248s (0.254s)	Speed 129.1 samples/s	Data 0.000s (0.006s)	Loss 0.00866 (0.00858)
2025-11-06 18:44:15,887 Epoch: [16][120/200]	Time 0.248s (0.254s)	Speed 128.8 samples/s	Data 0.000s (0.006s)	Loss 0.01051 (0.00862)
2025-11-06 18:44:18,351 Epoch: [16][130/200]	Time 0.245s (0.253s)	Speed 130.6 samples/s	Data 0.000s (0.005s)	Loss 0.00776 (0.00857)
2025-11-06 18:44:20,813 Epoch: [16][140/200]	Time 0.247s (0.253s)	Speed 129.5 samples/s	Data 0.000s (0.005s)	Loss 0.00917 (0.00856)
2025-11-06 18:44:23,286 Epoch: [16][150/200]	Time 0.246s (0.252s)	Speed 130.0 samples/s	Data 0.000s (0.005s)	Loss 0.00882 (0.00855)
2025-11-06 18:44:25,767 Epoch: [16][160/200]	Time 0.244s (0.252s)	Speed 131.0 samples/s	Data 0.000s (0.004s)	Loss 0.00840 (0.00854)
2025-11-06 18:44:28,261 Epoch: [16][170/200]	Time 0.250s (0.252s)	Speed 128.1 samples/s	Data 0.000s (0.004s)	Loss 0.01074 (0.00857)
2025-11-06 18:44:30,744 Epoch: [16][180/200]	Time 0.249s (0.252s)	Speed 128.3 samples/s	Data 0.000s (0.004s)	Loss 0.00736 (0.00851)
2025-11-06 18:44:33,221 Epoch: [16][190/200]	Time 0.246s (0.251s)	Speed 130.2 samples/s	Data 0.000s (0.004s)	Loss 0.00831 (0.00852)
2025-11-06 18:44:56,235 Test: [0/200]	Time 0.760 (0.760)	Loss 0.0560 (0.0560)
2025-11-06 18:44:56,412 Test: [10/200]	Time 0.015 (0.085)	Loss 0.0093 (0.0517)
2025-11-06 18:44:56,582 Test: [20/200]	Time 0.016 (0.053)	Loss 0.0601 (0.0530)
2025-11-06 18:44:56,759 Test: [30/200]	Time 0.017 (0.041)	Loss 0.0722 (0.0581)
2025-11-06 18:44:56,925 Test: [40/200]	Time 0.016 (0.035)	Loss 0.0436 (0.0603)
2025-11-06 18:44:57,099 Test: [50/200]	Time 0.019 (0.032)	Loss 0.0985 (0.0609)
2025-11-06 18:44:57,267 Test: [60/200]	Time 0.017 (0.029)	Loss 0.0766 (0.0621)
2025-11-06 18:44:57,444 Test: [70/200]	Time 0.018 (0.028)	Loss 0.0420 (0.0624)
2025-11-06 18:44:57,613 Test: [80/200]	Time 0.019 (0.026)	Loss 0.0615 (0.0608)
2025-11-06 18:44:57,780 Test: [90/200]	Time 0.015 (0.025)	Loss 0.0578 (0.0616)
2025-11-06 18:44:57,940 Test: [100/200]	Time 0.015 (0.024)	Loss 0.0861 (0.0610)
2025-11-06 18:44:58,098 Test: [110/200]	Time 0.016 (0.024)	Loss 0.1613 (0.0622)
2025-11-06 18:44:58,256 Test: [120/200]	Time 0.017 (0.023)	Loss 0.0611 (0.0608)
2025-11-06 18:44:58,417 Test: [130/200]	Time 0.015 (0.022)	Loss 0.0508 (0.0609)
2025-11-06 18:44:58,586 Test: [140/200]	Time 0.015 (0.022)	Loss 0.0940 (0.0603)
2025-11-06 18:44:58,761 Test: [150/200]	Time 0.016 (0.022)	Loss 0.0427 (0.0593)
2025-11-06 18:44:58,919 Test: [160/200]	Time 0.016 (0.021)	Loss 0.0708 (0.0594)
2025-11-06 18:44:59,092 Test: [170/200]	Time 0.017 (0.021)	Loss 0.0536 (0.0589)
2025-11-06 18:44:59,268 Test: [180/200]	Time 0.015 (0.021)	Loss 0.0418 (0.0584)
2025-11-06 18:44:59,441 Test: [190/200]	Time 0.020 (0.021)	Loss 0.0258 (0.0581)
2025-11-06 18:45:04,889 Mean IoU score: 0.861
2025-11-06 18:45:04,890 => saving checkpoint to out
2025-11-06 18:45:05,793 Epoch: [17][0/200]	Time 0.892s (0.892s)	Speed 35.9 samples/s	Data 0.629s (0.629s)	Loss 0.00821 (0.00821)
2025-11-06 18:45:08,236 Epoch: [17][10/200]	Time 0.241s (0.303s)	Speed 132.7 samples/s	Data 0.000s (0.058s)	Loss 0.00788 (0.00743)
2025-11-06 18:45:10,675 Epoch: [17][20/200]	Time 0.247s (0.275s)	Speed 129.4 samples/s	Data 0.000s (0.030s)	Loss 0.00819 (0.00768)
2025-11-06 18:45:13,120 Epoch: [17][30/200]	Time 0.248s (0.265s)	Speed 129.0 samples/s	Data 0.000s (0.021s)	Loss 0.00730 (0.00771)
2025-11-06 18:45:15,585 Epoch: [17][40/200]	Time 0.251s (0.261s)	Speed 127.3 samples/s	Data 0.000s (0.016s)	Loss 0.00766 (0.00786)
2025-11-06 18:45:18,038 Epoch: [17][50/200]	Time 0.248s (0.258s)	Speed 129.0 samples/s	Data 0.000s (0.013s)	Loss 0.00891 (0.00791)
2025-11-06 18:45:20,486 Epoch: [17][60/200]	Time 0.247s (0.255s)	Speed 129.7 samples/s	Data 0.000s (0.011s)	Loss 0.00935 (0.00790)
2025-11-06 18:45:22,945 Epoch: [17][70/200]	Time 0.244s (0.254s)	Speed 131.2 samples/s	Data 0.000s (0.009s)	Loss 0.00734 (0.00790)
2025-11-06 18:45:25,416 Epoch: [17][80/200]	Time 0.248s (0.253s)	Speed 128.9 samples/s	Data 0.000s (0.008s)	Loss 0.00952 (0.00788)
2025-11-06 18:45:27,878 Epoch: [17][90/200]	Time 0.244s (0.252s)	Speed 131.1 samples/s	Data 0.000s (0.007s)	Loss 0.00741 (0.00788)
2025-11-06 18:45:30,334 Epoch: [17][100/200]	Time 0.248s (0.252s)	Speed 129.0 samples/s	Data 0.000s (0.007s)	Loss 0.00636 (0.00779)
2025-11-06 18:45:32,803 Epoch: [17][110/200]	Time 0.246s (0.251s)	Speed 130.3 samples/s	Data 0.000s (0.006s)	Loss 0.00568 (0.00783)
2025-11-06 18:45:35,262 Epoch: [17][120/200]	Time 0.247s (0.251s)	Speed 129.3 samples/s	Data 0.000s (0.006s)	Loss 0.00725 (0.00782)
2025-11-06 18:45:37,738 Epoch: [17][130/200]	Time 0.246s (0.251s)	Speed 129.9 samples/s	Data 0.000s (0.005s)	Loss 0.00853 (0.00782)
2025-11-06 18:45:40,226 Epoch: [17][140/200]	Time 0.250s (0.251s)	Speed 127.9 samples/s	Data 0.000s (0.005s)	Loss 0.00694 (0.00779)
2025-11-06 18:45:42,710 Epoch: [17][150/200]	Time 0.251s (0.250s)	Speed 127.4 samples/s	Data 0.000s (0.005s)	Loss 0.00645 (0.00779)
2025-11-06 18:45:45,197 Epoch: [17][160/200]	Time 0.248s (0.250s)	Speed 128.8 samples/s	Data 0.000s (0.004s)	Loss 0.00820 (0.00780)
2025-11-06 18:45:47,671 Epoch: [17][170/200]	Time 0.243s (0.250s)	Speed 131.9 samples/s	Data 0.000s (0.004s)	Loss 0.00795 (0.00784)
2025-11-06 18:45:50,134 Epoch: [17][180/200]	Time 0.245s (0.250s)	Speed 130.9 samples/s	Data 0.000s (0.004s)	Loss 0.00722 (0.00781)
2025-11-06 18:45:52,614 Epoch: [17][190/200]	Time 0.257s (0.250s)	Speed 124.5 samples/s	Data 0.000s (0.004s)	Loss 0.00760 (0.00780)
2025-11-06 18:46:15,679 Test: [0/200]	Time 0.807 (0.807)	Loss 0.0622 (0.0622)
2025-11-06 18:46:15,846 Test: [10/200]	Time 0.014 (0.089)	Loss 0.0092 (0.0543)
2025-11-06 18:46:16,004 Test: [20/200]	Time 0.016 (0.054)	Loss 0.0534 (0.0551)
2025-11-06 18:46:16,164 Test: [30/200]	Time 0.016 (0.042)	Loss 0.0689 (0.0604)
2025-11-06 18:46:16,339 Test: [40/200]	Time 0.018 (0.036)	Loss 0.0401 (0.0621)
2025-11-06 18:46:16,502 Test: [50/200]	Time 0.014 (0.032)	Loss 0.1081 (0.0633)
2025-11-06 18:46:16,666 Test: [60/200]	Time 0.016 (0.029)	Loss 0.0746 (0.0641)
2025-11-06 18:46:16,838 Test: [70/200]	Time 0.016 (0.028)	Loss 0.0504 (0.0638)
2025-11-06 18:46:17,004 Test: [80/200]	Time 0.016 (0.026)	Loss 0.0601 (0.0621)
2025-11-06 18:46:17,167 Test: [90/200]	Time 0.019 (0.025)	Loss 0.0732 (0.0634)
2025-11-06 18:46:17,332 Test: [100/200]	Time 0.017 (0.024)	Loss 0.0868 (0.0627)
2025-11-06 18:46:17,495 Test: [110/200]	Time 0.016 (0.024)	Loss 0.1784 (0.0640)
2025-11-06 18:46:17,654 Test: [120/200]	Time 0.017 (0.023)	Loss 0.0661 (0.0624)
2025-11-06 18:46:17,819 Test: [130/200]	Time 0.015 (0.022)	Loss 0.0522 (0.0625)
2025-11-06 18:46:17,984 Test: [140/200]	Time 0.016 (0.022)	Loss 0.1018 (0.0619)
2025-11-06 18:46:18,156 Test: [150/200]	Time 0.015 (0.022)	Loss 0.0438 (0.0607)
2025-11-06 18:46:18,318 Test: [160/200]	Time 0.017 (0.021)	Loss 0.0715 (0.0607)
2025-11-06 18:46:18,480 Test: [170/200]	Time 0.017 (0.021)	Loss 0.0602 (0.0603)
2025-11-06 18:46:18,636 Test: [180/200]	Time 0.015 (0.021)	Loss 0.0444 (0.0598)
2025-11-06 18:46:18,795 Test: [190/200]	Time 0.018 (0.021)	Loss 0.0236 (0.0596)
2025-11-06 18:46:24,247 Mean IoU score: 0.862
2025-11-06 18:46:24,248 => saving checkpoint to out
2025-11-06 18:46:25,148 Epoch: [18][0/200]	Time 0.890s (0.890s)	Speed 36.0 samples/s	Data 0.627s (0.627s)	Loss 0.00777 (0.00777)
2025-11-06 18:46:27,602 Epoch: [18][10/200]	Time 0.242s (0.304s)	Speed 132.4 samples/s	Data 0.000s (0.057s)	Loss 0.00612 (0.00755)
2025-11-06 18:46:30,062 Epoch: [18][20/200]	Time 0.245s (0.276s)	Speed 130.8 samples/s	Data 0.000s (0.030s)	Loss 0.00939 (0.00765)
2025-11-06 18:46:32,536 Epoch: [18][30/200]	Time 0.252s (0.267s)	Speed 127.1 samples/s	Data 0.000s (0.021s)	Loss 0.00660 (0.00737)
2025-11-06 18:46:34,997 Epoch: [18][40/200]	Time 0.244s (0.262s)	Speed 131.2 samples/s	Data 0.000s (0.016s)	Loss 0.00902 (0.00735)
2025-11-06 18:46:37,469 Epoch: [18][50/200]	Time 0.246s (0.259s)	Speed 130.0 samples/s	Data 0.000s (0.013s)	Loss 0.00687 (0.00727)
2025-11-06 18:46:39,937 Epoch: [18][60/200]	Time 0.245s (0.257s)	Speed 130.4 samples/s	Data 0.000s (0.011s)	Loss 0.00504 (0.00726)
2025-11-06 18:46:42,419 Epoch: [18][70/200]	Time 0.249s (0.256s)	Speed 128.3 samples/s	Data 0.000s (0.009s)	Loss 0.00733 (0.00722)
2025-11-06 18:46:44,907 Epoch: [18][80/200]	Time 0.247s (0.255s)	Speed 129.8 samples/s	Data 0.000s (0.008s)	Loss 0.00723 (0.00716)
2025-11-06 18:46:47,380 Epoch: [18][90/200]	Time 0.249s (0.254s)	Speed 128.6 samples/s	Data 0.000s (0.007s)	Loss 0.00653 (0.00725)
2025-11-06 18:46:49,857 Epoch: [18][100/200]	Time 0.245s (0.253s)	Speed 130.9 samples/s	Data 0.000s (0.007s)	Loss 0.00782 (0.00722)
2025-11-06 18:46:52,339 Epoch: [18][110/200]	Time 0.248s (0.253s)	Speed 129.0 samples/s	Data 0.000s (0.006s)	Loss 0.00856 (0.00724)
2025-11-06 18:46:54,819 Epoch: [18][120/200]	Time 0.246s (0.253s)	Speed 130.0 samples/s	Data 0.000s (0.006s)	Loss 0.00723 (0.00725)
2025-11-06 18:46:57,293 Epoch: [18][130/200]	Time 0.248s (0.252s)	Speed 129.3 samples/s	Data 0.000s (0.005s)	Loss 0.00870 (0.00725)
2025-11-06 18:46:59,759 Epoch: [18][140/200]	Time 0.247s (0.252s)	Speed 129.5 samples/s	Data 0.000s (0.005s)	Loss 0.00634 (0.00727)
2025-11-06 18:47:02,234 Epoch: [18][150/200]	Time 0.251s (0.251s)	Speed 127.5 samples/s	Data 0.000s (0.005s)	Loss 0.00712 (0.00726)
2025-11-06 18:47:04,709 Epoch: [18][160/200]	Time 0.246s (0.251s)	Speed 130.0 samples/s	Data 0.000s (0.004s)	Loss 0.00568 (0.00728)
2025-11-06 18:47:07,185 Epoch: [18][170/200]	Time 0.244s (0.251s)	Speed 131.4 samples/s	Data 0.000s (0.004s)	Loss 0.00746 (0.00725)
2025-11-06 18:47:09,643 Epoch: [18][180/200]	Time 0.246s (0.251s)	Speed 130.2 samples/s	Data 0.002s (0.004s)	Loss 0.00855 (0.00725)
2025-11-06 18:47:12,116 Epoch: [18][190/200]	Time 0.247s (0.251s)	Speed 129.4 samples/s	Data 0.000s (0.004s)	Loss 0.00724 (0.00723)
2025-11-06 18:47:35,161 Test: [0/200]	Time 0.800 (0.800)	Loss 0.0589 (0.0589)
2025-11-06 18:47:35,310 Test: [10/200]	Time 0.014 (0.086)	Loss 0.0097 (0.0516)
2025-11-06 18:47:35,471 Test: [20/200]	Time 0.016 (0.053)	Loss 0.0452 (0.0540)
2025-11-06 18:47:35,638 Test: [30/200]	Time 0.016 (0.041)	Loss 0.0699 (0.0595)
2025-11-06 18:47:35,802 Test: [40/200]	Time 0.017 (0.035)	Loss 0.0488 (0.0619)
2025-11-06 18:47:35,964 Test: [50/200]	Time 0.014 (0.031)	Loss 0.1094 (0.0625)
2025-11-06 18:47:36,132 Test: [60/200]	Time 0.017 (0.029)	Loss 0.0717 (0.0639)
2025-11-06 18:47:36,296 Test: [70/200]	Time 0.016 (0.027)	Loss 0.0504 (0.0638)
2025-11-06 18:47:36,459 Test: [80/200]	Time 0.017 (0.026)	Loss 0.0648 (0.0621)
2025-11-06 18:47:36,620 Test: [90/200]	Time 0.016 (0.025)	Loss 0.0690 (0.0634)
2025-11-06 18:47:36,791 Test: [100/200]	Time 0.019 (0.024)	Loss 0.0867 (0.0629)
2025-11-06 18:47:36,955 Test: [110/200]	Time 0.017 (0.023)	Loss 0.1718 (0.0638)
2025-11-06 18:47:37,120 Test: [120/200]	Time 0.016 (0.023)	Loss 0.0610 (0.0623)
2025-11-06 18:47:37,277 Test: [130/200]	Time 0.013 (0.022)	Loss 0.0491 (0.0624)
2025-11-06 18:47:37,430 Test: [140/200]	Time 0.016 (0.022)	Loss 0.0978 (0.0618)
2025-11-06 18:47:37,587 Test: [150/200]	Time 0.016 (0.021)	Loss 0.0434 (0.0608)
2025-11-06 18:47:37,749 Test: [160/200]	Time 0.017 (0.021)	Loss 0.0705 (0.0608)
2025-11-06 18:47:37,911 Test: [170/200]	Time 0.016 (0.021)	Loss 0.0589 (0.0604)
2025-11-06 18:47:38,074 Test: [180/200]	Time 0.015 (0.021)	Loss 0.0489 (0.0599)
2025-11-06 18:47:38,245 Test: [190/200]	Time 0.015 (0.020)	Loss 0.0251 (0.0598)
2025-11-06 18:47:43,685 Mean IoU score: 0.860
2025-11-06 18:47:43,686 => saving checkpoint to out
2025-11-06 18:47:44,631 Epoch: [19][0/200]	Time 0.935s (0.935s)	Speed 34.2 samples/s	Data 0.670s (0.670s)	Loss 0.00840 (0.00840)
2025-11-06 18:47:47,077 Epoch: [19][10/200]	Time 0.246s (0.307s)	Speed 130.0 samples/s	Data 0.000s (0.061s)	Loss 0.00773 (0.00681)
2025-11-06 18:47:49,526 Epoch: [19][20/200]	Time 0.244s (0.278s)	Speed 131.2 samples/s	Data 0.000s (0.032s)	Loss 0.00691 (0.00655)
2025-11-06 18:47:51,998 Epoch: [19][30/200]	Time 0.248s (0.268s)	Speed 129.1 samples/s	Data 0.000s (0.022s)	Loss 0.00776 (0.00661)
2025-11-06 18:47:54,481 Epoch: [19][40/200]	Time 0.255s (0.263s)	Speed 125.7 samples/s	Data 0.000s (0.017s)	Loss 0.00599 (0.00657)
2025-11-06 18:47:56,929 Epoch: [19][50/200]	Time 0.234s (0.259s)	Speed 136.7 samples/s	Data 0.000s (0.013s)	Loss 0.00713 (0.00659)
2025-11-06 18:47:59,366 Epoch: [19][60/200]	Time 0.244s (0.257s)	Speed 131.4 samples/s	Data 0.000s (0.011s)	Loss 0.00707 (0.00656)
2025-11-06 18:48:01,821 Epoch: [19][70/200]	Time 0.243s (0.255s)	Speed 131.5 samples/s	Data 0.000s (0.010s)	Loss 0.00598 (0.00655)
2025-11-06 18:48:04,288 Epoch: [19][80/200]	Time 0.248s (0.254s)	Speed 129.2 samples/s	Data 0.000s (0.009s)	Loss 0.00726 (0.00660)
2025-11-06 18:48:06,741 Epoch: [19][90/200]	Time 0.245s (0.253s)	Speed 130.5 samples/s	Data 0.000s (0.008s)	Loss 0.00699 (0.00664)
2025-11-06 18:48:09,199 Epoch: [19][100/200]	Time 0.243s (0.253s)	Speed 131.5 samples/s	Data 0.000s (0.007s)	Loss 0.00874 (0.00667)
2025-11-06 18:48:11,669 Epoch: [19][110/200]	Time 0.243s (0.252s)	Speed 131.8 samples/s	Data 0.000s (0.006s)	Loss 0.00660 (0.00667)
2025-11-06 18:48:14,135 Epoch: [19][120/200]	Time 0.247s (0.252s)	Speed 129.8 samples/s	Data 0.000s (0.006s)	Loss 0.00652 (0.00667)
2025-11-06 18:48:16,595 Epoch: [19][130/200]	Time 0.253s (0.251s)	Speed 126.4 samples/s	Data 0.000s (0.005s)	Loss 0.00699 (0.00669)
2025-11-06 18:48:19,042 Epoch: [19][140/200]	Time 0.244s (0.251s)	Speed 131.4 samples/s	Data 0.000s (0.005s)	Loss 0.00583 (0.00675)
2025-11-06 18:48:21,518 Epoch: [19][150/200]	Time 0.248s (0.250s)	Speed 128.8 samples/s	Data 0.000s (0.005s)	Loss 0.00664 (0.00677)
2025-11-06 18:48:23,994 Epoch: [19][160/200]	Time 0.247s (0.250s)	Speed 129.3 samples/s	Data 0.000s (0.005s)	Loss 0.00816 (0.00680)
2025-11-06 18:48:26,462 Epoch: [19][170/200]	Time 0.247s (0.250s)	Speed 129.5 samples/s	Data 0.000s (0.004s)	Loss 0.00611 (0.00678)
2025-11-06 18:48:28,940 Epoch: [19][180/200]	Time 0.250s (0.250s)	Speed 127.8 samples/s	Data 0.000s (0.004s)	Loss 0.00740 (0.00677)
2025-11-06 18:48:31,413 Epoch: [19][190/200]	Time 0.250s (0.250s)	Speed 128.0 samples/s	Data 0.000s (0.004s)	Loss 0.00742 (0.00680)
2025-11-06 18:48:54,468 Test: [0/200]	Time 0.806 (0.806)	Loss 0.0614 (0.0614)
2025-11-06 18:48:54,640 Test: [10/200]	Time 0.016 (0.089)	Loss 0.0115 (0.0547)
2025-11-06 18:48:54,805 Test: [20/200]	Time 0.016 (0.054)	Loss 0.0361 (0.0553)
2025-11-06 18:48:54,972 Test: [30/200]	Time 0.016 (0.042)	Loss 0.0719 (0.0604)
2025-11-06 18:48:55,151 Test: [40/200]	Time 0.016 (0.036)	Loss 0.0414 (0.0625)
2025-11-06 18:48:55,316 Test: [50/200]	Time 0.016 (0.032)	Loss 0.1046 (0.0627)
2025-11-06 18:48:55,483 Test: [60/200]	Time 0.015 (0.030)	Loss 0.0670 (0.0638)
2025-11-06 18:48:55,650 Test: [70/200]	Time 0.014 (0.028)	Loss 0.0433 (0.0638)
2025-11-06 18:48:55,815 Test: [80/200]	Time 0.014 (0.027)	Loss 0.0718 (0.0626)
2025-11-06 18:48:55,983 Test: [90/200]	Time 0.015 (0.026)	Loss 0.0682 (0.0637)
2025-11-06 18:48:56,148 Test: [100/200]	Time 0.017 (0.025)	Loss 0.0794 (0.0633)
2025-11-06 18:48:56,325 Test: [110/200]	Time 0.016 (0.024)	Loss 0.1714 (0.0644)
2025-11-06 18:48:56,492 Test: [120/200]	Time 0.018 (0.023)	Loss 0.0601 (0.0631)
2025-11-06 18:48:56,655 Test: [130/200]	Time 0.015 (0.023)	Loss 0.0492 (0.0632)
2025-11-06 18:48:56,820 Test: [140/200]	Time 0.018 (0.022)	Loss 0.1102 (0.0628)
2025-11-06 18:48:56,991 Test: [150/200]	Time 0.016 (0.022)	Loss 0.0440 (0.0616)
2025-11-06 18:48:57,160 Test: [160/200]	Time 0.015 (0.022)	Loss 0.0748 (0.0617)
2025-11-06 18:48:57,321 Test: [170/200]	Time 0.014 (0.021)	Loss 0.0551 (0.0611)
2025-11-06 18:48:57,482 Test: [180/200]	Time 0.016 (0.021)	Loss 0.0470 (0.0606)
2025-11-06 18:48:57,645 Test: [190/200]	Time 0.016 (0.021)	Loss 0.0250 (0.0603)
2025-11-06 18:49:03,079 Mean IoU score: 0.860
2025-11-06 18:49:03,080 => saving checkpoint to out
2025-11-06 18:49:03,088 saving final model state to out/final_state.pth.tar
