2025-11-06 21:53:01,604 Namespace(out_dir='out', frequent=10, eval_interval=1, gpu=False, num_workers=4)
2025-11-06 21:53:01,986 => load 200 samples
2025-11-06 21:53:01,986 => load 200 samples
2025-11-06 21:53:02,907 Epoch: [0][0/200]	Time 0.920s (0.920s)	Speed 34.8 samples/s	Data 0.652s (0.652s)	Loss 2.53727 (2.53727)
2025-11-06 21:53:05,176 Epoch: [0][10/200]	Time 0.231s (0.290s)	Speed 138.4 samples/s	Data 0.000s (0.060s)	Loss 2.07707 (2.27435)
2025-11-06 21:53:07,467 Epoch: [0][20/200]	Time 0.233s (0.261s)	Speed 137.6 samples/s	Data 0.000s (0.031s)	Loss 1.78968 (2.10309)
2025-11-06 21:53:09,763 Epoch: [0][30/200]	Time 0.232s (0.251s)	Speed 137.8 samples/s	Data 0.000s (0.021s)	Loss 1.54592 (1.95674)
2025-11-06 21:53:12,066 Epoch: [0][40/200]	Time 0.231s (0.246s)	Speed 138.6 samples/s	Data 0.000s (0.016s)	Loss 1.32440 (1.82612)
2025-11-06 21:53:14,376 Epoch: [0][50/200]	Time 0.228s (0.243s)	Speed 140.2 samples/s	Data 0.000s (0.013s)	Loss 1.13710 (1.70786)
2025-11-06 21:53:16,711 Epoch: [0][60/200]	Time 0.234s (0.241s)	Speed 136.9 samples/s	Data 0.000s (0.011s)	Loss 0.96527 (1.59827)
2025-11-06 21:53:19,111 Epoch: [0][70/200]	Time 0.230s (0.241s)	Speed 138.8 samples/s	Data 0.000s (0.010s)	Loss 0.82052 (1.49796)
2025-11-06 21:53:21,453 Epoch: [0][80/200]	Time 0.241s (0.240s)	Speed 133.0 samples/s	Data 0.000s (0.008s)	Loss 0.69670 (1.40555)
2025-11-06 21:53:23,776 Epoch: [0][90/200]	Time 0.232s (0.239s)	Speed 137.9 samples/s	Data 0.000s (0.008s)	Loss 0.61417 (1.32201)
2025-11-06 21:53:26,104 Epoch: [0][100/200]	Time 0.227s (0.239s)	Speed 140.7 samples/s	Data 0.000s (0.007s)	Loss 0.51924 (1.24642)
2025-11-06 21:53:28,396 Epoch: [0][110/200]	Time 0.227s (0.238s)	Speed 141.1 samples/s	Data 0.000s (0.006s)	Loss 0.44948 (1.17808)
2025-11-06 21:53:30,690 Epoch: [0][120/200]	Time 0.231s (0.237s)	Speed 138.7 samples/s	Data 0.000s (0.006s)	Loss 0.39546 (1.11646)
2025-11-06 21:53:33,000 Epoch: [0][130/200]	Time 0.237s (0.237s)	Speed 134.7 samples/s	Data 0.000s (0.005s)	Loss 0.37655 (1.06028)
2025-11-06 21:53:35,354 Epoch: [0][140/200]	Time 0.230s (0.237s)	Speed 139.4 samples/s	Data 0.000s (0.005s)	Loss 0.33370 (1.00999)
2025-11-06 21:53:37,661 Epoch: [0][150/200]	Time 0.231s (0.236s)	Speed 138.2 samples/s	Data 0.000s (0.005s)	Loss 0.30871 (0.96374)
2025-11-06 21:53:39,946 Epoch: [0][160/200]	Time 0.227s (0.236s)	Speed 141.3 samples/s	Data 0.000s (0.004s)	Loss 0.28840 (0.92192)
2025-11-06 21:53:42,222 Epoch: [0][170/200]	Time 0.229s (0.235s)	Speed 139.8 samples/s	Data 0.000s (0.004s)	Loss 0.27492 (0.88377)
2025-11-06 21:53:44,499 Epoch: [0][180/200]	Time 0.227s (0.235s)	Speed 140.8 samples/s	Data 0.000s (0.004s)	Loss 0.24527 (0.84904)
2025-11-06 21:53:46,840 Epoch: [0][190/200]	Time 0.238s (0.235s)	Speed 134.3 samples/s	Data 0.000s (0.004s)	Loss 0.21957 (0.81666)
2025-11-06 21:54:09,685 Test: [0/200]	Time 0.765 (0.765)	Loss 0.4630 (0.4630)
2025-11-06 21:54:09,884 Test: [10/200]	Time 0.016 (0.088)	Loss 0.1625 (0.3789)
2025-11-06 21:54:10,045 Test: [20/200]	Time 0.016 (0.054)	Loss 0.2855 (0.3907)
2025-11-06 21:54:10,206 Test: [30/200]	Time 0.015 (0.041)	Loss 0.5583 (0.3969)
2025-11-06 21:54:10,371 Test: [40/200]	Time 0.015 (0.035)	Loss 0.4100 (0.4122)
2025-11-06 21:54:10,534 Test: [50/200]	Time 0.016 (0.032)	Loss 0.4950 (0.4164)
2025-11-06 21:54:10,696 Test: [60/200]	Time 0.015 (0.029)	Loss 0.4872 (0.4173)
2025-11-06 21:54:10,865 Test: [70/200]	Time 0.019 (0.027)	Loss 0.4042 (0.4164)
2025-11-06 21:54:11,025 Test: [80/200]	Time 0.019 (0.026)	Loss 0.5013 (0.4111)
2025-11-06 21:54:11,191 Test: [90/200]	Time 0.014 (0.025)	Loss 0.4991 (0.4148)
2025-11-06 21:54:11,380 Test: [100/200]	Time 0.015 (0.024)	Loss 0.5204 (0.4135)
2025-11-06 21:54:11,548 Test: [110/200]	Time 0.016 (0.024)	Loss 0.4951 (0.4150)
2025-11-06 21:54:11,716 Test: [120/200]	Time 0.016 (0.023)	Loss 0.4784 (0.4123)
2025-11-06 21:54:11,873 Test: [130/200]	Time 0.015 (0.023)	Loss 0.3971 (0.4166)
2025-11-06 21:54:12,036 Test: [140/200]	Time 0.018 (0.022)	Loss 0.3743 (0.4154)
2025-11-06 21:54:12,196 Test: [150/200]	Time 0.016 (0.022)	Loss 0.4563 (0.4141)
2025-11-06 21:54:12,355 Test: [160/200]	Time 0.018 (0.021)	Loss 0.4313 (0.4138)
2025-11-06 21:54:12,519 Test: [170/200]	Time 0.017 (0.021)	Loss 0.3118 (0.4114)
2025-11-06 21:54:12,679 Test: [180/200]	Time 0.015 (0.021)	Loss 0.3341 (0.4091)
2025-11-06 21:54:12,838 Test: [190/200]	Time 0.014 (0.021)	Loss 0.3634 (0.4103)
2025-11-06 21:54:18,260 Mean IoU score: 0.169
2025-11-06 21:54:18,261 => saving checkpoint to out
2025-11-06 21:54:19,206 Epoch: [1][0/200]	Time 0.929s (0.929s)	Speed 34.4 samples/s	Data 0.681s (0.681s)	Loss 0.21215 (0.21215)
2025-11-06 21:54:21,512 Epoch: [1][10/200]	Time 0.232s (0.294s)	Speed 138.2 samples/s	Data 0.000s (0.062s)	Loss 0.21130 (0.21980)
2025-11-06 21:54:23,819 Epoch: [1][20/200]	Time 0.232s (0.264s)	Speed 137.8 samples/s	Data 0.000s (0.033s)	Loss 0.26516 (0.21590)
2025-11-06 21:54:26,115 Epoch: [1][30/200]	Time 0.228s (0.253s)	Speed 140.6 samples/s	Data 0.000s (0.022s)	Loss 0.17795 (0.21234)
2025-11-06 21:54:28,408 Epoch: [1][40/200]	Time 0.231s (0.247s)	Speed 138.5 samples/s	Data 0.000s (0.017s)	Loss 0.19048 (0.20692)
2025-11-06 21:54:30,734 Epoch: [1][50/200]	Time 0.237s (0.244s)	Speed 135.3 samples/s	Data 0.000s (0.014s)	Loss 0.16478 (0.20278)
2025-11-06 21:54:33,058 Epoch: [1][60/200]	Time 0.229s (0.242s)	Speed 139.8 samples/s	Data 0.000s (0.012s)	Loss 0.17713 (0.19892)
2025-11-06 21:54:35,363 Epoch: [1][70/200]	Time 0.231s (0.241s)	Speed 138.5 samples/s	Data 0.000s (0.010s)	Loss 0.16929 (0.19473)
2025-11-06 21:54:37,676 Epoch: [1][80/200]	Time 0.231s (0.239s)	Speed 138.5 samples/s	Data 0.000s (0.009s)	Loss 0.13458 (0.19015)
2025-11-06 21:54:39,983 Epoch: [1][90/200]	Time 0.231s (0.239s)	Speed 138.6 samples/s	Data 0.000s (0.008s)	Loss 0.15124 (0.18567)
2025-11-06 21:54:42,283 Epoch: [1][100/200]	Time 0.228s (0.238s)	Speed 140.5 samples/s	Data 0.000s (0.007s)	Loss 0.14299 (0.18299)
2025-11-06 21:54:44,601 Epoch: [1][110/200]	Time 0.233s (0.237s)	Speed 137.3 samples/s	Data 0.000s (0.006s)	Loss 0.13542 (0.17990)
2025-11-06 21:54:46,906 Epoch: [1][120/200]	Time 0.231s (0.237s)	Speed 138.4 samples/s	Data 0.000s (0.006s)	Loss 0.12051 (0.17600)
2025-11-06 21:54:49,216 Epoch: [1][130/200]	Time 0.230s (0.236s)	Speed 139.4 samples/s	Data 0.000s (0.006s)	Loss 0.11841 (0.17237)
2025-11-06 21:54:51,534 Epoch: [1][140/200]	Time 0.232s (0.236s)	Speed 138.0 samples/s	Data 0.000s (0.005s)	Loss 0.14964 (0.16919)
2025-11-06 21:54:53,847 Epoch: [1][150/200]	Time 0.228s (0.236s)	Speed 140.5 samples/s	Data 0.000s (0.005s)	Loss 0.10641 (0.16582)
2025-11-06 21:54:56,171 Epoch: [1][160/200]	Time 0.231s (0.235s)	Speed 138.5 samples/s	Data 0.000s (0.005s)	Loss 0.12108 (0.16284)
2025-11-06 21:54:58,494 Epoch: [1][170/200]	Time 0.236s (0.235s)	Speed 135.8 samples/s	Data 0.000s (0.004s)	Loss 0.10444 (0.15993)
2025-11-06 21:55:00,799 Epoch: [1][180/200]	Time 0.230s (0.235s)	Speed 138.9 samples/s	Data 0.000s (0.004s)	Loss 0.11949 (0.15729)
2025-11-06 21:55:03,116 Epoch: [1][190/200]	Time 0.232s (0.235s)	Speed 137.8 samples/s	Data 0.000s (0.004s)	Loss 0.10936 (0.15476)
2025-11-06 21:55:25,985 Test: [0/200]	Time 0.776 (0.776)	Loss 0.2752 (0.2752)
2025-11-06 21:55:26,153 Test: [10/200]	Time 0.016 (0.086)	Loss 0.0744 (0.2057)
2025-11-06 21:55:26,314 Test: [20/200]	Time 0.017 (0.053)	Loss 0.1578 (0.2127)
2025-11-06 21:55:26,474 Test: [30/200]	Time 0.016 (0.041)	Loss 0.2941 (0.2199)
2025-11-06 21:55:26,644 Test: [40/200]	Time 0.015 (0.035)	Loss 0.2199 (0.2298)
2025-11-06 21:55:26,811 Test: [50/200]	Time 0.015 (0.031)	Loss 0.2893 (0.2300)
2025-11-06 21:55:26,970 Test: [60/200]	Time 0.015 (0.029)	Loss 0.2719 (0.2320)
2025-11-06 21:55:27,135 Test: [70/200]	Time 0.019 (0.027)	Loss 0.2075 (0.2310)
2025-11-06 21:55:27,295 Test: [80/200]	Time 0.013 (0.026)	Loss 0.3066 (0.2280)
2025-11-06 21:55:27,455 Test: [90/200]	Time 0.014 (0.025)	Loss 0.2918 (0.2304)
2025-11-06 21:55:27,619 Test: [100/200]	Time 0.015 (0.024)	Loss 0.2964 (0.2298)
2025-11-06 21:55:27,784 Test: [110/200]	Time 0.015 (0.023)	Loss 0.3029 (0.2309)
2025-11-06 21:55:27,942 Test: [120/200]	Time 0.015 (0.023)	Loss 0.2818 (0.2287)
2025-11-06 21:55:28,101 Test: [130/200]	Time 0.016 (0.022)	Loss 0.1983 (0.2314)
2025-11-06 21:55:28,264 Test: [140/200]	Time 0.015 (0.022)	Loss 0.2207 (0.2309)
2025-11-06 21:55:28,422 Test: [150/200]	Time 0.016 (0.021)	Loss 0.2308 (0.2293)
2025-11-06 21:55:28,579 Test: [160/200]	Time 0.016 (0.021)	Loss 0.2676 (0.2292)
2025-11-06 21:55:28,739 Test: [170/200]	Time 0.016 (0.021)	Loss 0.1795 (0.2273)
2025-11-06 21:55:28,905 Test: [180/200]	Time 0.017 (0.020)	Loss 0.2007 (0.2258)
2025-11-06 21:55:29,063 Test: [190/200]	Time 0.018 (0.020)	Loss 0.1636 (0.2265)
2025-11-06 21:55:34,496 Mean IoU score: 0.507
2025-11-06 21:55:34,498 => saving checkpoint to out
2025-11-06 21:55:35,371 Epoch: [2][0/200]	Time 0.862s (0.862s)	Speed 37.1 samples/s	Data 0.616s (0.616s)	Loss 0.08891 (0.08891)
2025-11-06 21:55:37,686 Epoch: [2][10/200]	Time 0.235s (0.289s)	Speed 136.2 samples/s	Data 0.000s (0.056s)	Loss 0.10029 (0.09865)
2025-11-06 21:55:39,998 Epoch: [2][20/200]	Time 0.233s (0.261s)	Speed 137.6 samples/s	Data 0.000s (0.030s)	Loss 0.09467 (0.09417)
2025-11-06 21:55:42,304 Epoch: [2][30/200]	Time 0.226s (0.251s)	Speed 141.6 samples/s	Data 0.000s (0.020s)	Loss 0.07966 (0.08994)
2025-11-06 21:55:44,619 Epoch: [2][40/200]	Time 0.229s (0.247s)	Speed 139.5 samples/s	Data 0.000s (0.015s)	Loss 0.07892 (0.08861)
2025-11-06 21:55:46,948 Epoch: [2][50/200]	Time 0.236s (0.244s)	Speed 135.4 samples/s	Data 0.000s (0.012s)	Loss 0.06843 (0.08648)
2025-11-06 21:55:49,283 Epoch: [2][60/200]	Time 0.232s (0.242s)	Speed 137.9 samples/s	Data 0.000s (0.010s)	Loss 0.06900 (0.08469)
2025-11-06 21:55:51,610 Epoch: [2][70/200]	Time 0.230s (0.241s)	Speed 139.0 samples/s	Data 0.000s (0.009s)	Loss 0.07611 (0.08259)
2025-11-06 21:55:53,946 Epoch: [2][80/200]	Time 0.235s (0.240s)	Speed 136.3 samples/s	Data 0.000s (0.008s)	Loss 0.06818 (0.08092)
2025-11-06 21:55:56,277 Epoch: [2][90/200]	Time 0.231s (0.239s)	Speed 138.3 samples/s	Data 0.000s (0.007s)	Loss 0.05832 (0.07934)
2025-11-06 21:55:58,586 Epoch: [2][100/200]	Time 0.233s (0.238s)	Speed 137.6 samples/s	Data 0.000s (0.006s)	Loss 0.07307 (0.07768)
2025-11-06 21:56:00,925 Epoch: [2][110/200]	Time 0.232s (0.238s)	Speed 137.7 samples/s	Data 0.000s (0.006s)	Loss 0.05926 (0.07698)
2025-11-06 21:56:03,264 Epoch: [2][120/200]	Time 0.235s (0.238s)	Speed 135.9 samples/s	Data 0.000s (0.005s)	Loss 0.06932 (0.07563)
2025-11-06 21:56:05,597 Epoch: [2][130/200]	Time 0.232s (0.237s)	Speed 138.1 samples/s	Data 0.000s (0.005s)	Loss 0.06304 (0.07437)
2025-11-06 21:56:07,938 Epoch: [2][140/200]	Time 0.235s (0.237s)	Speed 136.1 samples/s	Data 0.000s (0.005s)	Loss 0.06038 (0.07328)
2025-11-06 21:56:10,267 Epoch: [2][150/200]	Time 0.228s (0.237s)	Speed 140.3 samples/s	Data 0.000s (0.004s)	Loss 0.05046 (0.07239)
2025-11-06 21:56:12,601 Epoch: [2][160/200]	Time 0.232s (0.237s)	Speed 137.7 samples/s	Data 0.000s (0.004s)	Loss 0.04470 (0.07112)
2025-11-06 21:56:14,943 Epoch: [2][170/200]	Time 0.234s (0.236s)	Speed 136.7 samples/s	Data 0.000s (0.004s)	Loss 0.05444 (0.06992)
2025-11-06 21:56:17,276 Epoch: [2][180/200]	Time 0.233s (0.236s)	Speed 137.5 samples/s	Data 0.000s (0.004s)	Loss 0.04757 (0.06866)
2025-11-06 21:56:19,617 Epoch: [2][190/200]	Time 0.236s (0.236s)	Speed 135.9 samples/s	Data 0.000s (0.004s)	Loss 0.05298 (0.06750)
2025-11-06 21:56:42,514 Test: [0/200]	Time 0.774 (0.774)	Loss 0.1369 (0.1369)
2025-11-06 21:56:42,687 Test: [10/200]	Time 0.017 (0.086)	Loss 0.0394 (0.1124)
2025-11-06 21:56:42,860 Test: [20/200]	Time 0.017 (0.053)	Loss 0.0767 (0.1138)
2025-11-06 21:56:43,028 Test: [30/200]	Time 0.017 (0.042)	Loss 0.1694 (0.1197)
2025-11-06 21:56:43,196 Test: [40/200]	Time 0.017 (0.036)	Loss 0.1303 (0.1238)
2025-11-06 21:56:43,365 Test: [50/200]	Time 0.017 (0.032)	Loss 0.1740 (0.1242)
2025-11-06 21:56:43,562 Test: [60/200]	Time 0.015 (0.030)	Loss 0.1412 (0.1273)
2025-11-06 21:56:43,727 Test: [70/200]	Time 0.018 (0.028)	Loss 0.1110 (0.1266)
2025-11-06 21:56:43,888 Test: [80/200]	Time 0.016 (0.027)	Loss 0.1396 (0.1250)
2025-11-06 21:56:44,052 Test: [90/200]	Time 0.017 (0.025)	Loss 0.1653 (0.1265)
2025-11-06 21:56:44,216 Test: [100/200]	Time 0.016 (0.025)	Loss 0.1678 (0.1255)
2025-11-06 21:56:44,378 Test: [110/200]	Time 0.016 (0.024)	Loss 0.1960 (0.1269)
2025-11-06 21:56:44,544 Test: [120/200]	Time 0.015 (0.023)	Loss 0.1435 (0.1252)
2025-11-06 21:56:44,700 Test: [130/200]	Time 0.014 (0.023)	Loss 0.1263 (0.1266)
2025-11-06 21:56:44,863 Test: [140/200]	Time 0.015 (0.022)	Loss 0.1134 (0.1258)
2025-11-06 21:56:45,034 Test: [150/200]	Time 0.016 (0.022)	Loss 0.1369 (0.1248)
2025-11-06 21:56:45,199 Test: [160/200]	Time 0.014 (0.021)	Loss 0.1509 (0.1246)
2025-11-06 21:56:45,359 Test: [170/200]	Time 0.017 (0.021)	Loss 0.1123 (0.1233)
2025-11-06 21:56:45,525 Test: [180/200]	Time 0.018 (0.021)	Loss 0.1187 (0.1223)
2025-11-06 21:56:45,681 Test: [190/200]	Time 0.015 (0.021)	Loss 0.0755 (0.1226)
2025-11-06 21:56:51,126 Mean IoU score: 0.727
2025-11-06 21:56:51,127 => saving checkpoint to out
2025-11-06 21:56:52,152 Epoch: [3][0/200]	Time 1.011s (1.011s)	Speed 31.6 samples/s	Data 0.762s (0.762s)	Loss 0.04111 (0.04111)
2025-11-06 21:56:54,476 Epoch: [3][10/200]	Time 0.233s (0.303s)	Speed 137.3 samples/s	Data 0.000s (0.070s)	Loss 0.04820 (0.04470)
2025-11-06 21:56:56,813 Epoch: [3][20/200]	Time 0.229s (0.270s)	Speed 139.9 samples/s	Data 0.000s (0.037s)	Loss 0.07000 (0.04402)
2025-11-06 21:56:59,123 Epoch: [3][30/200]	Time 0.229s (0.257s)	Speed 139.6 samples/s	Data 0.000s (0.025s)	Loss 0.02848 (0.04338)
2025-11-06 21:57:01,443 Epoch: [3][40/200]	Time 0.235s (0.251s)	Speed 136.0 samples/s	Data 0.000s (0.019s)	Loss 0.03595 (0.04300)
2025-11-06 21:57:03,762 Epoch: [3][50/200]	Time 0.236s (0.247s)	Speed 135.6 samples/s	Data 0.000s (0.015s)	Loss 0.03170 (0.04199)
2025-11-06 21:57:06,093 Epoch: [3][60/200]	Time 0.228s (0.245s)	Speed 140.1 samples/s	Data 0.000s (0.013s)	Loss 0.03580 (0.04096)
2025-11-06 21:57:08,442 Epoch: [3][70/200]	Time 0.233s (0.244s)	Speed 137.5 samples/s	Data 0.000s (0.011s)	Loss 0.04175 (0.04073)
2025-11-06 21:57:10,795 Epoch: [3][80/200]	Time 0.237s (0.243s)	Speed 135.2 samples/s	Data 0.000s (0.010s)	Loss 0.02848 (0.04034)
2025-11-06 21:57:13,121 Epoch: [3][90/200]	Time 0.233s (0.242s)	Speed 137.2 samples/s	Data 0.000s (0.009s)	Loss 0.03495 (0.03991)
2025-11-06 21:57:15,456 Epoch: [3][100/200]	Time 0.237s (0.241s)	Speed 134.8 samples/s	Data 0.000s (0.008s)	Loss 0.03691 (0.03976)
2025-11-06 21:57:17,799 Epoch: [3][110/200]	Time 0.234s (0.240s)	Speed 136.6 samples/s	Data 0.000s (0.007s)	Loss 0.03021 (0.03952)
2025-11-06 21:57:20,134 Epoch: [3][120/200]	Time 0.231s (0.240s)	Speed 138.5 samples/s	Data 0.000s (0.007s)	Loss 0.04429 (0.03940)
2025-11-06 21:57:22,458 Epoch: [3][130/200]	Time 0.229s (0.239s)	Speed 139.8 samples/s	Data 0.000s (0.006s)	Loss 0.03587 (0.03919)
2025-11-06 21:57:24,798 Epoch: [3][140/200]	Time 0.234s (0.239s)	Speed 136.9 samples/s	Data 0.000s (0.006s)	Loss 0.03580 (0.03884)
2025-11-06 21:57:27,120 Epoch: [3][150/200]	Time 0.228s (0.238s)	Speed 140.2 samples/s	Data 0.000s (0.005s)	Loss 0.02476 (0.03860)
2025-11-06 21:57:29,475 Epoch: [3][160/200]	Time 0.238s (0.238s)	Speed 134.5 samples/s	Data 0.000s (0.005s)	Loss 0.03844 (0.03861)
2025-11-06 21:57:31,826 Epoch: [3][170/200]	Time 0.234s (0.238s)	Speed 136.8 samples/s	Data 0.000s (0.005s)	Loss 0.04423 (0.03850)
2025-11-06 21:57:34,167 Epoch: [3][180/200]	Time 0.235s (0.238s)	Speed 136.4 samples/s	Data 0.000s (0.005s)	Loss 0.03821 (0.03824)
2025-11-06 21:57:36,517 Epoch: [3][190/200]	Time 0.234s (0.238s)	Speed 136.6 samples/s	Data 0.000s (0.004s)	Loss 0.02604 (0.03796)
2025-11-06 21:57:59,416 Test: [0/200]	Time 0.770 (0.770)	Loss 0.1326 (0.1326)
2025-11-06 21:57:59,594 Test: [10/200]	Time 0.016 (0.086)	Loss 0.0237 (0.0972)
2025-11-06 21:57:59,763 Test: [20/200]	Time 0.015 (0.053)	Loss 0.0640 (0.1017)
2025-11-06 21:57:59,930 Test: [30/200]	Time 0.015 (0.041)	Loss 0.1644 (0.1112)
2025-11-06 21:58:00,094 Test: [40/200]	Time 0.016 (0.035)	Loss 0.1179 (0.1169)
2025-11-06 21:58:00,261 Test: [50/200]	Time 0.016 (0.032)	Loss 0.2022 (0.1174)
2025-11-06 21:58:00,424 Test: [60/200]	Time 0.017 (0.029)	Loss 0.1298 (0.1199)
2025-11-06 21:58:00,594 Test: [70/200]	Time 0.019 (0.027)	Loss 0.1172 (0.1204)
2025-11-06 21:58:00,755 Test: [80/200]	Time 0.016 (0.026)	Loss 0.1238 (0.1184)
2025-11-06 21:58:00,925 Test: [90/200]	Time 0.016 (0.025)	Loss 0.1254 (0.1194)
2025-11-06 21:58:01,094 Test: [100/200]	Time 0.019 (0.024)	Loss 0.1729 (0.1192)
2025-11-06 21:58:01,257 Test: [110/200]	Time 0.016 (0.024)	Loss 0.1948 (0.1202)
2025-11-06 21:58:01,436 Test: [120/200]	Time 0.016 (0.023)	Loss 0.1172 (0.1195)
2025-11-06 21:58:01,598 Test: [130/200]	Time 0.016 (0.023)	Loss 0.1199 (0.1204)
2025-11-06 21:58:01,766 Test: [140/200]	Time 0.016 (0.022)	Loss 0.1012 (0.1201)
2025-11-06 21:58:01,930 Test: [150/200]	Time 0.015 (0.022)	Loss 0.1286 (0.1193)
2025-11-06 21:58:02,097 Test: [160/200]	Time 0.016 (0.021)	Loss 0.1283 (0.1194)
2025-11-06 21:58:02,264 Test: [170/200]	Time 0.016 (0.021)	Loss 0.0950 (0.1183)
2025-11-06 21:58:02,430 Test: [180/200]	Time 0.015 (0.021)	Loss 0.1087 (0.1176)
2025-11-06 21:58:02,600 Test: [190/200]	Time 0.019 (0.021)	Loss 0.0762 (0.1178)
2025-11-06 21:58:08,028 Mean IoU score: 0.720
2025-11-06 21:58:08,029 => saving checkpoint to out
2025-11-06 21:58:08,959 Epoch: [4][0/200]	Time 0.920s (0.920s)	Speed 34.8 samples/s	Data 0.670s (0.670s)	Loss 0.03706 (0.03706)
2025-11-06 21:58:11,297 Epoch: [4][10/200]	Time 0.232s (0.296s)	Speed 138.0 samples/s	Data 0.000s (0.061s)	Loss 0.02695 (0.03092)
2025-11-06 21:58:13,615 Epoch: [4][20/200]	Time 0.231s (0.266s)	Speed 138.5 samples/s	Data 0.000s (0.032s)	Loss 0.02594 (0.02931)
2025-11-06 21:58:16,337 Epoch: [4][30/200]	Time 0.396s (0.268s)	Speed 80.9 samples/s	Data 0.000s (0.022s)	Loss 0.02662 (0.02909)
2025-11-06 21:58:18,789 Epoch: [4][40/200]	Time 0.230s (0.262s)	Speed 139.0 samples/s	Data 0.000s (0.017s)	Loss 0.02614 (0.02914)
2025-11-06 21:58:21,129 Epoch: [4][50/200]	Time 0.234s (0.257s)	Speed 136.5 samples/s	Data 0.000s (0.013s)	Loss 0.02470 (0.02889)
2025-11-06 21:58:23,459 Epoch: [4][60/200]	Time 0.232s (0.253s)	Speed 137.8 samples/s	Data 0.000s (0.011s)	Loss 0.01933 (0.02822)
2025-11-06 21:58:25,786 Epoch: [4][70/200]	Time 0.231s (0.250s)	Speed 138.7 samples/s	Data 0.000s (0.010s)	Loss 0.02681 (0.02816)
2025-11-06 21:58:28,143 Epoch: [4][80/200]	Time 0.234s (0.248s)	Speed 136.6 samples/s	Data 0.000s (0.009s)	Loss 0.02581 (0.02782)
2025-11-06 21:58:30,495 Epoch: [4][90/200]	Time 0.234s (0.247s)	Speed 136.8 samples/s	Data 0.000s (0.008s)	Loss 0.02479 (0.02738)
2025-11-06 21:58:32,818 Epoch: [4][100/200]	Time 0.231s (0.245s)	Speed 138.4 samples/s	Data 0.000s (0.007s)	Loss 0.02648 (0.02729)
2025-11-06 21:58:35,150 Epoch: [4][110/200]	Time 0.232s (0.244s)	Speed 138.2 samples/s	Data 0.000s (0.006s)	Loss 0.03303 (0.02738)
2025-11-06 21:58:37,477 Epoch: [4][120/200]	Time 0.230s (0.243s)	Speed 139.3 samples/s	Data 0.000s (0.006s)	Loss 0.02725 (0.02723)
2025-11-06 21:58:39,812 Epoch: [4][130/200]	Time 0.234s (0.243s)	Speed 136.8 samples/s	Data 0.000s (0.005s)	Loss 0.02612 (0.02742)
2025-11-06 21:58:42,155 Epoch: [4][140/200]	Time 0.231s (0.242s)	Speed 138.6 samples/s	Data 0.000s (0.005s)	Loss 0.02919 (0.02751)
2025-11-06 21:58:44,496 Epoch: [4][150/200]	Time 0.235s (0.241s)	Speed 135.9 samples/s	Data 0.000s (0.005s)	Loss 0.02440 (0.02750)
2025-11-06 21:58:46,839 Epoch: [4][160/200]	Time 0.231s (0.241s)	Speed 138.5 samples/s	Data 0.000s (0.004s)	Loss 0.02244 (0.02725)
2025-11-06 21:58:49,184 Epoch: [4][170/200]	Time 0.236s (0.241s)	Speed 135.6 samples/s	Data 0.000s (0.004s)	Loss 0.02329 (0.02720)
2025-11-06 21:58:51,535 Epoch: [4][180/200]	Time 0.232s (0.240s)	Speed 138.0 samples/s	Data 0.000s (0.004s)	Loss 0.03522 (0.02715)
2025-11-06 21:58:53,882 Epoch: [4][190/200]	Time 0.238s (0.240s)	Speed 134.6 samples/s	Data 0.000s (0.004s)	Loss 0.02999 (0.02702)
2025-11-06 21:59:16,793 Test: [0/200]	Time 0.774 (0.774)	Loss 0.0871 (0.0871)
2025-11-06 21:59:16,934 Test: [10/200]	Time 0.014 (0.083)	Loss 0.0243 (0.0688)
2025-11-06 21:59:17,095 Test: [20/200]	Time 0.019 (0.051)	Loss 0.0574 (0.0676)
2025-11-06 21:59:17,252 Test: [30/200]	Time 0.016 (0.040)	Loss 0.1069 (0.0732)
2025-11-06 21:59:17,422 Test: [40/200]	Time 0.020 (0.034)	Loss 0.0583 (0.0762)
2025-11-06 21:59:17,573 Test: [50/200]	Time 0.014 (0.030)	Loss 0.1141 (0.0774)
2025-11-06 21:59:17,735 Test: [60/200]	Time 0.016 (0.028)	Loss 0.1001 (0.0791)
2025-11-06 21:59:17,891 Test: [70/200]	Time 0.016 (0.026)	Loss 0.0698 (0.0794)
2025-11-06 21:59:18,049 Test: [80/200]	Time 0.016 (0.025)	Loss 0.0817 (0.0784)
2025-11-06 21:59:18,205 Test: [90/200]	Time 0.014 (0.024)	Loss 0.0973 (0.0789)
2025-11-06 21:59:18,366 Test: [100/200]	Time 0.014 (0.023)	Loss 0.1314 (0.0784)
2025-11-06 21:59:18,529 Test: [110/200]	Time 0.016 (0.023)	Loss 0.1478 (0.0792)
2025-11-06 21:59:18,686 Test: [120/200]	Time 0.015 (0.022)	Loss 0.0973 (0.0780)
2025-11-06 21:59:18,839 Test: [130/200]	Time 0.014 (0.022)	Loss 0.0653 (0.0784)
2025-11-06 21:59:18,999 Test: [140/200]	Time 0.015 (0.021)	Loss 0.0755 (0.0779)
2025-11-06 21:59:19,163 Test: [150/200]	Time 0.018 (0.021)	Loss 0.0680 (0.0770)
2025-11-06 21:59:19,320 Test: [160/200]	Time 0.015 (0.021)	Loss 0.0744 (0.0768)
2025-11-06 21:59:19,479 Test: [170/200]	Time 0.017 (0.020)	Loss 0.0710 (0.0764)
2025-11-06 21:59:19,631 Test: [180/200]	Time 0.016 (0.020)	Loss 0.0630 (0.0757)
2025-11-06 21:59:19,792 Test: [190/200]	Time 0.014 (0.020)	Loss 0.0372 (0.0755)
2025-11-06 21:59:25,215 Mean IoU score: 0.820
2025-11-06 21:59:25,216 => saving checkpoint to out
2025-11-06 21:59:26,231 Epoch: [5][0/200]	Time 1.002s (1.002s)	Speed 31.9 samples/s	Data 0.756s (0.756s)	Loss 0.01822 (0.01822)
2025-11-06 21:59:28,559 Epoch: [5][10/200]	Time 0.230s (0.303s)	Speed 139.0 samples/s	Data 0.000s (0.069s)	Loss 0.01780 (0.02208)
2025-11-06 21:59:30,897 Epoch: [5][20/200]	Time 0.233s (0.270s)	Speed 137.3 samples/s	Data 0.000s (0.036s)	Loss 0.02188 (0.02272)
2025-11-06 21:59:33,222 Epoch: [5][30/200]	Time 0.231s (0.258s)	Speed 138.8 samples/s	Data 0.000s (0.025s)	Loss 0.03130 (0.02286)
2025-11-06 21:59:35,557 Epoch: [5][40/200]	Time 0.236s (0.252s)	Speed 135.9 samples/s	Data 0.000s (0.019s)	Loss 0.02019 (0.02295)
2025-11-06 21:59:37,897 Epoch: [5][50/200]	Time 0.237s (0.248s)	Speed 135.3 samples/s	Data 0.000s (0.015s)	Loss 0.02329 (0.02285)
2025-11-06 21:59:40,242 Epoch: [5][60/200]	Time 0.236s (0.246s)	Speed 135.7 samples/s	Data 0.000s (0.013s)	Loss 0.01695 (0.02242)
2025-11-06 21:59:42,591 Epoch: [5][70/200]	Time 0.239s (0.245s)	Speed 133.7 samples/s	Data 0.000s (0.011s)	Loss 0.01899 (0.02223)
2025-11-06 21:59:44,943 Epoch: [5][80/200]	Time 0.237s (0.243s)	Speed 135.0 samples/s	Data 0.000s (0.010s)	Loss 0.01974 (0.02197)
2025-11-06 21:59:47,288 Epoch: [5][90/200]	Time 0.236s (0.242s)	Speed 135.5 samples/s	Data 0.000s (0.009s)	Loss 0.01500 (0.02188)
2025-11-06 21:59:49,619 Epoch: [5][100/200]	Time 0.233s (0.241s)	Speed 137.5 samples/s	Data 0.000s (0.008s)	Loss 0.02158 (0.02169)
2025-11-06 21:59:51,967 Epoch: [5][110/200]	Time 0.236s (0.241s)	Speed 135.3 samples/s	Data 0.000s (0.007s)	Loss 0.02256 (0.02163)
2025-11-06 21:59:54,318 Epoch: [5][120/200]	Time 0.237s (0.240s)	Speed 135.1 samples/s	Data 0.000s (0.007s)	Loss 0.02017 (0.02147)
2025-11-06 21:59:56,663 Epoch: [5][130/200]	Time 0.237s (0.240s)	Speed 135.0 samples/s	Data 0.000s (0.006s)	Loss 0.02435 (0.02153)
2025-11-06 21:59:59,002 Epoch: [5][140/200]	Time 0.237s (0.240s)	Speed 134.8 samples/s	Data 0.000s (0.006s)	Loss 0.02273 (0.02152)
2025-11-06 22:00:01,344 Epoch: [5][150/200]	Time 0.236s (0.239s)	Speed 135.5 samples/s	Data 0.000s (0.005s)	Loss 0.02355 (0.02146)
2025-11-06 22:00:03,689 Epoch: [5][160/200]	Time 0.232s (0.239s)	Speed 138.1 samples/s	Data 0.000s (0.005s)	Loss 0.02121 (0.02126)
2025-11-06 22:00:06,038 Epoch: [5][170/200]	Time 0.236s (0.239s)	Speed 135.4 samples/s	Data 0.000s (0.005s)	Loss 0.02191 (0.02119)
2025-11-06 22:00:08,382 Epoch: [5][180/200]	Time 0.236s (0.238s)	Speed 135.5 samples/s	Data 0.000s (0.005s)	Loss 0.01945 (0.02120)
2025-11-06 22:00:10,731 Epoch: [5][190/200]	Time 0.235s (0.238s)	Speed 136.4 samples/s	Data 0.000s (0.004s)	Loss 0.01739 (0.02118)
2025-11-06 22:00:33,641 Test: [0/200]	Time 0.781 (0.781)	Loss 0.1125 (0.1125)
2025-11-06 22:00:33,795 Test: [10/200]	Time 0.015 (0.085)	Loss 0.0264 (0.0771)
2025-11-06 22:00:33,961 Test: [20/200]	Time 0.015 (0.052)	Loss 0.0526 (0.0748)
2025-11-06 22:00:34,126 Test: [30/200]	Time 0.018 (0.041)	Loss 0.1337 (0.0822)
2025-11-06 22:00:34,286 Test: [40/200]	Time 0.016 (0.035)	Loss 0.0619 (0.0855)
2025-11-06 22:00:34,446 Test: [50/200]	Time 0.015 (0.031)	Loss 0.1304 (0.0861)
2025-11-06 22:00:34,611 Test: [60/200]	Time 0.017 (0.029)	Loss 0.1034 (0.0878)
2025-11-06 22:00:34,771 Test: [70/200]	Time 0.016 (0.027)	Loss 0.0740 (0.0877)
2025-11-06 22:00:34,936 Test: [80/200]	Time 0.016 (0.026)	Loss 0.1150 (0.0862)
2025-11-06 22:00:35,106 Test: [90/200]	Time 0.018 (0.025)	Loss 0.0924 (0.0871)
2025-11-06 22:00:35,272 Test: [100/200]	Time 0.015 (0.024)	Loss 0.1391 (0.0868)
2025-11-06 22:00:35,448 Test: [110/200]	Time 0.018 (0.023)	Loss 0.1544 (0.0873)
2025-11-06 22:00:35,614 Test: [120/200]	Time 0.014 (0.023)	Loss 0.1015 (0.0864)
2025-11-06 22:00:35,778 Test: [130/200]	Time 0.016 (0.022)	Loss 0.0647 (0.0869)
2025-11-06 22:00:35,941 Test: [140/200]	Time 0.015 (0.022)	Loss 0.0848 (0.0866)
2025-11-06 22:00:36,099 Test: [150/200]	Time 0.015 (0.021)	Loss 0.0654 (0.0857)
2025-11-06 22:00:36,264 Test: [160/200]	Time 0.018 (0.021)	Loss 0.0929 (0.0854)
2025-11-06 22:00:36,424 Test: [170/200]	Time 0.017 (0.021)	Loss 0.0839 (0.0845)
2025-11-06 22:00:36,584 Test: [180/200]	Time 0.013 (0.021)	Loss 0.0837 (0.0838)
2025-11-06 22:00:36,748 Test: [190/200]	Time 0.018 (0.020)	Loss 0.0422 (0.0837)
2025-11-06 22:00:42,158 Mean IoU score: 0.800
2025-11-06 22:00:42,159 => saving checkpoint to out
2025-11-06 22:00:43,098 Epoch: [6][0/200]	Time 0.928s (0.928s)	Speed 34.5 samples/s	Data 0.678s (0.678s)	Loss 0.01662 (0.01662)
2025-11-06 22:00:45,437 Epoch: [6][10/200]	Time 0.231s (0.297s)	Speed 138.3 samples/s	Data 0.000s (0.062s)	Loss 0.02132 (0.01743)
2025-11-06 22:00:47,737 Epoch: [6][20/200]	Time 0.231s (0.265s)	Speed 138.6 samples/s	Data 0.000s (0.033s)	Loss 0.01584 (0.01807)
2025-11-06 22:00:50,033 Epoch: [6][30/200]	Time 0.228s (0.254s)	Speed 140.5 samples/s	Data 0.000s (0.022s)	Loss 0.01714 (0.01816)
2025-11-06 22:00:52,336 Epoch: [6][40/200]	Time 0.232s (0.248s)	Speed 137.6 samples/s	Data 0.000s (0.017s)	Loss 0.01753 (0.01795)
2025-11-06 22:00:54,651 Epoch: [6][50/200]	Time 0.230s (0.245s)	Speed 138.9 samples/s	Data 0.000s (0.014s)	Loss 0.01580 (0.01784)
2025-11-06 22:00:56,967 Epoch: [6][60/200]	Time 0.227s (0.243s)	Speed 140.9 samples/s	Data 0.000s (0.011s)	Loss 0.01495 (0.01757)
2025-11-06 22:00:59,285 Epoch: [6][70/200]	Time 0.234s (0.241s)	Speed 137.0 samples/s	Data 0.000s (0.010s)	Loss 0.01449 (0.01732)
2025-11-06 22:01:01,625 Epoch: [6][80/200]	Time 0.232s (0.240s)	Speed 138.2 samples/s	Data 0.000s (0.009s)	Loss 0.01513 (0.01723)
2025-11-06 22:01:03,952 Epoch: [6][90/200]	Time 0.232s (0.239s)	Speed 137.8 samples/s	Data 0.000s (0.008s)	Loss 0.01690 (0.01711)
2025-11-06 22:01:06,281 Epoch: [6][100/200]	Time 0.235s (0.239s)	Speed 136.4 samples/s	Data 0.000s (0.007s)	Loss 0.01749 (0.01708)
2025-11-06 22:01:08,620 Epoch: [6][110/200]	Time 0.233s (0.238s)	Speed 137.3 samples/s	Data 0.000s (0.006s)	Loss 0.01377 (0.01700)
2025-11-06 22:01:10,943 Epoch: [6][120/200]	Time 0.237s (0.238s)	Speed 134.9 samples/s	Data 0.000s (0.006s)	Loss 0.01766 (0.01693)
2025-11-06 22:01:13,270 Epoch: [6][130/200]	Time 0.234s (0.237s)	Speed 136.5 samples/s	Data 0.000s (0.005s)	Loss 0.01156 (0.01677)
2025-11-06 22:01:15,618 Epoch: [6][140/200]	Time 0.233s (0.237s)	Speed 137.3 samples/s	Data 0.000s (0.005s)	Loss 0.01366 (0.01668)
2025-11-06 22:01:17,944 Epoch: [6][150/200]	Time 0.228s (0.237s)	Speed 140.2 samples/s	Data 0.000s (0.005s)	Loss 0.01563 (0.01665)
2025-11-06 22:01:20,291 Epoch: [6][160/200]	Time 0.237s (0.237s)	Speed 134.8 samples/s	Data 0.000s (0.005s)	Loss 0.01982 (0.01668)
2025-11-06 22:01:22,656 Epoch: [6][170/200]	Time 0.232s (0.237s)	Speed 137.9 samples/s	Data 0.000s (0.004s)	Loss 0.01759 (0.01659)
2025-11-06 22:01:24,992 Epoch: [6][180/200]	Time 0.234s (0.237s)	Speed 136.9 samples/s	Data 0.000s (0.004s)	Loss 0.01143 (0.01663)
2025-11-06 22:01:27,324 Epoch: [6][190/200]	Time 0.234s (0.236s)	Speed 137.0 samples/s	Data 0.000s (0.004s)	Loss 0.01660 (0.01660)
2025-11-06 22:01:50,224 Test: [0/200]	Time 0.791 (0.791)	Loss 0.0841 (0.0841)
2025-11-06 22:01:50,375 Test: [10/200]	Time 0.014 (0.086)	Loss 0.0207 (0.0583)
2025-11-06 22:01:50,537 Test: [20/200]	Time 0.017 (0.053)	Loss 0.0456 (0.0608)
2025-11-06 22:01:50,697 Test: [30/200]	Time 0.015 (0.041)	Loss 0.0750 (0.0663)
2025-11-06 22:01:50,860 Test: [40/200]	Time 0.017 (0.035)	Loss 0.0533 (0.0682)
2025-11-06 22:01:51,020 Test: [50/200]	Time 0.014 (0.031)	Loss 0.1113 (0.0687)
2025-11-06 22:01:51,184 Test: [60/200]	Time 0.018 (0.029)	Loss 0.0782 (0.0691)
2025-11-06 22:01:51,346 Test: [70/200]	Time 0.015 (0.027)	Loss 0.0480 (0.0690)
2025-11-06 22:01:51,508 Test: [80/200]	Time 0.017 (0.026)	Loss 0.0671 (0.0676)
2025-11-06 22:01:51,670 Test: [90/200]	Time 0.017 (0.025)	Loss 0.0743 (0.0683)
2025-11-06 22:01:51,833 Test: [100/200]	Time 0.016 (0.024)	Loss 0.0926 (0.0674)
2025-11-06 22:01:51,988 Test: [110/200]	Time 0.015 (0.023)	Loss 0.1392 (0.0680)
2025-11-06 22:01:52,152 Test: [120/200]	Time 0.015 (0.022)	Loss 0.0728 (0.0672)
2025-11-06 22:01:52,323 Test: [130/200]	Time 0.019 (0.022)	Loss 0.0572 (0.0672)
2025-11-06 22:01:52,503 Test: [140/200]	Time 0.016 (0.022)	Loss 0.0612 (0.0668)
2025-11-06 22:01:52,667 Test: [150/200]	Time 0.015 (0.021)	Loss 0.0532 (0.0658)
2025-11-06 22:01:52,825 Test: [160/200]	Time 0.015 (0.021)	Loss 0.0856 (0.0658)
2025-11-06 22:01:52,976 Test: [170/200]	Time 0.015 (0.021)	Loss 0.0529 (0.0653)
2025-11-06 22:01:53,135 Test: [180/200]	Time 0.014 (0.020)	Loss 0.0514 (0.0650)
2025-11-06 22:01:53,286 Test: [190/200]	Time 0.014 (0.020)	Loss 0.0349 (0.0651)
2025-11-06 22:01:58,715 Mean IoU score: 0.843
2025-11-06 22:01:58,717 => saving checkpoint to out
2025-11-06 22:01:59,869 Epoch: [7][0/200]	Time 1.137s (1.137s)	Speed 28.2 samples/s	Data 0.884s (0.884s)	Loss 0.01436 (0.01436)
2025-11-06 22:02:02,220 Epoch: [7][10/200]	Time 0.236s (0.317s)	Speed 135.3 samples/s	Data 0.000s (0.081s)	Loss 0.01420 (0.01531)
2025-11-06 22:02:04,536 Epoch: [7][20/200]	Time 0.232s (0.276s)	Speed 138.2 samples/s	Data 0.000s (0.042s)	Loss 0.01722 (0.01531)
2025-11-06 22:02:06,869 Epoch: [7][30/200]	Time 0.231s (0.262s)	Speed 138.5 samples/s	Data 0.000s (0.029s)	Loss 0.01610 (0.01491)
2025-11-06 22:02:09,206 Epoch: [7][40/200]	Time 0.235s (0.255s)	Speed 136.3 samples/s	Data 0.000s (0.022s)	Loss 0.01155 (0.01489)
2025-11-06 22:02:11,527 Epoch: [7][50/200]	Time 0.225s (0.251s)	Speed 141.9 samples/s	Data 0.000s (0.018s)	Loss 0.01393 (0.01466)
2025-11-06 22:02:13,858 Epoch: [7][60/200]	Time 0.231s (0.248s)	Speed 138.8 samples/s	Data 0.000s (0.015s)	Loss 0.01305 (0.01455)
2025-11-06 22:02:16,189 Epoch: [7][70/200]	Time 0.234s (0.246s)	Speed 136.7 samples/s	Data 0.000s (0.013s)	Loss 0.01147 (0.01436)
2025-11-06 22:02:18,508 Epoch: [7][80/200]	Time 0.232s (0.244s)	Speed 138.0 samples/s	Data 0.000s (0.011s)	Loss 0.01181 (0.01432)
2025-11-06 22:02:20,839 Epoch: [7][90/200]	Time 0.233s (0.243s)	Speed 137.3 samples/s	Data 0.000s (0.010s)	Loss 0.01532 (0.01417)
2025-11-06 22:02:23,169 Epoch: [7][100/200]	Time 0.232s (0.242s)	Speed 138.0 samples/s	Data 0.000s (0.009s)	Loss 0.01601 (0.01423)
2025-11-06 22:02:25,514 Epoch: [7][110/200]	Time 0.236s (0.241s)	Speed 135.7 samples/s	Data 0.000s (0.008s)	Loss 0.01048 (0.01416)
2025-11-06 22:02:27,869 Epoch: [7][120/200]	Time 0.233s (0.241s)	Speed 137.1 samples/s	Data 0.000s (0.008s)	Loss 0.01289 (0.01422)
2025-11-06 22:02:30,196 Epoch: [7][130/200]	Time 0.234s (0.240s)	Speed 136.9 samples/s	Data 0.000s (0.007s)	Loss 0.01239 (0.01420)
2025-11-06 22:02:32,528 Epoch: [7][140/200]	Time 0.231s (0.240s)	Speed 138.5 samples/s	Data 0.000s (0.007s)	Loss 0.01640 (0.01416)
2025-11-06 22:02:34,860 Epoch: [7][150/200]	Time 0.235s (0.239s)	Speed 136.4 samples/s	Data 0.000s (0.006s)	Loss 0.01205 (0.01409)
2025-11-06 22:02:37,187 Epoch: [7][160/200]	Time 0.231s (0.239s)	Speed 138.4 samples/s	Data 0.000s (0.006s)	Loss 0.01557 (0.01404)
2025-11-06 22:02:39,533 Epoch: [7][170/200]	Time 0.234s (0.239s)	Speed 136.7 samples/s	Data 0.000s (0.005s)	Loss 0.01455 (0.01404)
2025-11-06 22:02:41,887 Epoch: [7][180/200]	Time 0.232s (0.238s)	Speed 137.8 samples/s	Data 0.000s (0.005s)	Loss 0.01229 (0.01402)
2025-11-06 22:02:44,233 Epoch: [7][190/200]	Time 0.234s (0.238s)	Speed 136.7 samples/s	Data 0.000s (0.005s)	Loss 0.01266 (0.01404)
2025-11-06 22:03:07,135 Test: [0/200]	Time 0.772 (0.772)	Loss 0.0848 (0.0848)
2025-11-06 22:03:07,297 Test: [10/200]	Time 0.015 (0.085)	Loss 0.0107 (0.0593)
2025-11-06 22:03:07,458 Test: [20/200]	Time 0.017 (0.052)	Loss 0.0419 (0.0589)
2025-11-06 22:03:07,616 Test: [30/200]	Time 0.014 (0.040)	Loss 0.0813 (0.0630)
2025-11-06 22:03:07,778 Test: [40/200]	Time 0.017 (0.035)	Loss 0.0450 (0.0653)
2025-11-06 22:03:07,942 Test: [50/200]	Time 0.014 (0.031)	Loss 0.1083 (0.0648)
2025-11-06 22:03:08,103 Test: [60/200]	Time 0.015 (0.029)	Loss 0.0823 (0.0662)
2025-11-06 22:03:08,268 Test: [70/200]	Time 0.015 (0.027)	Loss 0.0423 (0.0671)
2025-11-06 22:03:08,428 Test: [80/200]	Time 0.015 (0.025)	Loss 0.0685 (0.0652)
2025-11-06 22:03:08,598 Test: [90/200]	Time 0.016 (0.025)	Loss 0.0623 (0.0657)
2025-11-06 22:03:08,760 Test: [100/200]	Time 0.016 (0.024)	Loss 0.0905 (0.0649)
2025-11-06 22:03:08,924 Test: [110/200]	Time 0.017 (0.023)	Loss 0.1545 (0.0659)
2025-11-06 22:03:09,091 Test: [120/200]	Time 0.016 (0.023)	Loss 0.0711 (0.0648)
2025-11-06 22:03:09,252 Test: [130/200]	Time 0.016 (0.022)	Loss 0.0441 (0.0648)
2025-11-06 22:03:09,421 Test: [140/200]	Time 0.018 (0.022)	Loss 0.0676 (0.0640)
2025-11-06 22:03:09,577 Test: [150/200]	Time 0.017 (0.021)	Loss 0.0600 (0.0634)
2025-11-06 22:03:09,746 Test: [160/200]	Time 0.015 (0.021)	Loss 0.0746 (0.0633)
2025-11-06 22:03:09,913 Test: [170/200]	Time 0.017 (0.021)	Loss 0.0577 (0.0626)
2025-11-06 22:03:10,074 Test: [180/200]	Time 0.017 (0.021)	Loss 0.0446 (0.0622)
2025-11-06 22:03:10,249 Test: [190/200]	Time 0.014 (0.020)	Loss 0.0300 (0.0622)
2025-11-06 22:03:15,691 Mean IoU score: 0.849
2025-11-06 22:03:15,693 => saving checkpoint to out
2025-11-06 22:03:16,572 Epoch: [8][0/200]	Time 0.868s (0.868s)	Speed 36.9 samples/s	Data 0.620s (0.620s)	Loss 0.01233 (0.01233)
2025-11-06 22:03:18,912 Epoch: [8][10/200]	Time 0.234s (0.292s)	Speed 136.5 samples/s	Data 0.000s (0.057s)	Loss 0.01070 (0.01229)
2025-11-06 22:03:21,250 Epoch: [8][20/200]	Time 0.233s (0.264s)	Speed 137.2 samples/s	Data 0.000s (0.030s)	Loss 0.01214 (0.01268)
2025-11-06 22:03:23,580 Epoch: [8][30/200]	Time 0.235s (0.254s)	Speed 136.3 samples/s	Data 0.000s (0.020s)	Loss 0.01228 (0.01264)
2025-11-06 22:03:25,926 Epoch: [8][40/200]	Time 0.227s (0.249s)	Speed 140.9 samples/s	Data 0.000s (0.015s)	Loss 0.00958 (0.01248)
2025-11-06 22:03:28,245 Epoch: [8][50/200]	Time 0.235s (0.246s)	Speed 136.4 samples/s	Data 0.000s (0.012s)	Loss 0.01245 (0.01260)
2025-11-06 22:03:30,571 Epoch: [8][60/200]	Time 0.232s (0.244s)	Speed 137.8 samples/s	Data 0.000s (0.010s)	Loss 0.01364 (0.01252)
2025-11-06 22:03:32,916 Epoch: [8][70/200]	Time 0.238s (0.242s)	Speed 134.6 samples/s	Data 0.000s (0.009s)	Loss 0.01205 (0.01239)
2025-11-06 22:03:35,270 Epoch: [8][80/200]	Time 0.232s (0.242s)	Speed 138.2 samples/s	Data 0.000s (0.008s)	Loss 0.00911 (0.01233)
2025-11-06 22:03:37,594 Epoch: [8][90/200]	Time 0.234s (0.241s)	Speed 136.7 samples/s	Data 0.000s (0.007s)	Loss 0.00970 (0.01219)
2025-11-06 22:03:39,924 Epoch: [8][100/200]	Time 0.233s (0.240s)	Speed 137.6 samples/s	Data 0.000s (0.006s)	Loss 0.01209 (0.01223)
2025-11-06 22:03:42,281 Epoch: [8][110/200]	Time 0.233s (0.239s)	Speed 137.1 samples/s	Data 0.000s (0.006s)	Loss 0.01417 (0.01222)
2025-11-06 22:03:44,628 Epoch: [8][120/200]	Time 0.233s (0.239s)	Speed 137.2 samples/s	Data 0.000s (0.005s)	Loss 0.01189 (0.01229)
2025-11-06 22:03:46,970 Epoch: [8][130/200]	Time 0.233s (0.239s)	Speed 137.1 samples/s	Data 0.000s (0.005s)	Loss 0.00923 (0.01232)
2025-11-06 22:03:49,333 Epoch: [8][140/200]	Time 0.238s (0.239s)	Speed 134.6 samples/s	Data 0.000s (0.005s)	Loss 0.01491 (0.01237)
2025-11-06 22:03:51,685 Epoch: [8][150/200]	Time 0.234s (0.238s)	Speed 136.8 samples/s	Data 0.000s (0.004s)	Loss 0.01086 (0.01235)
2025-11-06 22:03:54,041 Epoch: [8][160/200]	Time 0.234s (0.238s)	Speed 137.0 samples/s	Data 0.000s (0.004s)	Loss 0.01297 (0.01237)
2025-11-06 22:03:56,408 Epoch: [8][170/200]	Time 0.235s (0.238s)	Speed 136.0 samples/s	Data 0.000s (0.004s)	Loss 0.01167 (0.01237)
2025-11-06 22:03:58,761 Epoch: [8][180/200]	Time 0.234s (0.238s)	Speed 136.6 samples/s	Data 0.000s (0.004s)	Loss 0.01352 (0.01236)
2025-11-06 22:04:01,144 Epoch: [8][190/200]	Time 0.260s (0.238s)	Speed 123.0 samples/s	Data 0.000s (0.004s)	Loss 0.01309 (0.01230)
2025-11-06 22:04:24,097 Test: [0/200]	Time 0.724 (0.724)	Loss 0.0708 (0.0708)
2025-11-06 22:04:24,243 Test: [10/200]	Time 0.015 (0.079)	Loss 0.0103 (0.0561)
2025-11-06 22:04:24,416 Test: [20/200]	Time 0.018 (0.050)	Loss 0.0320 (0.0548)
2025-11-06 22:04:24,589 Test: [30/200]	Time 0.017 (0.039)	Loss 0.0698 (0.0584)
2025-11-06 22:04:24,760 Test: [40/200]	Time 0.018 (0.034)	Loss 0.0490 (0.0599)
2025-11-06 22:04:24,931 Test: [50/200]	Time 0.017 (0.031)	Loss 0.1065 (0.0601)
2025-11-06 22:04:25,098 Test: [60/200]	Time 0.017 (0.028)	Loss 0.0735 (0.0612)
2025-11-06 22:04:25,275 Test: [70/200]	Time 0.018 (0.027)	Loss 0.0418 (0.0618)
2025-11-06 22:04:25,439 Test: [80/200]	Time 0.018 (0.026)	Loss 0.0554 (0.0601)
2025-11-06 22:04:25,622 Test: [90/200]	Time 0.022 (0.025)	Loss 0.0651 (0.0611)
2025-11-06 22:04:25,793 Test: [100/200]	Time 0.019 (0.024)	Loss 0.0858 (0.0608)
2025-11-06 22:04:25,958 Test: [110/200]	Time 0.017 (0.023)	Loss 0.1423 (0.0623)
2025-11-06 22:04:26,135 Test: [120/200]	Time 0.017 (0.023)	Loss 0.0760 (0.0611)
2025-11-06 22:04:26,314 Test: [130/200]	Time 0.015 (0.022)	Loss 0.0470 (0.0614)
2025-11-06 22:04:26,483 Test: [140/200]	Time 0.014 (0.022)	Loss 0.0651 (0.0607)
2025-11-06 22:04:26,658 Test: [150/200]	Time 0.016 (0.022)	Loss 0.0560 (0.0599)
2025-11-06 22:04:26,825 Test: [160/200]	Time 0.017 (0.021)	Loss 0.0716 (0.0600)
2025-11-06 22:04:26,989 Test: [170/200]	Time 0.017 (0.021)	Loss 0.0531 (0.0595)
2025-11-06 22:04:27,169 Test: [180/200]	Time 0.027 (0.021)	Loss 0.0437 (0.0591)
2025-11-06 22:04:27,334 Test: [190/200]	Time 0.015 (0.021)	Loss 0.0296 (0.0589)
2025-11-06 22:04:32,787 Mean IoU score: 0.857
2025-11-06 22:04:32,789 => saving checkpoint to out
2025-11-06 22:04:33,833 Epoch: [9][0/200]	Time 1.035s (1.035s)	Speed 30.9 samples/s	Data 0.780s (0.780s)	Loss 0.01135 (0.01135)
2025-11-06 22:04:36,232 Epoch: [9][10/200]	Time 0.232s (0.312s)	Speed 138.2 samples/s	Data 0.000s (0.071s)	Loss 0.01111 (0.01115)
2025-11-06 22:04:38,547 Epoch: [9][20/200]	Time 0.231s (0.274s)	Speed 138.6 samples/s	Data 0.000s (0.037s)	Loss 0.01602 (0.01155)
2025-11-06 22:04:40,878 Epoch: [9][30/200]	Time 0.235s (0.261s)	Speed 136.4 samples/s	Data 0.000s (0.026s)	Loss 0.01041 (0.01158)
2025-11-06 22:04:43,182 Epoch: [9][40/200]	Time 0.227s (0.253s)	Speed 140.9 samples/s	Data 0.000s (0.019s)	Loss 0.01167 (0.01163)
2025-11-06 22:04:45,503 Epoch: [9][50/200]	Time 0.229s (0.249s)	Speed 139.5 samples/s	Data 0.000s (0.016s)	Loss 0.00780 (0.01144)
2025-11-06 22:04:47,836 Epoch: [9][60/200]	Time 0.226s (0.247s)	Speed 141.5 samples/s	Data 0.000s (0.013s)	Loss 0.01171 (0.01129)
2025-11-06 22:04:50,162 Epoch: [9][70/200]	Time 0.232s (0.245s)	Speed 137.7 samples/s	Data 0.000s (0.011s)	Loss 0.01061 (0.01130)
2025-11-06 22:04:52,479 Epoch: [9][80/200]	Time 0.232s (0.243s)	Speed 138.2 samples/s	Data 0.000s (0.010s)	Loss 0.00866 (0.01134)
2025-11-06 22:04:54,802 Epoch: [9][90/200]	Time 0.232s (0.242s)	Speed 137.7 samples/s	Data 0.000s (0.009s)	Loss 0.01190 (0.01127)
2025-11-06 22:04:57,135 Epoch: [9][100/200]	Time 0.231s (0.241s)	Speed 138.4 samples/s	Data 0.000s (0.008s)	Loss 0.01580 (0.01130)
2025-11-06 22:04:59,477 Epoch: [9][110/200]	Time 0.235s (0.240s)	Speed 136.1 samples/s	Data 0.000s (0.007s)	Loss 0.01187 (0.01126)
2025-11-06 22:05:01,806 Epoch: [9][120/200]	Time 0.232s (0.240s)	Speed 138.2 samples/s	Data 0.000s (0.007s)	Loss 0.01046 (0.01119)
2025-11-06 22:05:04,132 Epoch: [9][130/200]	Time 0.234s (0.239s)	Speed 136.8 samples/s	Data 0.000s (0.006s)	Loss 0.00849 (0.01123)
2025-11-06 22:05:06,463 Epoch: [9][140/200]	Time 0.233s (0.239s)	Speed 137.2 samples/s	Data 0.000s (0.006s)	Loss 0.01124 (0.01122)
2025-11-06 22:05:08,806 Epoch: [9][150/200]	Time 0.235s (0.238s)	Speed 135.9 samples/s	Data 0.000s (0.005s)	Loss 0.00897 (0.01120)
2025-11-06 22:05:11,136 Epoch: [9][160/200]	Time 0.230s (0.238s)	Speed 139.1 samples/s	Data 0.000s (0.005s)	Loss 0.01149 (0.01119)
2025-11-06 22:05:13,474 Epoch: [9][170/200]	Time 0.232s (0.238s)	Speed 137.7 samples/s	Data 0.000s (0.005s)	Loss 0.01136 (0.01115)
2025-11-06 22:05:15,834 Epoch: [9][180/200]	Time 0.232s (0.238s)	Speed 138.0 samples/s	Data 0.000s (0.005s)	Loss 0.01046 (0.01115)
2025-11-06 22:05:18,176 Epoch: [9][190/200]	Time 0.236s (0.238s)	Speed 135.8 samples/s	Data 0.000s (0.004s)	Loss 0.00822 (0.01110)
2025-11-06 22:05:41,015 Test: [0/200]	Time 0.718 (0.718)	Loss 0.0865 (0.0865)
2025-11-06 22:05:41,176 Test: [10/200]	Time 0.017 (0.080)	Loss 0.0168 (0.0600)
2025-11-06 22:05:41,343 Test: [20/200]	Time 0.019 (0.050)	Loss 0.0276 (0.0584)
2025-11-06 22:05:41,507 Test: [30/200]	Time 0.015 (0.039)	Loss 0.0834 (0.0632)
2025-11-06 22:05:41,682 Test: [40/200]	Time 0.015 (0.034)	Loss 0.0641 (0.0663)
2025-11-06 22:05:41,846 Test: [50/200]	Time 0.015 (0.030)	Loss 0.1278 (0.0665)
2025-11-06 22:05:42,016 Test: [60/200]	Time 0.016 (0.028)	Loss 0.0698 (0.0673)
2025-11-06 22:05:42,183 Test: [70/200]	Time 0.017 (0.027)	Loss 0.0516 (0.0681)
2025-11-06 22:05:42,359 Test: [80/200]	Time 0.015 (0.025)	Loss 0.0695 (0.0662)
2025-11-06 22:05:42,530 Test: [90/200]	Time 0.016 (0.025)	Loss 0.0669 (0.0668)
2025-11-06 22:05:42,694 Test: [100/200]	Time 0.018 (0.024)	Loss 0.0877 (0.0661)
2025-11-06 22:05:42,868 Test: [110/200]	Time 0.018 (0.023)	Loss 0.1414 (0.0670)
2025-11-06 22:05:43,039 Test: [120/200]	Time 0.015 (0.023)	Loss 0.0633 (0.0663)
2025-11-06 22:05:43,210 Test: [130/200]	Time 0.016 (0.022)	Loss 0.0606 (0.0664)
2025-11-06 22:05:43,369 Test: [140/200]	Time 0.016 (0.022)	Loss 0.0557 (0.0655)
2025-11-06 22:05:43,540 Test: [150/200]	Time 0.016 (0.021)	Loss 0.0420 (0.0648)
2025-11-06 22:05:43,708 Test: [160/200]	Time 0.015 (0.021)	Loss 0.0849 (0.0652)
2025-11-06 22:05:43,863 Test: [170/200]	Time 0.012 (0.021)	Loss 0.0535 (0.0648)
2025-11-06 22:05:44,030 Test: [180/200]	Time 0.014 (0.021)	Loss 0.0400 (0.0643)
2025-11-06 22:05:44,196 Test: [190/200]	Time 0.016 (0.020)	Loss 0.0297 (0.0641)
2025-11-06 22:05:49,641 Mean IoU score: 0.846
2025-11-06 22:05:49,643 => saving checkpoint to out
2025-11-06 22:05:50,574 Epoch: [10][0/200]	Time 0.924s (0.924s)	Speed 34.6 samples/s	Data 0.676s (0.676s)	Loss 0.00815 (0.00815)
2025-11-06 22:05:52,910 Epoch: [10][10/200]	Time 0.236s (0.296s)	Speed 135.8 samples/s	Data 0.000s (0.062s)	Loss 0.00885 (0.00985)
2025-11-06 22:05:55,240 Epoch: [10][20/200]	Time 0.229s (0.266s)	Speed 140.0 samples/s	Data 0.000s (0.033s)	Loss 0.00958 (0.00945)
2025-11-06 22:05:57,598 Epoch: [10][30/200]	Time 0.234s (0.256s)	Speed 137.0 samples/s	Data 0.000s (0.022s)	Loss 0.01182 (0.00988)
2025-11-06 22:05:59,945 Epoch: [10][40/200]	Time 0.237s (0.251s)	Speed 134.8 samples/s	Data 0.000s (0.017s)	Loss 0.00851 (0.01010)
2025-11-06 22:06:02,289 Epoch: [10][50/200]	Time 0.238s (0.248s)	Speed 134.7 samples/s	Data 0.000s (0.014s)	Loss 0.01371 (0.01017)
2025-11-06 22:06:04,634 Epoch: [10][60/200]	Time 0.233s (0.246s)	Speed 137.4 samples/s	Data 0.000s (0.011s)	Loss 0.01386 (0.01022)
2025-11-06 22:06:06,966 Epoch: [10][70/200]	Time 0.232s (0.244s)	Speed 137.9 samples/s	Data 0.000s (0.010s)	Loss 0.00886 (0.01018)
2025-11-06 22:06:09,312 Epoch: [10][80/200]	Time 0.232s (0.243s)	Speed 137.9 samples/s	Data 0.000s (0.009s)	Loss 0.01099 (0.01013)
2025-11-06 22:06:11,661 Epoch: [10][90/200]	Time 0.236s (0.242s)	Speed 135.8 samples/s	Data 0.000s (0.008s)	Loss 0.00805 (0.01008)
2025-11-06 22:06:14,007 Epoch: [10][100/200]	Time 0.234s (0.241s)	Speed 136.7 samples/s	Data 0.000s (0.007s)	Loss 0.00884 (0.01011)
2025-11-06 22:06:16,342 Epoch: [10][110/200]	Time 0.231s (0.240s)	Speed 138.8 samples/s	Data 0.000s (0.006s)	Loss 0.00844 (0.01008)
2025-11-06 22:06:18,691 Epoch: [10][120/200]	Time 0.236s (0.240s)	Speed 135.5 samples/s	Data 0.000s (0.006s)	Loss 0.01146 (0.01016)
2025-11-06 22:06:21,018 Epoch: [10][130/200]	Time 0.234s (0.239s)	Speed 137.0 samples/s	Data 0.000s (0.005s)	Loss 0.01004 (0.01016)
2025-11-06 22:06:23,348 Epoch: [10][140/200]	Time 0.233s (0.239s)	Speed 137.4 samples/s	Data 0.000s (0.005s)	Loss 0.00997 (0.01016)
2025-11-06 22:06:25,685 Epoch: [10][150/200]	Time 0.231s (0.239s)	Speed 138.3 samples/s	Data 0.000s (0.005s)	Loss 0.00998 (0.01015)
2025-11-06 22:06:28,024 Epoch: [10][160/200]	Time 0.232s (0.238s)	Speed 138.2 samples/s	Data 0.000s (0.005s)	Loss 0.00900 (0.01014)
2025-11-06 22:06:30,364 Epoch: [10][170/200]	Time 0.230s (0.238s)	Speed 139.0 samples/s	Data 0.000s (0.004s)	Loss 0.01191 (0.01015)
2025-11-06 22:06:32,704 Epoch: [10][180/200]	Time 0.234s (0.238s)	Speed 136.8 samples/s	Data 0.000s (0.004s)	Loss 0.00944 (0.01011)
2025-11-06 22:06:35,045 Epoch: [10][190/200]	Time 0.230s (0.238s)	Speed 139.2 samples/s	Data 0.000s (0.004s)	Loss 0.01027 (0.01008)
2025-11-06 22:06:57,877 Test: [0/200]	Time 0.720 (0.720)	Loss 0.0799 (0.0799)
2025-11-06 22:06:58,033 Test: [10/200]	Time 0.012 (0.080)	Loss 0.0139 (0.0588)
2025-11-06 22:06:58,235 Test: [20/200]	Time 0.014 (0.051)	Loss 0.0367 (0.0564)
2025-11-06 22:06:58,391 Test: [30/200]	Time 0.015 (0.040)	Loss 0.0660 (0.0603)
2025-11-06 22:06:58,548 Test: [40/200]	Time 0.021 (0.034)	Loss 0.0471 (0.0619)
2025-11-06 22:06:58,713 Test: [50/200]	Time 0.014 (0.031)	Loss 0.1044 (0.0624)
2025-11-06 22:06:58,870 Test: [60/200]	Time 0.016 (0.028)	Loss 0.0814 (0.0642)
2025-11-06 22:06:59,013 Test: [70/200]	Time 0.014 (0.026)	Loss 0.0403 (0.0641)
2025-11-06 22:06:59,160 Test: [80/200]	Time 0.015 (0.025)	Loss 0.0583 (0.0624)
2025-11-06 22:06:59,305 Test: [90/200]	Time 0.015 (0.024)	Loss 0.0628 (0.0631)
2025-11-06 22:06:59,452 Test: [100/200]	Time 0.014 (0.023)	Loss 0.0935 (0.0624)
2025-11-06 22:06:59,596 Test: [110/200]	Time 0.014 (0.022)	Loss 0.1552 (0.0631)
2025-11-06 22:06:59,744 Test: [120/200]	Time 0.014 (0.021)	Loss 0.0720 (0.0620)
2025-11-06 22:06:59,889 Test: [130/200]	Time 0.015 (0.021)	Loss 0.0453 (0.0622)
2025-11-06 22:07:00,043 Test: [140/200]	Time 0.015 (0.020)	Loss 0.0610 (0.0613)
2025-11-06 22:07:00,186 Test: [150/200]	Time 0.014 (0.020)	Loss 0.0534 (0.0605)
2025-11-06 22:07:00,338 Test: [160/200]	Time 0.014 (0.020)	Loss 0.0711 (0.0607)
2025-11-06 22:07:00,481 Test: [170/200]	Time 0.014 (0.019)	Loss 0.0520 (0.0601)
2025-11-06 22:07:00,627 Test: [180/200]	Time 0.017 (0.019)	Loss 0.0432 (0.0597)
2025-11-06 22:07:00,781 Test: [190/200]	Time 0.016 (0.019)	Loss 0.0280 (0.0597)
2025-11-06 22:07:06,202 Mean IoU score: 0.856
2025-11-06 22:07:06,203 => saving checkpoint to out
2025-11-06 22:07:07,309 Epoch: [11][0/200]	Time 1.098s (1.098s)	Speed 29.1 samples/s	Data 0.834s (0.834s)	Loss 0.00799 (0.00799)
2025-11-06 22:07:09,666 Epoch: [11][10/200]	Time 0.252s (0.314s)	Speed 126.9 samples/s	Data 0.000s (0.076s)	Loss 0.00915 (0.00839)
2025-11-06 22:07:12,125 Epoch: [11][20/200]	Time 0.245s (0.282s)	Speed 130.4 samples/s	Data 0.000s (0.040s)	Loss 0.01175 (0.00862)
2025-11-06 22:07:14,619 Epoch: [11][30/200]	Time 0.243s (0.271s)	Speed 131.6 samples/s	Data 0.000s (0.027s)	Loss 0.00850 (0.00871)
2025-11-06 22:07:17,070 Epoch: [11][40/200]	Time 0.243s (0.265s)	Speed 131.5 samples/s	Data 0.000s (0.021s)	Loss 0.01215 (0.00888)
2025-11-06 22:07:19,535 Epoch: [11][50/200]	Time 0.247s (0.261s)	Speed 129.7 samples/s	Data 0.000s (0.017s)	Loss 0.00896 (0.00900)
2025-11-06 22:07:22,000 Epoch: [11][60/200]	Time 0.243s (0.259s)	Speed 131.5 samples/s	Data 0.000s (0.014s)	Loss 0.01013 (0.00909)
2025-11-06 22:07:24,447 Epoch: [11][70/200]	Time 0.246s (0.257s)	Speed 129.9 samples/s	Data 0.000s (0.012s)	Loss 0.00884 (0.00906)
2025-11-06 22:07:26,906 Epoch: [11][80/200]	Time 0.242s (0.255s)	Speed 132.1 samples/s	Data 0.000s (0.011s)	Loss 0.00900 (0.00906)
2025-11-06 22:07:29,372 Epoch: [11][90/200]	Time 0.245s (0.255s)	Speed 130.5 samples/s	Data 0.000s (0.010s)	Loss 0.00856 (0.00903)
2025-11-06 22:07:31,825 Epoch: [11][100/200]	Time 0.247s (0.254s)	Speed 129.3 samples/s	Data 0.000s (0.009s)	Loss 0.00977 (0.00907)
2025-11-06 22:07:34,289 Epoch: [11][110/200]	Time 0.246s (0.253s)	Speed 130.2 samples/s	Data 0.000s (0.008s)	Loss 0.01076 (0.00903)
2025-11-06 22:07:36,750 Epoch: [11][120/200]	Time 0.252s (0.252s)	Speed 126.7 samples/s	Data 0.000s (0.007s)	Loss 0.00824 (0.00904)
2025-11-06 22:07:39,224 Epoch: [11][130/200]	Time 0.244s (0.252s)	Speed 131.1 samples/s	Data 0.000s (0.007s)	Loss 0.00888 (0.00905)
2025-11-06 22:07:41,706 Epoch: [11][140/200]	Time 0.253s (0.252s)	Speed 126.6 samples/s	Data 0.000s (0.006s)	Loss 0.01310 (0.00916)
2025-11-06 22:07:44,185 Epoch: [11][150/200]	Time 0.250s (0.251s)	Speed 127.8 samples/s	Data 0.000s (0.006s)	Loss 0.01167 (0.00918)
2025-11-06 22:07:46,643 Epoch: [11][160/200]	Time 0.248s (0.251s)	Speed 128.9 samples/s	Data 0.001s (0.006s)	Loss 0.01017 (0.00922)
2025-11-06 22:07:49,119 Epoch: [11][170/200]	Time 0.250s (0.251s)	Speed 127.9 samples/s	Data 0.000s (0.005s)	Loss 0.01116 (0.00928)
2025-11-06 22:07:51,600 Epoch: [11][180/200]	Time 0.249s (0.251s)	Speed 128.4 samples/s	Data 0.000s (0.005s)	Loss 0.00823 (0.00931)
2025-11-06 22:07:54,091 Epoch: [11][190/200]	Time 0.256s (0.251s)	Speed 124.8 samples/s	Data 0.000s (0.005s)	Loss 0.00911 (0.00929)
2025-11-06 22:08:17,062 Test: [0/200]	Time 0.726 (0.726)	Loss 0.0830 (0.0830)
2025-11-06 22:08:17,227 Test: [10/200]	Time 0.016 (0.081)	Loss 0.0151 (0.0575)
2025-11-06 22:08:17,400 Test: [20/200]	Time 0.022 (0.051)	Loss 0.0261 (0.0559)
2025-11-06 22:08:17,557 Test: [30/200]	Time 0.014 (0.039)	Loss 0.0767 (0.0591)
2025-11-06 22:08:17,723 Test: [40/200]	Time 0.015 (0.034)	Loss 0.0474 (0.0617)
2025-11-06 22:08:17,888 Test: [50/200]	Time 0.015 (0.030)	Loss 0.1389 (0.0623)
2025-11-06 22:08:18,058 Test: [60/200]	Time 0.019 (0.028)	Loss 0.0655 (0.0643)
2025-11-06 22:08:18,228 Test: [70/200]	Time 0.016 (0.027)	Loss 0.0532 (0.0652)
2025-11-06 22:08:18,406 Test: [80/200]	Time 0.017 (0.026)	Loss 0.0558 (0.0632)
2025-11-06 22:08:18,566 Test: [90/200]	Time 0.016 (0.025)	Loss 0.0642 (0.0637)
2025-11-06 22:08:18,743 Test: [100/200]	Time 0.017 (0.024)	Loss 0.0922 (0.0637)
2025-11-06 22:08:18,908 Test: [110/200]	Time 0.018 (0.023)	Loss 0.1603 (0.0654)
2025-11-06 22:08:19,071 Test: [120/200]	Time 0.017 (0.023)	Loss 0.0701 (0.0642)
2025-11-06 22:08:19,240 Test: [130/200]	Time 0.016 (0.022)	Loss 0.0465 (0.0643)
2025-11-06 22:08:19,408 Test: [140/200]	Time 0.016 (0.022)	Loss 0.0681 (0.0635)
2025-11-06 22:08:19,580 Test: [150/200]	Time 0.015 (0.021)	Loss 0.0519 (0.0629)
2025-11-06 22:08:19,759 Test: [160/200]	Time 0.020 (0.021)	Loss 0.0899 (0.0628)
2025-11-06 22:08:19,927 Test: [170/200]	Time 0.013 (0.021)	Loss 0.0634 (0.0624)
2025-11-06 22:08:20,088 Test: [180/200]	Time 0.016 (0.021)	Loss 0.0366 (0.0617)
2025-11-06 22:08:20,266 Test: [190/200]	Time 0.016 (0.021)	Loss 0.0257 (0.0614)
2025-11-06 22:08:25,706 Mean IoU score: 0.853
2025-11-06 22:08:25,707 => saving checkpoint to out
2025-11-06 22:08:26,584 Epoch: [12][0/200]	Time 0.871s (0.871s)	Speed 36.8 samples/s	Data 0.619s (0.619s)	Loss 0.01063 (0.01063)
2025-11-06 22:08:29,046 Epoch: [12][10/200]	Time 0.241s (0.303s)	Speed 133.0 samples/s	Data 0.000s (0.059s)	Loss 0.01012 (0.00985)
2025-11-06 22:08:31,485 Epoch: [12][20/200]	Time 0.246s (0.275s)	Speed 129.8 samples/s	Data 0.000s (0.031s)	Loss 0.01023 (0.00924)
2025-11-06 22:08:33,942 Epoch: [12][30/200]	Time 0.241s (0.265s)	Speed 132.5 samples/s	Data 0.000s (0.021s)	Loss 0.00958 (0.00915)
2025-11-06 22:08:36,416 Epoch: [12][40/200]	Time 0.251s (0.261s)	Speed 127.5 samples/s	Data 0.000s (0.016s)	Loss 0.00921 (0.00912)
2025-11-06 22:08:38,875 Epoch: [12][50/200]	Time 0.248s (0.258s)	Speed 129.0 samples/s	Data 0.000s (0.013s)	Loss 0.00792 (0.00898)
2025-11-06 22:08:41,321 Epoch: [12][60/200]	Time 0.247s (0.256s)	Speed 129.8 samples/s	Data 0.000s (0.011s)	Loss 0.00656 (0.00890)
2025-11-06 22:08:43,803 Epoch: [12][70/200]	Time 0.249s (0.255s)	Speed 128.6 samples/s	Data 0.000s (0.009s)	Loss 0.00989 (0.00885)
2025-11-06 22:08:46,273 Epoch: [12][80/200]	Time 0.248s (0.254s)	Speed 128.8 samples/s	Data 0.000s (0.008s)	Loss 0.00874 (0.00893)
2025-11-06 22:08:48,728 Epoch: [12][90/200]	Time 0.247s (0.253s)	Speed 129.7 samples/s	Data 0.000s (0.007s)	Loss 0.00733 (0.00893)
2025-11-06 22:08:51,193 Epoch: [12][100/200]	Time 0.251s (0.252s)	Speed 127.7 samples/s	Data 0.000s (0.007s)	Loss 0.00879 (0.00892)
2025-11-06 22:08:53,672 Epoch: [12][110/200]	Time 0.248s (0.252s)	Speed 128.8 samples/s	Data 0.000s (0.006s)	Loss 0.00747 (0.00897)
2025-11-06 22:08:56,145 Epoch: [12][120/200]	Time 0.247s (0.251s)	Speed 129.4 samples/s	Data 0.000s (0.006s)	Loss 0.00822 (0.00897)
2025-11-06 22:08:58,632 Epoch: [12][130/200]	Time 0.252s (0.251s)	Speed 126.8 samples/s	Data 0.000s (0.005s)	Loss 0.00906 (0.00897)
2025-11-06 22:09:01,111 Epoch: [12][140/200]	Time 0.246s (0.251s)	Speed 130.1 samples/s	Data 0.000s (0.005s)	Loss 0.00899 (0.00898)
2025-11-06 22:09:03,597 Epoch: [12][150/200]	Time 0.249s (0.251s)	Speed 128.4 samples/s	Data 0.000s (0.005s)	Loss 0.00856 (0.00898)
2025-11-06 22:09:06,078 Epoch: [12][160/200]	Time 0.248s (0.251s)	Speed 129.2 samples/s	Data 0.000s (0.004s)	Loss 0.01045 (0.00895)
2025-11-06 22:09:08,558 Epoch: [12][170/200]	Time 0.251s (0.251s)	Speed 127.4 samples/s	Data 0.000s (0.004s)	Loss 0.00736 (0.00896)
2025-11-06 22:09:11,030 Epoch: [12][180/200]	Time 0.247s (0.250s)	Speed 129.5 samples/s	Data 0.000s (0.004s)	Loss 0.00787 (0.00893)
2025-11-06 22:09:13,515 Epoch: [12][190/200]	Time 0.254s (0.250s)	Speed 126.2 samples/s	Data 0.000s (0.004s)	Loss 0.00769 (0.00890)
2025-11-06 22:09:36,387 Test: [0/200]	Time 0.616 (0.616)	Loss 0.0996 (0.0996)
2025-11-06 22:09:36,554 Test: [10/200]	Time 0.015 (0.071)	Loss 0.0115 (0.0642)
2025-11-06 22:09:36,724 Test: [20/200]	Time 0.016 (0.045)	Loss 0.0339 (0.0611)
2025-11-06 22:09:36,897 Test: [30/200]	Time 0.019 (0.036)	Loss 0.0867 (0.0647)
2025-11-06 22:09:37,063 Test: [40/200]	Time 0.017 (0.032)	Loss 0.0469 (0.0679)
2025-11-06 22:09:37,226 Test: [50/200]	Time 0.018 (0.029)	Loss 0.1032 (0.0678)
2025-11-06 22:09:37,399 Test: [60/200]	Time 0.015 (0.027)	Loss 0.0787 (0.0697)
2025-11-06 22:09:37,560 Test: [70/200]	Time 0.015 (0.025)	Loss 0.0423 (0.0703)
2025-11-06 22:09:37,727 Test: [80/200]	Time 0.015 (0.024)	Loss 0.0930 (0.0687)
2025-11-06 22:09:37,890 Test: [90/200]	Time 0.015 (0.023)	Loss 0.0744 (0.0690)
2025-11-06 22:09:38,054 Test: [100/200]	Time 0.018 (0.023)	Loss 0.0994 (0.0689)
2025-11-06 22:09:38,225 Test: [110/200]	Time 0.016 (0.022)	Loss 0.1668 (0.0696)
2025-11-06 22:09:38,388 Test: [120/200]	Time 0.015 (0.022)	Loss 0.0782 (0.0684)
2025-11-06 22:09:38,559 Test: [130/200]	Time 0.016 (0.021)	Loss 0.0768 (0.0690)
2025-11-06 22:09:38,718 Test: [140/200]	Time 0.014 (0.021)	Loss 0.0632 (0.0680)
2025-11-06 22:09:38,874 Test: [150/200]	Time 0.015 (0.021)	Loss 0.0472 (0.0669)
2025-11-06 22:09:39,034 Test: [160/200]	Time 0.015 (0.020)	Loss 0.0737 (0.0673)
2025-11-06 22:09:39,191 Test: [170/200]	Time 0.013 (0.020)	Loss 0.0867 (0.0667)
2025-11-06 22:09:39,348 Test: [180/200]	Time 0.015 (0.020)	Loss 0.0552 (0.0662)
2025-11-06 22:09:39,505 Test: [190/200]	Time 0.016 (0.020)	Loss 0.0268 (0.0661)
2025-11-06 22:09:44,938 Mean IoU score: 0.842
2025-11-06 22:09:44,939 => saving checkpoint to out
2025-11-06 22:09:45,833 Epoch: [13][0/200]	Time 0.886s (0.886s)	Speed 36.1 samples/s	Data 0.618s (0.618s)	Loss 0.00611 (0.00611)
2025-11-06 22:09:48,285 Epoch: [13][10/200]	Time 0.251s (0.304s)	Speed 127.6 samples/s	Data 0.000s (0.057s)	Loss 0.00714 (0.00928)
2025-11-06 22:09:50,751 Epoch: [13][20/200]	Time 0.247s (0.276s)	Speed 129.8 samples/s	Data 0.000s (0.030s)	Loss 0.00773 (0.00874)
2025-11-06 22:09:53,221 Epoch: [13][30/200]	Time 0.247s (0.267s)	Speed 129.6 samples/s	Data 0.000s (0.020s)	Loss 0.00910 (0.00907)
2025-11-06 22:09:55,671 Epoch: [13][40/200]	Time 0.247s (0.262s)	Speed 129.8 samples/s	Data 0.000s (0.015s)	Loss 0.01071 (0.00928)
2025-11-06 22:09:58,141 Epoch: [13][50/200]	Time 0.246s (0.259s)	Speed 129.9 samples/s	Data 0.000s (0.012s)	Loss 0.01040 (0.00936)
2025-11-06 22:10:00,594 Epoch: [13][60/200]	Time 0.245s (0.257s)	Speed 130.5 samples/s	Data 0.000s (0.010s)	Loss 0.01289 (0.00954)
2025-11-06 22:10:03,185 Epoch: [13][70/200]	Time 0.246s (0.257s)	Speed 130.0 samples/s	Data 0.000s (0.009s)	Loss 0.01297 (0.00964)
2025-11-06 22:10:05,667 Epoch: [13][80/200]	Time 0.255s (0.256s)	Speed 125.6 samples/s	Data 0.000s (0.008s)	Loss 0.01365 (0.00991)
2025-11-06 22:10:08,146 Epoch: [13][90/200]	Time 0.245s (0.255s)	Speed 130.6 samples/s	Data 0.000s (0.007s)	Loss 0.02434 (0.01045)
2025-11-06 22:10:10,628 Epoch: [13][100/200]	Time 0.243s (0.254s)	Speed 131.7 samples/s	Data 0.000s (0.006s)	Loss 0.01789 (0.01148)
2025-11-06 22:10:13,096 Epoch: [13][110/200]	Time 0.249s (0.254s)	Speed 128.5 samples/s	Data 0.000s (0.006s)	Loss 0.02519 (0.01269)
2025-11-06 22:10:15,579 Epoch: [13][120/200]	Time 0.250s (0.253s)	Speed 127.9 samples/s	Data 0.000s (0.005s)	Loss 0.02424 (0.01363)
2025-11-06 22:10:18,053 Epoch: [13][130/200]	Time 0.251s (0.253s)	Speed 127.7 samples/s	Data 0.000s (0.005s)	Loss 0.03006 (0.01421)
2025-11-06 22:10:20,518 Epoch: [13][140/200]	Time 0.252s (0.252s)	Speed 127.2 samples/s	Data 0.000s (0.005s)	Loss 0.01864 (0.01481)
2025-11-06 22:10:23,003 Epoch: [13][150/200]	Time 0.245s (0.252s)	Speed 130.9 samples/s	Data 0.000s (0.004s)	Loss 0.02266 (0.01532)
2025-11-06 22:10:25,480 Epoch: [13][160/200]	Time 0.245s (0.252s)	Speed 130.7 samples/s	Data 0.000s (0.004s)	Loss 0.03188 (0.01575)
2025-11-06 22:10:27,965 Epoch: [13][170/200]	Time 0.246s (0.252s)	Speed 130.0 samples/s	Data 0.000s (0.004s)	Loss 0.02583 (0.01604)
2025-11-06 22:10:30,451 Epoch: [13][180/200]	Time 0.249s (0.251s)	Speed 128.5 samples/s	Data 0.000s (0.004s)	Loss 0.01690 (0.01610)
2025-11-06 22:10:32,951 Epoch: [13][190/200]	Time 0.247s (0.251s)	Speed 129.5 samples/s	Data 0.000s (0.004s)	Loss 0.01701 (0.01618)
2025-11-06 22:10:55,947 Test: [0/200]	Time 0.745 (0.745)	Loss 0.1081 (0.1081)
2025-11-06 22:10:56,114 Test: [10/200]	Time 0.018 (0.083)	Loss 0.0110 (0.0723)
2025-11-06 22:10:56,289 Test: [20/200]	Time 0.016 (0.052)	Loss 0.0608 (0.0767)
2025-11-06 22:10:56,458 Test: [30/200]	Time 0.017 (0.041)	Loss 0.1421 (0.0875)
2025-11-06 22:10:56,628 Test: [40/200]	Time 0.016 (0.035)	Loss 0.0533 (0.0895)
2025-11-06 22:10:56,815 Test: [50/200]	Time 0.019 (0.032)	Loss 0.1170 (0.0882)
2025-11-06 22:10:56,986 Test: [60/200]	Time 0.016 (0.029)	Loss 0.1400 (0.0913)
2025-11-06 22:10:57,154 Test: [70/200]	Time 0.016 (0.027)	Loss 0.0732 (0.0910)
2025-11-06 22:10:57,344 Test: [80/200]	Time 0.020 (0.026)	Loss 0.0846 (0.0894)
2025-11-06 22:10:57,510 Test: [90/200]	Time 0.017 (0.025)	Loss 0.0730 (0.0902)
2025-11-06 22:10:57,678 Test: [100/200]	Time 0.017 (0.025)	Loss 0.1218 (0.0898)
2025-11-06 22:10:57,849 Test: [110/200]	Time 0.018 (0.024)	Loss 0.1972 (0.0912)
2025-11-06 22:10:58,018 Test: [120/200]	Time 0.017 (0.023)	Loss 0.0935 (0.0899)
2025-11-06 22:10:58,185 Test: [130/200]	Time 0.016 (0.023)	Loss 0.0580 (0.0896)
2025-11-06 22:10:58,350 Test: [140/200]	Time 0.016 (0.022)	Loss 0.1038 (0.0894)
2025-11-06 22:10:58,519 Test: [150/200]	Time 0.017 (0.022)	Loss 0.0699 (0.0884)
2025-11-06 22:10:58,702 Test: [160/200]	Time 0.024 (0.022)	Loss 0.1379 (0.0886)
2025-11-06 22:10:58,867 Test: [170/200]	Time 0.016 (0.021)	Loss 0.0923 (0.0882)
2025-11-06 22:10:59,040 Test: [180/200]	Time 0.017 (0.021)	Loss 0.0943 (0.0874)
2025-11-06 22:10:59,207 Test: [190/200]	Time 0.014 (0.021)	Loss 0.0338 (0.0875)
2025-11-06 22:11:04,643 Mean IoU score: 0.790
2025-11-06 22:11:04,644 => saving checkpoint to out
2025-11-06 22:11:05,544 Epoch: [14][0/200]	Time 0.892s (0.892s)	Speed 35.9 samples/s	Data 0.624s (0.624s)	Loss 0.01209 (0.01209)
2025-11-06 22:11:07,988 Epoch: [14][10/200]	Time 0.241s (0.303s)	Speed 132.8 samples/s	Data 0.000s (0.057s)	Loss 0.01374 (0.01506)
2025-11-06 22:11:10,458 Epoch: [14][20/200]	Time 0.250s (0.276s)	Speed 128.2 samples/s	Data 0.000s (0.030s)	Loss 0.01409 (0.01542)
2025-11-06 22:11:12,933 Epoch: [14][30/200]	Time 0.248s (0.267s)	Speed 129.2 samples/s	Data 0.000s (0.020s)	Loss 0.01492 (0.01536)
2025-11-06 22:11:15,430 Epoch: [14][40/200]	Time 0.252s (0.263s)	Speed 127.1 samples/s	Data 0.000s (0.016s)	Loss 0.01670 (0.01556)
2025-11-06 22:11:17,912 Epoch: [14][50/200]	Time 0.249s (0.260s)	Speed 128.6 samples/s	Data 0.000s (0.013s)	Loss 0.02291 (0.01558)
2025-11-06 22:11:20,383 Epoch: [14][60/200]	Time 0.249s (0.258s)	Speed 128.6 samples/s	Data 0.000s (0.011s)	Loss 0.01312 (0.01539)
2025-11-06 22:11:22,872 Epoch: [14][70/200]	Time 0.251s (0.257s)	Speed 127.2 samples/s	Data 0.000s (0.009s)	Loss 0.01407 (0.01521)
2025-11-06 22:11:25,324 Epoch: [14][80/200]	Time 0.245s (0.255s)	Speed 130.7 samples/s	Data 0.000s (0.008s)	Loss 0.01499 (0.01497)
2025-11-06 22:11:27,797 Epoch: [14][90/200]	Time 0.242s (0.254s)	Speed 132.1 samples/s	Data 0.000s (0.007s)	Loss 0.01980 (0.01504)
2025-11-06 22:11:30,282 Epoch: [14][100/200]	Time 0.249s (0.254s)	Speed 128.7 samples/s	Data 0.000s (0.007s)	Loss 0.01728 (0.01510)
2025-11-06 22:11:32,750 Epoch: [14][110/200]	Time 0.247s (0.253s)	Speed 129.7 samples/s	Data 0.000s (0.006s)	Loss 0.00963 (0.01524)
2025-11-06 22:11:35,243 Epoch: [14][120/200]	Time 0.249s (0.253s)	Speed 128.6 samples/s	Data 0.000s (0.006s)	Loss 0.01429 (0.01517)
2025-11-06 22:11:37,731 Epoch: [14][130/200]	Time 0.249s (0.253s)	Speed 128.5 samples/s	Data 0.000s (0.005s)	Loss 0.01034 (0.01500)
2025-11-06 22:11:40,220 Epoch: [14][140/200]	Time 0.252s (0.252s)	Speed 127.2 samples/s	Data 0.000s (0.005s)	Loss 0.01066 (0.01495)
2025-11-06 22:11:42,684 Epoch: [14][150/200]	Time 0.246s (0.252s)	Speed 129.9 samples/s	Data 0.000s (0.004s)	Loss 0.01111 (0.01474)
2025-11-06 22:11:45,161 Epoch: [14][160/200]	Time 0.241s (0.252s)	Speed 132.7 samples/s	Data 0.000s (0.004s)	Loss 0.01040 (0.01460)
2025-11-06 22:11:47,635 Epoch: [14][170/200]	Time 0.251s (0.251s)	Speed 127.3 samples/s	Data 0.000s (0.004s)	Loss 0.01282 (0.01446)
2025-11-06 22:11:50,118 Epoch: [14][180/200]	Time 0.247s (0.251s)	Speed 129.7 samples/s	Data 0.000s (0.004s)	Loss 0.01192 (0.01426)
2025-11-06 22:11:52,611 Epoch: [14][190/200]	Time 0.247s (0.251s)	Speed 129.4 samples/s	Data 0.000s (0.004s)	Loss 0.01206 (0.01416)
2025-11-06 22:12:15,582 Test: [0/200]	Time 0.742 (0.742)	Loss 0.0623 (0.0623)
2025-11-06 22:12:15,729 Test: [10/200]	Time 0.015 (0.081)	Loss 0.0130 (0.0624)
2025-11-06 22:12:15,916 Test: [20/200]	Time 0.016 (0.051)	Loss 0.0525 (0.0649)
2025-11-06 22:12:16,082 Test: [30/200]	Time 0.017 (0.040)	Loss 0.0747 (0.0704)
2025-11-06 22:12:16,255 Test: [40/200]	Time 0.018 (0.034)	Loss 0.0635 (0.0738)
2025-11-06 22:12:16,423 Test: [50/200]	Time 0.017 (0.031)	Loss 0.1164 (0.0750)
2025-11-06 22:12:16,590 Test: [60/200]	Time 0.015 (0.029)	Loss 0.0783 (0.0753)
2025-11-06 22:12:16,758 Test: [70/200]	Time 0.016 (0.027)	Loss 0.0637 (0.0741)
2025-11-06 22:12:16,930 Test: [80/200]	Time 0.016 (0.026)	Loss 0.0903 (0.0724)
2025-11-06 22:12:17,096 Test: [90/200]	Time 0.016 (0.025)	Loss 0.1085 (0.0730)
2025-11-06 22:12:17,259 Test: [100/200]	Time 0.017 (0.024)	Loss 0.1072 (0.0721)
2025-11-06 22:12:17,419 Test: [110/200]	Time 0.018 (0.023)	Loss 0.1583 (0.0727)
2025-11-06 22:12:17,585 Test: [120/200]	Time 0.015 (0.023)	Loss 0.0650 (0.0710)
2025-11-06 22:12:17,754 Test: [130/200]	Time 0.014 (0.022)	Loss 0.0608 (0.0711)
2025-11-06 22:12:17,916 Test: [140/200]	Time 0.013 (0.022)	Loss 0.0800 (0.0706)
2025-11-06 22:12:18,081 Test: [150/200]	Time 0.016 (0.021)	Loss 0.0593 (0.0694)
2025-11-06 22:12:18,242 Test: [160/200]	Time 0.016 (0.021)	Loss 0.0677 (0.0689)
2025-11-06 22:12:18,408 Test: [170/200]	Time 0.016 (0.021)	Loss 0.0831 (0.0682)
2025-11-06 22:12:18,577 Test: [180/200]	Time 0.021 (0.021)	Loss 0.0576 (0.0675)
2025-11-06 22:12:18,743 Test: [190/200]	Time 0.014 (0.020)	Loss 0.0283 (0.0676)
2025-11-06 22:12:24,181 Mean IoU score: 0.833
2025-11-06 22:12:24,182 => saving checkpoint to out
2025-11-06 22:12:25,060 Epoch: [15][0/200]	Time 0.871s (0.871s)	Speed 36.7 samples/s	Data 0.618s (0.618s)	Loss 0.00864 (0.00864)
2025-11-06 22:12:27,497 Epoch: [15][10/200]	Time 0.247s (0.301s)	Speed 129.5 samples/s	Data 0.000s (0.057s)	Loss 0.01272 (0.01153)
2025-11-06 22:12:29,966 Epoch: [15][20/200]	Time 0.249s (0.275s)	Speed 128.7 samples/s	Data 0.000s (0.030s)	Loss 0.00970 (0.01102)
2025-11-06 22:12:32,434 Epoch: [15][30/200]	Time 0.249s (0.266s)	Speed 128.3 samples/s	Data 0.000s (0.020s)	Loss 0.01025 (0.01112)
2025-11-06 22:12:34,921 Epoch: [15][40/200]	Time 0.246s (0.262s)	Speed 130.0 samples/s	Data 0.000s (0.015s)	Loss 0.01117 (0.01094)
2025-11-06 22:12:37,394 Epoch: [15][50/200]	Time 0.247s (0.259s)	Speed 129.7 samples/s	Data 0.000s (0.012s)	Loss 0.01383 (0.01085)
2025-11-06 22:12:39,857 Epoch: [15][60/200]	Time 0.245s (0.257s)	Speed 130.5 samples/s	Data 0.000s (0.010s)	Loss 0.01019 (0.01091)
2025-11-06 22:12:42,332 Epoch: [15][70/200]	Time 0.247s (0.256s)	Speed 129.7 samples/s	Data 0.000s (0.009s)	Loss 0.00848 (0.01082)
2025-11-06 22:12:44,798 Epoch: [15][80/200]	Time 0.247s (0.254s)	Speed 129.6 samples/s	Data 0.000s (0.008s)	Loss 0.01024 (0.01066)
2025-11-06 22:12:47,259 Epoch: [15][90/200]	Time 0.245s (0.254s)	Speed 130.8 samples/s	Data 0.000s (0.007s)	Loss 0.00838 (0.01062)
2025-11-06 22:12:49,725 Epoch: [15][100/200]	Time 0.248s (0.253s)	Speed 129.0 samples/s	Data 0.000s (0.006s)	Loss 0.01205 (0.01059)
2025-11-06 22:12:52,205 Epoch: [15][110/200]	Time 0.244s (0.252s)	Speed 131.0 samples/s	Data 0.000s (0.006s)	Loss 0.00719 (0.01053)
2025-11-06 22:12:54,672 Epoch: [15][120/200]	Time 0.246s (0.252s)	Speed 130.2 samples/s	Data 0.000s (0.005s)	Loss 0.01129 (0.01048)
2025-11-06 22:12:57,164 Epoch: [15][130/200]	Time 0.246s (0.252s)	Speed 130.0 samples/s	Data 0.000s (0.005s)	Loss 0.00838 (0.01037)
2025-11-06 22:12:59,631 Epoch: [15][140/200]	Time 0.251s (0.251s)	Speed 127.7 samples/s	Data 0.000s (0.005s)	Loss 0.01358 (0.01034)
2025-11-06 22:13:02,105 Epoch: [15][150/200]	Time 0.240s (0.251s)	Speed 133.3 samples/s	Data 0.000s (0.004s)	Loss 0.01270 (0.01034)
2025-11-06 22:13:04,597 Epoch: [15][160/200]	Time 0.250s (0.251s)	Speed 127.9 samples/s	Data 0.000s (0.004s)	Loss 0.00924 (0.01031)
2025-11-06 22:13:07,073 Epoch: [15][170/200]	Time 0.246s (0.251s)	Speed 130.2 samples/s	Data 0.000s (0.004s)	Loss 0.00613 (0.01024)
2025-11-06 22:13:09,565 Epoch: [15][180/200]	Time 0.247s (0.251s)	Speed 129.6 samples/s	Data 0.000s (0.004s)	Loss 0.00780 (0.01017)
2025-11-06 22:13:12,231 Epoch: [15][190/200]	Time 0.246s (0.252s)	Speed 130.0 samples/s	Data 0.000s (0.004s)	Loss 0.00718 (0.01010)
2025-11-06 22:13:35,200 Test: [0/200]	Time 0.765 (0.765)	Loss 0.0514 (0.0514)
2025-11-06 22:13:35,351 Test: [10/200]	Time 0.014 (0.083)	Loss 0.0084 (0.0537)
2025-11-06 22:13:35,508 Test: [20/200]	Time 0.016 (0.051)	Loss 0.0597 (0.0556)
2025-11-06 22:13:35,661 Test: [30/200]	Time 0.015 (0.040)	Loss 0.0634 (0.0601)
2025-11-06 22:13:35,815 Test: [40/200]	Time 0.015 (0.034)	Loss 0.0404 (0.0619)
2025-11-06 22:13:35,965 Test: [50/200]	Time 0.015 (0.030)	Loss 0.1118 (0.0627)
2025-11-06 22:13:36,119 Test: [60/200]	Time 0.017 (0.028)	Loss 0.0596 (0.0645)
2025-11-06 22:13:36,269 Test: [70/200]	Time 0.013 (0.026)	Loss 0.0442 (0.0638)
2025-11-06 22:13:36,423 Test: [80/200]	Time 0.016 (0.025)	Loss 0.0591 (0.0621)
2025-11-06 22:13:36,576 Test: [90/200]	Time 0.015 (0.024)	Loss 0.0811 (0.0635)
2025-11-06 22:13:36,730 Test: [100/200]	Time 0.014 (0.023)	Loss 0.0890 (0.0627)
2025-11-06 22:13:36,885 Test: [110/200]	Time 0.015 (0.022)	Loss 0.1588 (0.0638)
2025-11-06 22:13:37,038 Test: [120/200]	Time 0.014 (0.022)	Loss 0.0781 (0.0624)
2025-11-06 22:13:37,188 Test: [130/200]	Time 0.015 (0.021)	Loss 0.0487 (0.0624)
2025-11-06 22:13:37,339 Test: [140/200]	Time 0.014 (0.021)	Loss 0.1094 (0.0617)
2025-11-06 22:13:37,489 Test: [150/200]	Time 0.015 (0.020)	Loss 0.0472 (0.0605)
2025-11-06 22:13:37,636 Test: [160/200]	Time 0.016 (0.020)	Loss 0.0648 (0.0603)
2025-11-06 22:13:37,788 Test: [170/200]	Time 0.016 (0.020)	Loss 0.0610 (0.0598)
2025-11-06 22:13:37,941 Test: [180/200]	Time 0.015 (0.019)	Loss 0.0461 (0.0592)
2025-11-06 22:13:38,088 Test: [190/200]	Time 0.015 (0.019)	Loss 0.0251 (0.0589)
2025-11-06 22:13:43,503 Mean IoU score: 0.858
2025-11-06 22:13:43,504 => saving checkpoint to out
2025-11-06 22:13:44,371 Epoch: [16][0/200]	Time 0.855s (0.855s)	Speed 37.4 samples/s	Data 0.612s (0.612s)	Loss 0.00814 (0.00814)
2025-11-06 22:13:46,668 Epoch: [16][10/200]	Time 0.227s (0.287s)	Speed 140.7 samples/s	Data 0.000s (0.056s)	Loss 0.00835 (0.00853)
2025-11-06 22:13:48,972 Epoch: [16][20/200]	Time 0.233s (0.260s)	Speed 137.4 samples/s	Data 0.000s (0.029s)	Loss 0.00944 (0.00892)
2025-11-06 22:13:51,262 Epoch: [16][30/200]	Time 0.228s (0.250s)	Speed 140.4 samples/s	Data 0.000s (0.020s)	Loss 0.00797 (0.00873)
2025-11-06 22:13:53,573 Epoch: [16][40/200]	Time 0.233s (0.245s)	Speed 137.1 samples/s	Data 0.000s (0.015s)	Loss 0.00833 (0.00859)
2025-11-06 22:13:55,866 Epoch: [16][50/200]	Time 0.232s (0.242s)	Speed 137.9 samples/s	Data 0.000s (0.012s)	Loss 0.00985 (0.00851)
2025-11-06 22:13:58,164 Epoch: [16][60/200]	Time 0.232s (0.240s)	Speed 138.1 samples/s	Data 0.000s (0.010s)	Loss 0.00928 (0.00851)
2025-11-06 22:14:00,473 Epoch: [16][70/200]	Time 0.231s (0.239s)	Speed 138.4 samples/s	Data 0.000s (0.009s)	Loss 0.00823 (0.00853)
2025-11-06 22:14:02,785 Epoch: [16][80/200]	Time 0.230s (0.238s)	Speed 139.0 samples/s	Data 0.000s (0.008s)	Loss 0.00610 (0.00845)
2025-11-06 22:14:05,083 Epoch: [16][90/200]	Time 0.230s (0.237s)	Speed 139.2 samples/s	Data 0.000s (0.007s)	Loss 0.00958 (0.00856)
2025-11-06 22:14:07,399 Epoch: [16][100/200]	Time 0.232s (0.236s)	Speed 137.7 samples/s	Data 0.000s (0.006s)	Loss 0.01044 (0.00860)
2025-11-06 22:14:09,717 Epoch: [16][110/200]	Time 0.234s (0.236s)	Speed 136.9 samples/s	Data 0.000s (0.006s)	Loss 0.00866 (0.00858)
2025-11-06 22:14:12,030 Epoch: [16][120/200]	Time 0.228s (0.236s)	Speed 140.3 samples/s	Data 0.000s (0.005s)	Loss 0.01051 (0.00862)
2025-11-06 22:14:14,338 Epoch: [16][130/200]	Time 0.229s (0.235s)	Speed 139.8 samples/s	Data 0.000s (0.005s)	Loss 0.00776 (0.00857)
2025-11-06 22:14:16,669 Epoch: [16][140/200]	Time 0.230s (0.235s)	Speed 139.3 samples/s	Data 0.000s (0.005s)	Loss 0.00917 (0.00856)
2025-11-06 22:14:18,980 Epoch: [16][150/200]	Time 0.228s (0.235s)	Speed 140.2 samples/s	Data 0.000s (0.004s)	Loss 0.00882 (0.00855)
2025-11-06 22:14:21,296 Epoch: [16][160/200]	Time 0.234s (0.235s)	Speed 136.6 samples/s	Data 0.000s (0.004s)	Loss 0.00840 (0.00854)
2025-11-06 22:14:23,607 Epoch: [16][170/200]	Time 0.227s (0.234s)	Speed 140.7 samples/s	Data 0.000s (0.004s)	Loss 0.01074 (0.00857)
2025-11-06 22:14:25,918 Epoch: [16][180/200]	Time 0.233s (0.234s)	Speed 137.3 samples/s	Data 0.000s (0.004s)	Loss 0.00736 (0.00851)
2025-11-06 22:14:28,233 Epoch: [16][190/200]	Time 0.231s (0.234s)	Speed 138.6 samples/s	Data 0.000s (0.004s)	Loss 0.00831 (0.00852)
2025-11-06 22:14:51,105 Test: [0/200]	Time 0.775 (0.775)	Loss 0.0560 (0.0560)
2025-11-06 22:14:51,262 Test: [10/200]	Time 0.014 (0.085)	Loss 0.0093 (0.0517)
2025-11-06 22:14:51,434 Test: [20/200]	Time 0.016 (0.053)	Loss 0.0601 (0.0530)
2025-11-06 22:14:51,603 Test: [30/200]	Time 0.016 (0.041)	Loss 0.0722 (0.0581)
2025-11-06 22:14:51,766 Test: [40/200]	Time 0.012 (0.035)	Loss 0.0436 (0.0603)
2025-11-06 22:14:51,922 Test: [50/200]	Time 0.015 (0.031)	Loss 0.0985 (0.0609)
2025-11-06 22:14:52,086 Test: [60/200]	Time 0.015 (0.029)	Loss 0.0766 (0.0621)
2025-11-06 22:14:52,250 Test: [70/200]	Time 0.016 (0.027)	Loss 0.0420 (0.0624)
2025-11-06 22:14:52,410 Test: [80/200]	Time 0.018 (0.026)	Loss 0.0615 (0.0608)
2025-11-06 22:14:52,579 Test: [90/200]	Time 0.019 (0.025)	Loss 0.0578 (0.0616)
2025-11-06 22:14:52,742 Test: [100/200]	Time 0.015 (0.024)	Loss 0.0861 (0.0610)
2025-11-06 22:14:52,901 Test: [110/200]	Time 0.013 (0.023)	Loss 0.1613 (0.0622)
2025-11-06 22:14:53,064 Test: [120/200]	Time 0.016 (0.023)	Loss 0.0611 (0.0608)
2025-11-06 22:14:53,227 Test: [130/200]	Time 0.015 (0.022)	Loss 0.0508 (0.0609)
2025-11-06 22:14:53,388 Test: [140/200]	Time 0.014 (0.022)	Loss 0.0940 (0.0603)
2025-11-06 22:14:53,543 Test: [150/200]	Time 0.014 (0.021)	Loss 0.0427 (0.0593)
2025-11-06 22:14:53,705 Test: [160/200]	Time 0.015 (0.021)	Loss 0.0708 (0.0594)
2025-11-06 22:14:53,862 Test: [170/200]	Time 0.018 (0.021)	Loss 0.0536 (0.0589)
2025-11-06 22:14:54,029 Test: [180/200]	Time 0.017 (0.020)	Loss 0.0418 (0.0584)
2025-11-06 22:14:54,192 Test: [190/200]	Time 0.016 (0.020)	Loss 0.0258 (0.0581)
2025-11-06 22:14:59,612 Mean IoU score: 0.861
2025-11-06 22:14:59,613 => saving checkpoint to out
2025-11-06 22:15:00,514 Epoch: [17][0/200]	Time 0.891s (0.891s)	Speed 35.9 samples/s	Data 0.646s (0.646s)	Loss 0.00821 (0.00821)
2025-11-06 22:15:02,847 Epoch: [17][10/200]	Time 0.234s (0.293s)	Speed 136.6 samples/s	Data 0.000s (0.059s)	Loss 0.00788 (0.00743)
2025-11-06 22:15:05,150 Epoch: [17][20/200]	Time 0.235s (0.263s)	Speed 136.4 samples/s	Data 0.000s (0.031s)	Loss 0.00819 (0.00768)
2025-11-06 22:15:07,465 Epoch: [17][30/200]	Time 0.228s (0.253s)	Speed 140.3 samples/s	Data 0.000s (0.021s)	Loss 0.00730 (0.00771)
2025-11-06 22:15:09,779 Epoch: [17][40/200]	Time 0.228s (0.248s)	Speed 140.6 samples/s	Data 0.000s (0.016s)	Loss 0.00766 (0.00786)
2025-11-06 22:15:12,094 Epoch: [17][50/200]	Time 0.228s (0.245s)	Speed 140.5 samples/s	Data 0.000s (0.013s)	Loss 0.00891 (0.00791)
2025-11-06 22:15:14,413 Epoch: [17][60/200]	Time 0.233s (0.242s)	Speed 137.2 samples/s	Data 0.000s (0.011s)	Loss 0.00935 (0.00790)
2025-11-06 22:15:16,866 Epoch: [17][70/200]	Time 0.311s (0.243s)	Speed 102.9 samples/s	Data 0.000s (0.009s)	Loss 0.00734 (0.00790)
2025-11-06 22:15:19,193 Epoch: [17][80/200]	Time 0.233s (0.242s)	Speed 137.6 samples/s	Data 0.000s (0.008s)	Loss 0.00952 (0.00788)
2025-11-06 22:15:21,502 Epoch: [17][90/200]	Time 0.233s (0.240s)	Speed 137.3 samples/s	Data 0.000s (0.007s)	Loss 0.00741 (0.00788)
2025-11-06 22:15:23,883 Epoch: [17][100/200]	Time 0.301s (0.240s)	Speed 106.4 samples/s	Data 0.000s (0.007s)	Loss 0.00636 (0.00779)
2025-11-06 22:15:26,349 Epoch: [17][110/200]	Time 0.231s (0.241s)	Speed 138.6 samples/s	Data 0.000s (0.006s)	Loss 0.00568 (0.00783)
2025-11-06 22:15:28,671 Epoch: [17][120/200]	Time 0.232s (0.240s)	Speed 137.7 samples/s	Data 0.000s (0.006s)	Loss 0.00725 (0.00782)
2025-11-06 22:15:31,000 Epoch: [17][130/200]	Time 0.233s (0.240s)	Speed 137.1 samples/s	Data 0.000s (0.005s)	Loss 0.00853 (0.00782)
2025-11-06 22:15:33,320 Epoch: [17][140/200]	Time 0.231s (0.239s)	Speed 138.3 samples/s	Data 0.000s (0.005s)	Loss 0.00694 (0.00779)
2025-11-06 22:15:35,640 Epoch: [17][150/200]	Time 0.231s (0.239s)	Speed 138.5 samples/s	Data 0.000s (0.005s)	Loss 0.00645 (0.00779)
2025-11-06 22:15:37,965 Epoch: [17][160/200]	Time 0.230s (0.238s)	Speed 138.9 samples/s	Data 0.000s (0.004s)	Loss 0.00820 (0.00780)
2025-11-06 22:15:40,284 Epoch: [17][170/200]	Time 0.230s (0.238s)	Speed 139.4 samples/s	Data 0.000s (0.004s)	Loss 0.00795 (0.00784)
2025-11-06 22:15:42,623 Epoch: [17][180/200]	Time 0.233s (0.238s)	Speed 137.5 samples/s	Data 0.000s (0.004s)	Loss 0.00722 (0.00781)
2025-11-06 22:15:44,954 Epoch: [17][190/200]	Time 0.231s (0.237s)	Speed 138.3 samples/s	Data 0.000s (0.004s)	Loss 0.00760 (0.00780)
2025-11-06 22:16:07,838 Test: [0/200]	Time 0.775 (0.775)	Loss 0.0622 (0.0622)
2025-11-06 22:16:07,989 Test: [10/200]	Time 0.012 (0.084)	Loss 0.0092 (0.0543)
2025-11-06 22:16:08,166 Test: [20/200]	Time 0.018 (0.053)	Loss 0.0534 (0.0551)
2025-11-06 22:16:08,329 Test: [30/200]	Time 0.015 (0.041)	Loss 0.0689 (0.0604)
2025-11-06 22:16:08,490 Test: [40/200]	Time 0.015 (0.035)	Loss 0.0401 (0.0621)
2025-11-06 22:16:08,652 Test: [50/200]	Time 0.014 (0.031)	Loss 0.1081 (0.0633)
2025-11-06 22:16:08,811 Test: [60/200]	Time 0.016 (0.029)	Loss 0.0746 (0.0641)
2025-11-06 22:16:08,978 Test: [70/200]	Time 0.018 (0.027)	Loss 0.0504 (0.0638)
2025-11-06 22:16:09,134 Test: [80/200]	Time 0.016 (0.026)	Loss 0.0601 (0.0621)
2025-11-06 22:16:09,293 Test: [90/200]	Time 0.014 (0.025)	Loss 0.0732 (0.0634)
2025-11-06 22:16:09,458 Test: [100/200]	Time 0.016 (0.024)	Loss 0.0868 (0.0627)
2025-11-06 22:16:09,618 Test: [110/200]	Time 0.014 (0.023)	Loss 0.1784 (0.0640)
2025-11-06 22:16:09,777 Test: [120/200]	Time 0.015 (0.022)	Loss 0.0661 (0.0624)
2025-11-06 22:16:09,941 Test: [130/200]	Time 0.016 (0.022)	Loss 0.0522 (0.0625)
2025-11-06 22:16:10,095 Test: [140/200]	Time 0.016 (0.022)	Loss 0.1018 (0.0619)
2025-11-06 22:16:10,255 Test: [150/200]	Time 0.018 (0.021)	Loss 0.0438 (0.0607)
2025-11-06 22:16:10,413 Test: [160/200]	Time 0.017 (0.021)	Loss 0.0715 (0.0607)
2025-11-06 22:16:10,572 Test: [170/200]	Time 0.016 (0.021)	Loss 0.0602 (0.0603)
2025-11-06 22:16:10,730 Test: [180/200]	Time 0.016 (0.020)	Loss 0.0444 (0.0598)
2025-11-06 22:16:10,884 Test: [190/200]	Time 0.016 (0.020)	Loss 0.0236 (0.0596)
2025-11-06 22:16:16,302 Mean IoU score: 0.862
2025-11-06 22:16:16,303 => saving checkpoint to out
2025-11-06 22:16:17,178 Epoch: [18][0/200]	Time 0.864s (0.864s)	Speed 37.0 samples/s	Data 0.609s (0.609s)	Loss 0.00777 (0.00777)
2025-11-06 22:16:19,531 Epoch: [18][10/200]	Time 0.232s (0.292s)	Speed 138.2 samples/s	Data 0.000s (0.056s)	Loss 0.00612 (0.00755)
2025-11-06 22:16:21,857 Epoch: [18][20/200]	Time 0.234s (0.264s)	Speed 136.6 samples/s	Data 0.000s (0.029s)	Loss 0.00939 (0.00765)
2025-11-06 22:16:24,161 Epoch: [18][30/200]	Time 0.229s (0.253s)	Speed 139.7 samples/s	Data 0.000s (0.020s)	Loss 0.00660 (0.00737)
2025-11-06 22:16:26,466 Epoch: [18][40/200]	Time 0.232s (0.248s)	Speed 137.8 samples/s	Data 0.000s (0.015s)	Loss 0.00902 (0.00735)
2025-11-06 22:16:28,783 Epoch: [18][50/200]	Time 0.228s (0.244s)	Speed 140.1 samples/s	Data 0.000s (0.012s)	Loss 0.00687 (0.00727)
2025-11-06 22:16:31,103 Epoch: [18][60/200]	Time 0.233s (0.242s)	Speed 137.5 samples/s	Data 0.000s (0.010s)	Loss 0.00504 (0.00726)
2025-11-06 22:16:33,419 Epoch: [18][70/200]	Time 0.232s (0.241s)	Speed 137.9 samples/s	Data 0.000s (0.009s)	Loss 0.00733 (0.00722)
2025-11-06 22:16:35,734 Epoch: [18][80/200]	Time 0.231s (0.240s)	Speed 138.3 samples/s	Data 0.000s (0.008s)	Loss 0.00723 (0.00716)
2025-11-06 22:16:38,046 Epoch: [18][90/200]	Time 0.235s (0.239s)	Speed 136.0 samples/s	Data 0.000s (0.007s)	Loss 0.00653 (0.00725)
2025-11-06 22:16:40,370 Epoch: [18][100/200]	Time 0.231s (0.238s)	Speed 138.7 samples/s	Data 0.000s (0.006s)	Loss 0.00782 (0.00722)
2025-11-06 22:16:42,700 Epoch: [18][110/200]	Time 0.232s (0.238s)	Speed 138.0 samples/s	Data 0.000s (0.006s)	Loss 0.00856 (0.00724)
2025-11-06 22:16:45,029 Epoch: [18][120/200]	Time 0.235s (0.237s)	Speed 136.0 samples/s	Data 0.000s (0.005s)	Loss 0.00723 (0.00725)
2025-11-06 22:16:47,610 Epoch: [18][130/200]	Time 0.228s (0.239s)	Speed 140.1 samples/s	Data 0.000s (0.005s)	Loss 0.00870 (0.00725)
2025-11-06 22:16:49,914 Epoch: [18][140/200]	Time 0.231s (0.238s)	Speed 138.5 samples/s	Data 0.000s (0.005s)	Loss 0.00634 (0.00727)
2025-11-06 22:16:52,226 Epoch: [18][150/200]	Time 0.232s (0.238s)	Speed 137.6 samples/s	Data 0.000s (0.004s)	Loss 0.00712 (0.00726)
2025-11-06 22:16:54,559 Epoch: [18][160/200]	Time 0.233s (0.238s)	Speed 137.3 samples/s	Data 0.000s (0.004s)	Loss 0.00568 (0.00728)
2025-11-06 22:16:56,904 Epoch: [18][170/200]	Time 0.233s (0.237s)	Speed 137.3 samples/s	Data 0.000s (0.004s)	Loss 0.00746 (0.00725)
2025-11-06 22:16:59,230 Epoch: [18][180/200]	Time 0.231s (0.237s)	Speed 138.5 samples/s	Data 0.000s (0.004s)	Loss 0.00855 (0.00725)
2025-11-06 22:17:01,563 Epoch: [18][190/200]	Time 0.231s (0.237s)	Speed 138.3 samples/s	Data 0.000s (0.004s)	Loss 0.00724 (0.00723)
2025-11-06 22:17:24,441 Test: [0/200]	Time 0.775 (0.775)	Loss 0.0589 (0.0589)
2025-11-06 22:17:24,580 Test: [10/200]	Time 0.012 (0.083)	Loss 0.0097 (0.0516)
2025-11-06 22:17:24,740 Test: [20/200]	Time 0.015 (0.051)	Loss 0.0452 (0.0540)
2025-11-06 22:17:24,893 Test: [30/200]	Time 0.015 (0.040)	Loss 0.0699 (0.0595)
2025-11-06 22:17:25,052 Test: [40/200]	Time 0.014 (0.034)	Loss 0.0488 (0.0619)
2025-11-06 22:17:25,214 Test: [50/200]	Time 0.015 (0.030)	Loss 0.1094 (0.0625)
2025-11-06 22:17:25,376 Test: [60/200]	Time 0.016 (0.028)	Loss 0.0717 (0.0639)
2025-11-06 22:17:25,537 Test: [70/200]	Time 0.017 (0.026)	Loss 0.0504 (0.0638)
2025-11-06 22:17:25,699 Test: [80/200]	Time 0.016 (0.025)	Loss 0.0648 (0.0621)
2025-11-06 22:17:25,862 Test: [90/200]	Time 0.016 (0.024)	Loss 0.0690 (0.0634)
2025-11-06 22:17:26,026 Test: [100/200]	Time 0.017 (0.023)	Loss 0.0867 (0.0629)
2025-11-06 22:17:26,188 Test: [110/200]	Time 0.016 (0.023)	Loss 0.1718 (0.0638)
2025-11-06 22:17:26,352 Test: [120/200]	Time 0.016 (0.022)	Loss 0.0610 (0.0623)
2025-11-06 22:17:26,511 Test: [130/200]	Time 0.017 (0.022)	Loss 0.0491 (0.0624)
2025-11-06 22:17:26,669 Test: [140/200]	Time 0.013 (0.021)	Loss 0.0978 (0.0618)
2025-11-06 22:17:26,831 Test: [150/200]	Time 0.016 (0.021)	Loss 0.0434 (0.0608)
2025-11-06 22:17:26,990 Test: [160/200]	Time 0.017 (0.021)	Loss 0.0705 (0.0608)
2025-11-06 22:17:27,230 Test: [170/200]	Time 0.017 (0.021)	Loss 0.0589 (0.0604)
2025-11-06 22:17:27,391 Test: [180/200]	Time 0.017 (0.021)	Loss 0.0489 (0.0599)
2025-11-06 22:17:27,552 Test: [190/200]	Time 0.017 (0.020)	Loss 0.0251 (0.0598)
2025-11-06 22:17:32,981 Mean IoU score: 0.860
2025-11-06 22:17:32,982 => saving checkpoint to out
2025-11-06 22:17:33,884 Epoch: [19][0/200]	Time 0.890s (0.890s)	Speed 35.9 samples/s	Data 0.645s (0.645s)	Loss 0.00840 (0.00840)
2025-11-06 22:17:36,192 Epoch: [19][10/200]	Time 0.231s (0.291s)	Speed 138.4 samples/s	Data 0.000s (0.059s)	Loss 0.00773 (0.00681)
2025-11-06 22:17:38,508 Epoch: [19][20/200]	Time 0.230s (0.263s)	Speed 139.3 samples/s	Data 0.000s (0.031s)	Loss 0.00691 (0.00655)
2025-11-06 22:17:40,810 Epoch: [19][30/200]	Time 0.231s (0.252s)	Speed 138.7 samples/s	Data 0.000s (0.021s)	Loss 0.00776 (0.00661)
2025-11-06 22:17:43,111 Epoch: [19][40/200]	Time 0.229s (0.247s)	Speed 139.5 samples/s	Data 0.000s (0.016s)	Loss 0.00599 (0.00657)
2025-11-06 22:17:45,416 Epoch: [19][50/200]	Time 0.228s (0.244s)	Speed 140.6 samples/s	Data 0.000s (0.013s)	Loss 0.00713 (0.00659)
2025-11-06 22:17:47,724 Epoch: [19][60/200]	Time 0.231s (0.241s)	Speed 138.4 samples/s	Data 0.000s (0.011s)	Loss 0.00707 (0.00656)
2025-11-06 22:17:50,029 Epoch: [19][70/200]	Time 0.230s (0.240s)	Speed 138.9 samples/s	Data 0.000s (0.009s)	Loss 0.00598 (0.00655)
2025-11-06 22:17:52,342 Epoch: [19][80/200]	Time 0.232s (0.239s)	Speed 138.0 samples/s	Data 0.000s (0.008s)	Loss 0.00726 (0.00660)
2025-11-06 22:17:54,669 Epoch: [19][90/200]	Time 0.236s (0.238s)	Speed 135.4 samples/s	Data 0.000s (0.007s)	Loss 0.00699 (0.00664)
2025-11-06 22:17:56,987 Epoch: [19][100/200]	Time 0.232s (0.238s)	Speed 137.9 samples/s	Data 0.000s (0.007s)	Loss 0.00874 (0.00667)
2025-11-06 22:17:59,320 Epoch: [19][110/200]	Time 0.234s (0.237s)	Speed 136.9 samples/s	Data 0.000s (0.006s)	Loss 0.00660 (0.00667)
2025-11-06 22:18:01,634 Epoch: [19][120/200]	Time 0.231s (0.237s)	Speed 138.6 samples/s	Data 0.000s (0.006s)	Loss 0.00652 (0.00667)
2025-11-06 22:18:03,944 Epoch: [19][130/200]	Time 0.228s (0.236s)	Speed 140.3 samples/s	Data 0.000s (0.005s)	Loss 0.00699 (0.00669)
2025-11-06 22:18:06,279 Epoch: [19][140/200]	Time 0.236s (0.236s)	Speed 135.7 samples/s	Data 0.000s (0.005s)	Loss 0.00583 (0.00675)
2025-11-06 22:18:08,608 Epoch: [19][150/200]	Time 0.231s (0.236s)	Speed 138.7 samples/s	Data 0.000s (0.005s)	Loss 0.00664 (0.00677)
2025-11-06 22:18:10,938 Epoch: [19][160/200]	Time 0.237s (0.236s)	Speed 135.2 samples/s	Data 0.000s (0.004s)	Loss 0.00816 (0.00680)
2025-11-06 22:18:13,272 Epoch: [19][170/200]	Time 0.233s (0.236s)	Speed 137.5 samples/s	Data 0.000s (0.004s)	Loss 0.00611 (0.00678)
2025-11-06 22:18:15,604 Epoch: [19][180/200]	Time 0.235s (0.235s)	Speed 136.2 samples/s	Data 0.000s (0.004s)	Loss 0.00740 (0.00677)
2025-11-06 22:18:17,930 Epoch: [19][190/200]	Time 0.236s (0.235s)	Speed 135.8 samples/s	Data 0.000s (0.004s)	Loss 0.00742 (0.00680)
2025-11-06 22:18:40,830 Test: [0/200]	Time 0.792 (0.792)	Loss 0.0614 (0.0614)
2025-11-06 22:18:40,990 Test: [10/200]	Time 0.014 (0.086)	Loss 0.0115 (0.0547)
2025-11-06 22:18:41,160 Test: [20/200]	Time 0.017 (0.053)	Loss 0.0361 (0.0553)
2025-11-06 22:18:41,320 Test: [30/200]	Time 0.014 (0.041)	Loss 0.0719 (0.0604)
2025-11-06 22:18:41,481 Test: [40/200]	Time 0.016 (0.035)	Loss 0.0414 (0.0625)
2025-11-06 22:18:41,638 Test: [50/200]	Time 0.016 (0.031)	Loss 0.1046 (0.0627)
2025-11-06 22:18:41,796 Test: [60/200]	Time 0.016 (0.029)	Loss 0.0670 (0.0638)
2025-11-06 22:18:41,959 Test: [70/200]	Time 0.015 (0.027)	Loss 0.0433 (0.0638)
2025-11-06 22:18:42,121 Test: [80/200]	Time 0.016 (0.026)	Loss 0.0718 (0.0626)
2025-11-06 22:18:42,287 Test: [90/200]	Time 0.017 (0.025)	Loss 0.0682 (0.0637)
2025-11-06 22:18:42,450 Test: [100/200]	Time 0.017 (0.024)	Loss 0.0794 (0.0633)
2025-11-06 22:18:42,619 Test: [110/200]	Time 0.018 (0.023)	Loss 0.1714 (0.0644)
2025-11-06 22:18:42,778 Test: [120/200]	Time 0.017 (0.023)	Loss 0.0601 (0.0631)
2025-11-06 22:18:42,955 Test: [130/200]	Time 0.018 (0.022)	Loss 0.0492 (0.0632)
2025-11-06 22:18:43,117 Test: [140/200]	Time 0.017 (0.022)	Loss 0.1102 (0.0628)
2025-11-06 22:18:43,283 Test: [150/200]	Time 0.017 (0.021)	Loss 0.0440 (0.0616)
2025-11-06 22:18:43,454 Test: [160/200]	Time 0.018 (0.021)	Loss 0.0748 (0.0617)
2025-11-06 22:18:43,615 Test: [170/200]	Time 0.015 (0.021)	Loss 0.0551 (0.0611)
2025-11-06 22:18:43,785 Test: [180/200]	Time 0.019 (0.021)	Loss 0.0470 (0.0606)
2025-11-06 22:18:43,946 Test: [190/200]	Time 0.014 (0.020)	Loss 0.0250 (0.0603)
2025-11-06 22:18:49,388 Mean IoU score: 0.860
2025-11-06 22:18:49,389 => saving checkpoint to out
2025-11-06 22:18:49,398 saving final model state to out/final_state.pth.tar
